{"C:\\Projet_Laury\\TrackCaloriLog\\TrackCaloriLog_Back\\src\\app.js": {"path":"C:\\Projet_Laury\\TrackCaloriLog\\TrackCaloriLog_Back\\src\\app.js","statementMap":{"0":{"start":{"line":1,"column":16},"end":{"line":1,"column":34}},"1":{"start":{"line":2,"column":17},"end":{"line":2,"column":36}},"2":{"start":{"line":3,"column":19},"end":{"line":3,"column":41}},"3":{"start":{"line":4,"column":13},"end":{"line":4,"column":28}},"4":{"start":{"line":5,"column":13},"end":{"line":5,"column":28}},"5":{"start":{"line":6,"column":0},"end":{"line":6,"column":27}},"6":{"start":{"line":7,"column":12},"end":{"line":7,"column":35}},"7":{"start":{"line":10,"column":19},"end":{"line":10,"column":56}},"8":{"start":{"line":11,"column":22},"end":{"line":11,"column":65}},"9":{"start":{"line":12,"column":26},"end":{"line":12,"column":77}},"10":{"start":{"line":13,"column":20},"end":{"line":13,"column":59}},"11":{"start":{"line":14,"column":19},"end":{"line":14,"column":56}},"12":{"start":{"line":15,"column":18},"end":{"line":15,"column":54}},"13":{"start":{"line":17,"column":12},"end":{"line":17,"column":21}},"14":{"start":{"line":18,"column":13},"end":{"line":18,"column":37}},"15":{"start":{"line":19,"column":15},"end":{"line":19,"column":60}},"16":{"start":{"line":24,"column":16},"end":{"line":41,"column":1}},"17":{"start":{"line":27,"column":18},"end":{"line":27,"column":65}},"18":{"start":{"line":29,"column":4},"end":{"line":29,"column":61}},"19":{"start":{"line":29,"column":16},"end":{"line":29,"column":61}},"20":{"start":{"line":31,"column":4},"end":{"line":40,"column":5}},"21":{"start":{"line":32,"column":24},"end":{"line":32,"column":88}},"22":{"start":{"line":33,"column":8},"end":{"line":37,"column":9}},"23":{"start":{"line":34,"column":12},"end":{"line":34,"column":19}},"24":{"start":{"line":36,"column":12},"end":{"line":36,"column":83}},"25":{"start":{"line":39,"column":8},"end":{"line":39,"column":46}},"26":{"start":{"line":44,"column":0},"end":{"line":44,"column":27}},"27":{"start":{"line":45,"column":0},"end":{"line":45,"column":51}},"28":{"start":{"line":49,"column":0},"end":{"line":52,"column":3}},"29":{"start":{"line":50,"column":4},"end":{"line":50,"column":55}},"30":{"start":{"line":51,"column":4},"end":{"line":51,"column":11}},"31":{"start":{"line":54,"column":0},"end":{"line":54,"column":69}},"32":{"start":{"line":57,"column":0},"end":{"line":57,"column":28}},"33":{"start":{"line":58,"column":0},"end":{"line":58,"column":31}},"34":{"start":{"line":59,"column":0},"end":{"line":59,"column":31}},"35":{"start":{"line":60,"column":0},"end":{"line":60,"column":35}},"36":{"start":{"line":61,"column":0},"end":{"line":61,"column":31}},"37":{"start":{"line":62,"column":0},"end":{"line":62,"column":39}},"38":{"start":{"line":66,"column":0},"end":{"line":70,"column":3}},"39":{"start":{"line":68,"column":4},"end":{"line":68,"column":56}},"40":{"start":{"line":72,"column":0},"end":{"line":75,"column":3}},"41":{"start":{"line":74,"column":4},"end":{"line":74,"column":67}},"42":{"start":{"line":77,"column":0},"end":{"line":79,"column":3}},"43":{"start":{"line":78,"column":4},"end":{"line":78,"column":66}},"44":{"start":{"line":81,"column":0},"end":{"line":83,"column":3}},"45":{"start":{"line":82,"column":4},"end":{"line":82,"column":69}},"46":{"start":{"line":85,"column":0},"end":{"line":87,"column":3}},"47":{"start":{"line":86,"column":4},"end":{"line":86,"column":66}},"48":{"start":{"line":89,"column":0},"end":{"line":91,"column":3}},"49":{"start":{"line":90,"column":4},"end":{"line":90,"column":69}},"50":{"start":{"line":93,"column":0},"end":{"line":93,"column":98}},"51":{"start":{"line":93,"column":75},"end":{"line":93,"column":96}},"52":{"start":{"line":95,"column":0},"end":{"line":95,"column":22}},"53":{"start":{"line":97,"column":0},"end":{"line":97,"column":21}}},"fnMap":{"0":{"name":"(anonymous_0)","decl":{"start":{"line":24,"column":16},"end":{"line":24,"column":17}},"loc":{"start":{"line":24,"column":36},"end":{"line":41,"column":1}},"line":24},"1":{"name":"(anonymous_1)","decl":{"start":{"line":49,"column":8},"end":{"line":49,"column":9}},"loc":{"start":{"line":49,"column":28},"end":{"line":52,"column":1}},"line":49},"2":{"name":"(anonymous_2)","decl":{"start":{"line":66,"column":13},"end":{"line":66,"column":14}},"loc":{"start":{"line":66,"column":27},"end":{"line":70,"column":1}},"line":66},"3":{"name":"(anonymous_3)","decl":{"start":{"line":72,"column":18},"end":{"line":72,"column":19}},"loc":{"start":{"line":72,"column":32},"end":{"line":75,"column":1}},"line":72},"4":{"name":"(anonymous_4)","decl":{"start":{"line":77,"column":33},"end":{"line":77,"column":34}},"loc":{"start":{"line":77,"column":47},"end":{"line":79,"column":1}},"line":77},"5":{"name":"(anonymous_5)","decl":{"start":{"line":81,"column":36},"end":{"line":81,"column":37}},"loc":{"start":{"line":81,"column":50},"end":{"line":83,"column":1}},"line":81},"6":{"name":"(anonymous_6)","decl":{"start":{"line":85,"column":43},"end":{"line":85,"column":44}},"loc":{"start":{"line":85,"column":57},"end":{"line":87,"column":1}},"line":85},"7":{"name":"(anonymous_7)","decl":{"start":{"line":89,"column":42},"end":{"line":89,"column":43}},"loc":{"start":{"line":89,"column":56},"end":{"line":91,"column":1}},"line":89},"8":{"name":"(anonymous_8)","decl":{"start":{"line":93,"column":61},"end":{"line":93,"column":62}},"loc":{"start":{"line":93,"column":75},"end":{"line":93,"column":96}},"line":93}},"branchMap":{"0":{"loc":{"start":{"line":18,"column":13},"end":{"line":18,"column":37}},"type":"binary-expr","locations":[{"start":{"line":18,"column":13},"end":{"line":18,"column":29}},{"start":{"line":18,"column":33},"end":{"line":18,"column":37}}],"line":18},"1":{"loc":{"start":{"line":27,"column":18},"end":{"line":27,"column":65}},"type":"binary-expr","locations":[{"start":{"line":27,"column":18},"end":{"line":27,"column":33}},{"start":{"line":27,"column":37},"end":{"line":27,"column":65}}],"line":27},"2":{"loc":{"start":{"line":29,"column":4},"end":{"line":29,"column":61}},"type":"if","locations":[{"start":{"line":29,"column":4},"end":{"line":29,"column":61}},{"start":{},"end":{}}],"line":29},"3":{"loc":{"start":{"line":33,"column":8},"end":{"line":37,"column":9}},"type":"if","locations":[{"start":{"line":33,"column":8},"end":{"line":37,"column":9}},{"start":{"line":35,"column":15},"end":{"line":37,"column":9}}],"line":33}},"s":{"0":5,"1":5,"2":5,"3":5,"4":5,"5":5,"6":5,"7":5,"8":5,"9":5,"10":5,"11":5,"12":5,"13":5,"14":5,"15":5,"16":5,"17":0,"18":0,"19":0,"20":0,"21":0,"22":0,"23":0,"24":0,"25":0,"26":5,"27":5,"28":5,"29":33,"30":33,"31":5,"32":5,"33":5,"34":5,"35":5,"36":5,"37":5,"38":5,"39":1,"40":5,"41":0,"42":5,"43":1,"44":5,"45":0,"46":5,"47":0,"48":5,"49":0,"50":5,"51":0,"52":5,"53":5},"f":{"0":0,"1":33,"2":1,"3":0,"4":1,"5":0,"6":0,"7":0,"8":0},"b":{"0":[5,0],"1":[0,0],"2":[0,0],"3":[0,0]},"_coverageSchema":"1a1c01bbd47fc00a2c39e90264f33305004495a9","hash":"7b85414f1ac690858562ea33212b0433ebd8fb04"}
,"C:\\Projet_Laury\\TrackCaloriLog\\TrackCaloriLog_Back\\src\\middlewares\\authMiddleware.js": {"path":"C:\\Projet_Laury\\TrackCaloriLog\\TrackCaloriLog_Back\\src\\middlewares\\authMiddleware.js","statementMap":{"0":{"start":{"line":32,"column":12},"end":{"line":32,"column":35}},"1":{"start":{"line":33,"column":13},"end":{"line":33,"column":50}},"2":{"start":{"line":35,"column":23},"end":{"line":71,"column":1}},"3":{"start":{"line":37,"column":8},"end":{"line":56,"column":9}},"4":{"start":{"line":38,"column":31},"end":{"line":38,"column":56}},"5":{"start":{"line":39,"column":12},"end":{"line":41,"column":13}},"6":{"start":{"line":40,"column":16},"end":{"line":40,"column":75}},"7":{"start":{"line":43,"column":26},"end":{"line":43,"column":50}},"8":{"start":{"line":44,"column":28},"end":{"line":44,"column":69}},"9":{"start":{"line":46,"column":25},"end":{"line":46,"column":80}},"10":{"start":{"line":47,"column":12},"end":{"line":49,"column":13}},"11":{"start":{"line":48,"column":16},"end":{"line":48,"column":84}},"12":{"start":{"line":52,"column":12},"end":{"line":52,"column":28}},"13":{"start":{"line":53,"column":12},"end":{"line":53,"column":19}},"14":{"start":{"line":55,"column":12},"end":{"line":55,"column":71}},"15":{"start":{"line":60,"column":8},"end":{"line":64,"column":11}},"16":{"start":{"line":66,"column":8},"end":{"line":68,"column":9}},"17":{"start":{"line":67,"column":12},"end":{"line":67,"column":88}},"18":{"start":{"line":69,"column":8},"end":{"line":69,"column":15}},"19":{"start":{"line":73,"column":0},"end":{"line":73,"column":32}}},"fnMap":{"0":{"name":"(anonymous_0)","decl":{"start":{"line":36,"column":21},"end":{"line":36,"column":22}},"loc":{"start":{"line":36,"column":47},"end":{"line":57,"column":5}},"line":36},"1":{"name":"(anonymous_1)","decl":{"start":{"line":59,"column":13},"end":{"line":59,"column":14}},"loc":{"start":{"line":59,"column":33},"end":{"line":70,"column":5}},"line":59}},"branchMap":{"0":{"loc":{"start":{"line":39,"column":12},"end":{"line":41,"column":13}},"type":"if","locations":[{"start":{"line":39,"column":12},"end":{"line":41,"column":13}},{"start":{},"end":{}}],"line":39},"1":{"loc":{"start":{"line":47,"column":12},"end":{"line":49,"column":13}},"type":"if","locations":[{"start":{"line":47,"column":12},"end":{"line":49,"column":13}},{"start":{},"end":{}}],"line":47},"2":{"loc":{"start":{"line":66,"column":8},"end":{"line":68,"column":9}},"type":"if","locations":[{"start":{"line":66,"column":8},"end":{"line":68,"column":9}},{"start":{},"end":{}}],"line":66},"3":{"loc":{"start":{"line":66,"column":12},"end":{"line":66,"column":50}},"type":"binary-expr","locations":[{"start":{"line":66,"column":12},"end":{"line":66,"column":21}},{"start":{"line":66,"column":25},"end":{"line":66,"column":50}}],"line":66}},"s":{"0":5,"1":5,"2":5,"3":6,"4":6,"5":6,"6":1,"7":5,"8":5,"9":4,"10":4,"11":0,"12":4,"13":4,"14":1,"15":3,"16":3,"17":1,"18":2,"19":5},"f":{"0":6,"1":3},"b":{"0":[1,5],"1":[0,4],"2":[1,2],"3":[3,3]},"_coverageSchema":"1a1c01bbd47fc00a2c39e90264f33305004495a9","hash":"d81b6eb85897b9e0d614d2f3af45408c6e9ce006"}
,"C:\\Projet_Laury\\TrackCaloriLog\\TrackCaloriLog_Back\\src\\modules\\admin\\admin.controller.js": {"path":"C:\\Projet_Laury\\TrackCaloriLog\\TrackCaloriLog_Back\\src\\modules\\admin\\admin.controller.js","statementMap":{"0":{"start":{"line":1,"column":21},"end":{"line":1,"column":47}},"1":{"start":{"line":2,"column":13},"end":{"line":2,"column":42}},"2":{"start":{"line":3,"column":24},"end":{"line":90,"column":1}},"3":{"start":{"line":7,"column":8},"end":{"line":12,"column":9}},"4":{"start":{"line":8,"column":26},"end":{"line":8,"column":58}},"5":{"start":{"line":9,"column":12},"end":{"line":9,"column":28}},"6":{"start":{"line":11,"column":12},"end":{"line":11,"column":97}},"7":{"start":{"line":17,"column":8},"end":{"line":30,"column":9}},"8":{"start":{"line":18,"column":27},"end":{"line":18,"column":37}},"9":{"start":{"line":19,"column":29},"end":{"line":19,"column":37}},"10":{"start":{"line":21,"column":12},"end":{"line":23,"column":13}},"11":{"start":{"line":22,"column":16},"end":{"line":22,"column":74}},"12":{"start":{"line":25,"column":32},"end":{"line":25,"column":75}},"13":{"start":{"line":26,"column":12},"end":{"line":26,"column":34}},"14":{"start":{"line":29,"column":12},"end":{"line":29,"column":95}},"15":{"start":{"line":34,"column":8},"end":{"line":39,"column":9}},"16":{"start":{"line":35,"column":26},"end":{"line":35,"column":55}},"17":{"start":{"line":36,"column":12},"end":{"line":36,"column":28}},"18":{"start":{"line":38,"column":12},"end":{"line":38,"column":97}},"19":{"start":{"line":67,"column":8},"end":{"line":87,"column":9}},"20":{"start":{"line":68,"column":27},"end":{"line":68,"column":40}},"21":{"start":{"line":70,"column":25},"end":{"line":70,"column":52}},"22":{"start":{"line":71,"column":12},"end":{"line":73,"column":13}},"23":{"start":{"line":72,"column":16},"end":{"line":72,"column":83}},"24":{"start":{"line":76,"column":12},"end":{"line":76,"column":43}},"25":{"start":{"line":77,"column":12},"end":{"line":77,"column":30}},"26":{"start":{"line":79,"column":12},"end":{"line":82,"column":15}},"27":{"start":{"line":85,"column":12},"end":{"line":85,"column":74}},"28":{"start":{"line":86,"column":12},"end":{"line":86,"column":71}},"29":{"start":{"line":92,"column":0},"end":{"line":92,"column":33}}},"fnMap":{"0":{"name":"(anonymous_0)","decl":{"start":{"line":6,"column":17},"end":{"line":6,"column":18}},"loc":{"start":{"line":6,"column":37},"end":{"line":13,"column":5}},"line":6},"1":{"name":"(anonymous_1)","decl":{"start":{"line":16,"column":20},"end":{"line":16,"column":21}},"loc":{"start":{"line":16,"column":40},"end":{"line":31,"column":5}},"line":16},"2":{"name":"(anonymous_2)","decl":{"start":{"line":33,"column":14},"end":{"line":33,"column":15}},"loc":{"start":{"line":33,"column":34},"end":{"line":40,"column":5}},"line":33},"3":{"name":"(anonymous_3)","decl":{"start":{"line":66,"column":24},"end":{"line":66,"column":25}},"loc":{"start":{"line":66,"column":44},"end":{"line":88,"column":5}},"line":66}},"branchMap":{"0":{"loc":{"start":{"line":21,"column":12},"end":{"line":23,"column":13}},"type":"if","locations":[{"start":{"line":21,"column":12},"end":{"line":23,"column":13}},{"start":{},"end":{}}],"line":21},"1":{"loc":{"start":{"line":71,"column":12},"end":{"line":73,"column":13}},"type":"if","locations":[{"start":{"line":71,"column":12},"end":{"line":73,"column":13}},{"start":{},"end":{}}],"line":71}},"s":{"0":5,"1":5,"2":5,"3":0,"4":0,"5":0,"6":0,"7":1,"8":1,"9":1,"10":1,"11":1,"12":0,"13":0,"14":0,"15":0,"16":0,"17":0,"18":0,"19":1,"20":1,"21":1,"22":1,"23":0,"24":1,"25":1,"26":1,"27":0,"28":0,"29":5},"f":{"0":0,"1":1,"2":0,"3":1},"b":{"0":[1,0],"1":[0,1]},"_coverageSchema":"1a1c01bbd47fc00a2c39e90264f33305004495a9","hash":"3ee9aca8e050be2295eab6a66b3f6dcde515624f"}
,"C:\\Projet_Laury\\TrackCaloriLog\\TrackCaloriLog_Back\\src\\modules\\admin\\admin.routes.js": {"path":"C:\\Projet_Laury\\TrackCaloriLog\\TrackCaloriLog_Back\\src\\modules\\admin\\admin.routes.js","statementMap":{"0":{"start":{"line":1,"column":16},"end":{"line":1,"column":34}},"1":{"start":{"line":2,"column":15},"end":{"line":2,"column":31}},"2":{"start":{"line":3,"column":24},"end":{"line":3,"column":53}},"3":{"start":{"line":4,"column":30},"end":{"line":4,"column":78}},"4":{"start":{"line":5,"column":23},"end":{"line":5,"column":66}},"5":{"start":{"line":8,"column":0},"end":{"line":9,"column":60}},"6":{"start":{"line":12,"column":0},"end":{"line":16,"column":2}},"7":{"start":{"line":22,"column":0},"end":{"line":22,"column":50}},"8":{"start":{"line":25,"column":0},"end":{"line":25,"column":62}},"9":{"start":{"line":28,"column":0},"end":{"line":28,"column":69}},"10":{"start":{"line":31,"column":0},"end":{"line":31,"column":47}},"11":{"start":{"line":33,"column":0},"end":{"line":33,"column":24}}},"fnMap":{},"branchMap":{},"s":{"0":5,"1":5,"2":5,"3":5,"4":5,"5":5,"6":5,"7":5,"8":5,"9":5,"10":5,"11":5},"f":{},"b":{},"_coverageSchema":"1a1c01bbd47fc00a2c39e90264f33305004495a9","hash":"1865a806ab57ceeb05086b10cb3b63b03231fbea"}
,"C:\\Projet_Laury\\TrackCaloriLog\\TrackCaloriLog_Back\\src\\modules\\admin\\admin.service.js": {"path":"C:\\Projet_Laury\\TrackCaloriLog\\TrackCaloriLog_Back\\src\\modules\\admin\\admin.service.js","statementMap":{"0":{"start":{"line":1,"column":13},"end":{"line":1,"column":42}},"1":{"start":{"line":2,"column":15},"end":{"line":2,"column":32}},"2":{"start":{"line":3,"column":20},"end":{"line":3,"column":63}},"3":{"start":{"line":4,"column":15},"end":{"line":4,"column":32}},"4":{"start":{"line":5,"column":12},"end":{"line":5,"column":35}},"5":{"start":{"line":7,"column":21},"end":{"line":56,"column":1}},"6":{"start":{"line":9,"column":8},"end":{"line":15,"column":9}},"7":{"start":{"line":10,"column":26},"end":{"line":10,"column":115}},"8":{"start":{"line":11,"column":12},"end":{"line":11,"column":25}},"9":{"start":{"line":13,"column":12},"end":{"line":13,"column":87}},"10":{"start":{"line":14,"column":12},"end":{"line":14,"column":24}},"11":{"start":{"line":18,"column":8},"end":{"line":28,"column":9}},"12":{"start":{"line":19,"column":25},"end":{"line":23,"column":13}},"13":{"start":{"line":24,"column":12},"end":{"line":24,"column":24}},"14":{"start":{"line":26,"column":12},"end":{"line":26,"column":72}},"15":{"start":{"line":27,"column":12},"end":{"line":27,"column":24}},"16":{"start":{"line":44,"column":21},"end":{"line":44,"column":48}},"17":{"start":{"line":45,"column":8},"end":{"line":45,"column":39}},"18":{"start":{"line":46,"column":8},"end":{"line":46,"column":26}},"19":{"start":{"line":47,"column":8},"end":{"line":47,"column":20}},"20":{"start":{"line":50,"column":27},"end":{"line":50,"column":54}},"21":{"start":{"line":51,"column":23},"end":{"line":51,"column":67}},"22":{"start":{"line":52,"column":30},"end":{"line":52,"column":73}},"23":{"start":{"line":54,"column":8},"end":{"line":54,"column":53}},"24":{"start":{"line":58,"column":0},"end":{"line":58,"column":30}}},"fnMap":{"0":{"name":"(anonymous_0)","decl":{"start":{"line":8,"column":17},"end":{"line":8,"column":18}},"loc":{"start":{"line":8,"column":29},"end":{"line":16,"column":5}},"line":8},"1":{"name":"(anonymous_1)","decl":{"start":{"line":17,"column":20},"end":{"line":17,"column":21}},"loc":{"start":{"line":17,"column":47},"end":{"line":29,"column":5}},"line":17},"2":{"name":"(anonymous_2)","decl":{"start":{"line":43,"column":24},"end":{"line":43,"column":25}},"loc":{"start":{"line":43,"column":42},"end":{"line":48,"column":5}},"line":43},"3":{"name":"(anonymous_3)","decl":{"start":{"line":49,"column":14},"end":{"line":49,"column":15}},"loc":{"start":{"line":49,"column":26},"end":{"line":55,"column":5}},"line":49}},"branchMap":{},"s":{"0":5,"1":5,"2":5,"3":5,"4":5,"5":5,"6":0,"7":0,"8":0,"9":0,"10":0,"11":0,"12":0,"13":0,"14":0,"15":0,"16":0,"17":0,"18":0,"19":0,"20":0,"21":0,"22":0,"23":0,"24":5},"f":{"0":0,"1":0,"2":0,"3":0},"b":{},"_coverageSchema":"1a1c01bbd47fc00a2c39e90264f33305004495a9","hash":"ef2a0af93299635e400e34e1b2b2ea9777e38ff3"}
,"C:\\Projet_Laury\\TrackCaloriLog\\TrackCaloriLog_Back\\src\\modules\\auth\\auth.controller.js": {"path":"C:\\Projet_Laury\\TrackCaloriLog\\TrackCaloriLog_Back\\src\\modules\\auth\\auth.controller.js","statementMap":{"0":{"start":{"line":1,"column":20},"end":{"line":1,"column":45}},"1":{"start":{"line":2,"column":19},"end":{"line":2,"column":40}},"2":{"start":{"line":5,"column":20},"end":{"line":12,"column":2}},"3":{"start":{"line":15,"column":23},"end":{"line":33,"column":1}},"4":{"start":{"line":16,"column":17},"end":{"line":16,"column":65}},"5":{"start":{"line":17,"column":28},"end":{"line":17,"column":116}},"6":{"start":{"line":19,"column":24},"end":{"line":30,"column":5}},"7":{"start":{"line":32,"column":4},"end":{"line":32,"column":44}},"8":{"start":{"line":35,"column":23},"end":{"line":146,"column":1}},"9":{"start":{"line":37,"column":8},"end":{"line":54,"column":9}},"10":{"start":{"line":38,"column":25},"end":{"line":38,"column":61}},"11":{"start":{"line":39,"column":36},"end":{"line":39,"column":124}},"12":{"start":{"line":41,"column":12},"end":{"line":46,"column":15}},"13":{"start":{"line":48,"column":12},"end":{"line":51,"column":15}},"14":{"start":{"line":53,"column":12},"end":{"line":53,"column":95}},"15":{"start":{"line":58,"column":8},"end":{"line":75,"column":9}},"16":{"start":{"line":59,"column":40},"end":{"line":59,"column":48}},"17":{"start":{"line":60,"column":27},"end":{"line":60,"column":67}},"18":{"start":{"line":61,"column":12},"end":{"line":61,"column":41}},"19":{"start":{"line":64,"column":12},"end":{"line":73,"column":13}},"20":{"start":{"line":65,"column":16},"end":{"line":72,"column":17}},"21":{"start":{"line":66,"column":20},"end":{"line":66,"column":57}},"22":{"start":{"line":67,"column":20},"end":{"line":69,"column":23}},"23":{"start":{"line":71,"column":20},"end":{"line":71,"column":95}},"24":{"start":{"line":74,"column":12},"end":{"line":74,"column":61}},"25":{"start":{"line":79,"column":8},"end":{"line":97,"column":9}},"26":{"start":{"line":80,"column":30},"end":{"line":80,"column":39}},"27":{"start":{"line":81,"column":12},"end":{"line":81,"column":71}},"28":{"start":{"line":81,"column":24},"end":{"line":81,"column":71}},"29":{"start":{"line":83,"column":25},"end":{"line":83,"column":60}},"30":{"start":{"line":84,"column":12},"end":{"line":92,"column":13}},"31":{"start":{"line":86,"column":16},"end":{"line":91,"column":19}},"32":{"start":{"line":94,"column":12},"end":{"line":94,"column":64}},"33":{"start":{"line":96,"column":12},"end":{"line":96,"column":70}},"34":{"start":{"line":101,"column":8},"end":{"line":106,"column":9}},"35":{"start":{"line":102,"column":12},"end":{"line":102,"column":49}},"36":{"start":{"line":103,"column":12},"end":{"line":103,"column":79}},"37":{"start":{"line":105,"column":12},"end":{"line":105,"column":61}},"38":{"start":{"line":109,"column":8},"end":{"line":109,"column":49}},"39":{"start":{"line":113,"column":8},"end":{"line":133,"column":9}},"40":{"start":{"line":114,"column":30},"end":{"line":114,"column":38}},"41":{"start":{"line":115,"column":41},"end":{"line":115,"column":80}},"42":{"start":{"line":117,"column":29},"end":{"line":117,"column":102}},"43":{"start":{"line":119,"column":12},"end":{"line":128,"column":15}},"44":{"start":{"line":130,"column":12},"end":{"line":130,"column":84}},"45":{"start":{"line":132,"column":12},"end":{"line":132,"column":61}},"46":{"start":{"line":138,"column":8},"end":{"line":144,"column":9}},"47":{"start":{"line":139,"column":43},"end":{"line":139,"column":51}},"48":{"start":{"line":140,"column":12},"end":{"line":140,"column":64}},"49":{"start":{"line":141,"column":12},"end":{"line":141,"column":84}},"50":{"start":{"line":143,"column":12},"end":{"line":143,"column":61}},"51":{"start":{"line":148,"column":0},"end":{"line":148,"column":32}}},"fnMap":{"0":{"name":"(anonymous_0)","decl":{"start":{"line":15,"column":23},"end":{"line":15,"column":24}},"loc":{"start":{"line":15,"column":40},"end":{"line":33,"column":1}},"line":15},"1":{"name":"(anonymous_1)","decl":{"start":{"line":36,"column":14},"end":{"line":36,"column":15}},"loc":{"start":{"line":36,"column":34},"end":{"line":55,"column":5}},"line":36},"2":{"name":"(anonymous_2)","decl":{"start":{"line":57,"column":11},"end":{"line":57,"column":12}},"loc":{"start":{"line":57,"column":31},"end":{"line":76,"column":5}},"line":57},"3":{"name":"(anonymous_3)","decl":{"start":{"line":78,"column":17},"end":{"line":78,"column":18}},"loc":{"start":{"line":78,"column":37},"end":{"line":98,"column":5}},"line":78},"4":{"name":"(anonymous_4)","decl":{"start":{"line":100,"column":24},"end":{"line":100,"column":25}},"loc":{"start":{"line":100,"column":44},"end":{"line":107,"column":5}},"line":100},"5":{"name":"(anonymous_5)","decl":{"start":{"line":108,"column":8},"end":{"line":108,"column":9}},"loc":{"start":{"line":108,"column":28},"end":{"line":110,"column":5}},"line":108},"6":{"name":"(anonymous_6)","decl":{"start":{"line":112,"column":26},"end":{"line":112,"column":27}},"loc":{"start":{"line":112,"column":46},"end":{"line":134,"column":5}},"line":112},"7":{"name":"(anonymous_7)","decl":{"start":{"line":137,"column":25},"end":{"line":137,"column":26}},"loc":{"start":{"line":137,"column":45},"end":{"line":145,"column":5}},"line":137}},"branchMap":{"0":{"loc":{"start":{"line":53,"column":44},"end":{"line":53,"column":91}},"type":"binary-expr","locations":[{"start":{"line":53,"column":44},"end":{"line":53,"column":57}},{"start":{"line":53,"column":61},"end":{"line":53,"column":91}}],"line":53},"1":{"loc":{"start":{"line":64,"column":12},"end":{"line":73,"column":13}},"type":"if","locations":[{"start":{"line":64,"column":12},"end":{"line":73,"column":13}},{"start":{},"end":{}}],"line":64},"2":{"loc":{"start":{"line":81,"column":12},"end":{"line":81,"column":71}},"type":"if","locations":[{"start":{"line":81,"column":12},"end":{"line":81,"column":71}},{"start":{},"end":{}}],"line":81},"3":{"loc":{"start":{"line":84,"column":12},"end":{"line":92,"column":13}},"type":"if","locations":[{"start":{"line":84,"column":12},"end":{"line":92,"column":13}},{"start":{},"end":{}}],"line":84}},"s":{"0":5,"1":5,"2":5,"3":5,"4":1,"5":1,"6":1,"7":1,"8":5,"9":6,"10":6,"11":6,"12":6,"13":6,"14":0,"15":10,"16":10,"17":10,"18":1,"19":9,"20":1,"21":1,"22":1,"23":0,"24":8,"25":0,"26":0,"27":0,"28":0,"29":0,"30":0,"31":0,"32":0,"33":0,"34":0,"35":0,"36":0,"37":0,"38":0,"39":1,"40":1,"41":1,"42":1,"43":1,"44":1,"45":0,"46":2,"47":2,"48":2,"49":1,"50":1,"51":5},"f":{"0":1,"1":6,"2":10,"3":0,"4":0,"5":0,"6":1,"7":2},"b":{"0":[0,0],"1":[1,8],"2":[0,0],"3":[0,0]},"_coverageSchema":"1a1c01bbd47fc00a2c39e90264f33305004495a9","hash":"4cbb11ed7ea824ca664e7827d48988d5f6e440b6"}
,"C:\\Projet_Laury\\TrackCaloriLog\\TrackCaloriLog_Back\\src\\modules\\auth\\auth.routes.js": {"path":"C:\\Projet_Laury\\TrackCaloriLog\\TrackCaloriLog_Back\\src\\modules\\auth\\auth.routes.js","statementMap":{"0":{"start":{"line":1,"column":16},"end":{"line":1,"column":34}},"1":{"start":{"line":2,"column":15},"end":{"line":2,"column":31}},"2":{"start":{"line":3,"column":23},"end":{"line":3,"column":51}},"3":{"start":{"line":4,"column":23},"end":{"line":4,"column":66}},"4":{"start":{"line":6,"column":0},"end":{"line":6,"column":61}},"5":{"start":{"line":7,"column":0},"end":{"line":7,"column":52}},"6":{"start":{"line":8,"column":0},"end":{"line":8,"column":69}},"7":{"start":{"line":9,"column":0},"end":{"line":9,"column":56}},"8":{"start":{"line":10,"column":0},"end":{"line":10,"column":69}},"9":{"start":{"line":11,"column":0},"end":{"line":11,"column":67}},"10":{"start":{"line":13,"column":0},"end":{"line":13,"column":24}}},"fnMap":{},"branchMap":{},"s":{"0":5,"1":5,"2":5,"3":5,"4":5,"5":5,"6":5,"7":5,"8":5,"9":5,"10":5},"f":{},"b":{},"_coverageSchema":"1a1c01bbd47fc00a2c39e90264f33305004495a9","hash":"ec68ac9ae3e210e9e64f97d174765f3a228bf638"}
,"C:\\Projet_Laury\\TrackCaloriLog\\TrackCaloriLog_Back\\src\\modules\\auth\\auth.service.js": {"path":"C:\\Projet_Laury\\TrackCaloriLog\\TrackCaloriLog_Back\\src\\modules\\auth\\auth.service.js","statementMap":{"0":{"start":{"line":1,"column":20},"end":{"line":1,"column":51}},"1":{"start":{"line":2,"column":13},"end":{"line":2,"column":42}},"2":{"start":{"line":3,"column":15},"end":{"line":3,"column":32}},"3":{"start":{"line":4,"column":15},"end":{"line":4,"column":32}},"4":{"start":{"line":5,"column":12},"end":{"line":5,"column":35}},"5":{"start":{"line":7,"column":20},"end":{"line":137,"column":1}},"6":{"start":{"line":9,"column":8},"end":{"line":9,"column":44}},"7":{"start":{"line":12,"column":8},"end":{"line":70,"column":9}},"8":{"start":{"line":14,"column":25},"end":{"line":14,"column":61}},"9":{"start":{"line":16,"column":12},"end":{"line":18,"column":13}},"10":{"start":{"line":17,"column":16},"end":{"line":17,"column":59}},"11":{"start":{"line":21,"column":12},"end":{"line":23,"column":13}},"12":{"start":{"line":22,"column":16},"end":{"line":22,"column":71}},"13":{"start":{"line":26,"column":12},"end":{"line":28,"column":13}},"14":{"start":{"line":27,"column":16},"end":{"line":27,"column":97}},"15":{"start":{"line":30,"column":12},"end":{"line":32,"column":13}},"16":{"start":{"line":31,"column":16},"end":{"line":31,"column":86}},"17":{"start":{"line":35,"column":28},"end":{"line":35,"column":73}},"18":{"start":{"line":37,"column":12},"end":{"line":49,"column":13}},"19":{"start":{"line":39,"column":16},"end":{"line":39,"column":40}},"20":{"start":{"line":41,"column":16},"end":{"line":45,"column":17}},"21":{"start":{"line":42,"column":20},"end":{"line":42,"column":69}},"22":{"start":{"line":43,"column":20},"end":{"line":43,"column":38}},"23":{"start":{"line":44,"column":20},"end":{"line":44,"column":82}},"24":{"start":{"line":47,"column":16},"end":{"line":47,"column":34}},"25":{"start":{"line":48,"column":16},"end":{"line":48,"column":59}},"26":{"start":{"line":52,"column":12},"end":{"line":52,"column":35}},"27":{"start":{"line":53,"column":12},"end":{"line":53,"column":39}},"28":{"start":{"line":54,"column":12},"end":{"line":54,"column":40}},"29":{"start":{"line":55,"column":12},"end":{"line":55,"column":30}},"30":{"start":{"line":57,"column":26},"end":{"line":61,"column":13}},"31":{"start":{"line":63,"column":12},"end":{"line":66,"column":14}},"32":{"start":{"line":69,"column":12},"end":{"line":69,"column":24}},"33":{"start":{"line":74,"column":21},"end":{"line":75,"column":60}},"34":{"start":{"line":77,"column":8},"end":{"line":77,"column":31}},"35":{"start":{"line":77,"column":19},"end":{"line":77,"column":31}},"36":{"start":{"line":80,"column":8},"end":{"line":80,"column":36}},"37":{"start":{"line":81,"column":8},"end":{"line":81,"column":48}},"38":{"start":{"line":82,"column":8},"end":{"line":82,"column":50}},"39":{"start":{"line":84,"column":8},"end":{"line":84,"column":26}},"40":{"start":{"line":85,"column":8},"end":{"line":85,"column":20}},"41":{"start":{"line":88,"column":21},"end":{"line":88,"column":50}},"42":{"start":{"line":90,"column":8},"end":{"line":90,"column":79}},"43":{"start":{"line":90,"column":19},"end":{"line":90,"column":79}},"44":{"start":{"line":91,"column":8},"end":{"line":91,"column":81}},"45":{"start":{"line":91,"column":34},"end":{"line":91,"column":81}},"46":{"start":{"line":94,"column":25},"end":{"line":94,"column":63}},"47":{"start":{"line":97,"column":8},"end":{"line":97,"column":47}},"48":{"start":{"line":99,"column":8},"end":{"line":99,"column":73}},"49":{"start":{"line":100,"column":8},"end":{"line":100,"column":26}},"50":{"start":{"line":102,"column":8},"end":{"line":102,"column":20}},"51":{"start":{"line":106,"column":21},"end":{"line":106,"column":50}},"52":{"start":{"line":107,"column":8},"end":{"line":107,"column":72}},"53":{"start":{"line":107,"column":19},"end":{"line":107,"column":72}},"54":{"start":{"line":110,"column":27},"end":{"line":110,"column":65}},"55":{"start":{"line":113,"column":8},"end":{"line":113,"column":45}},"56":{"start":{"line":114,"column":8},"end":{"line":114,"column":57}},"57":{"start":{"line":116,"column":8},"end":{"line":116,"column":26}},"58":{"start":{"line":117,"column":8},"end":{"line":117,"column":36}},"59":{"start":{"line":122,"column":21},"end":{"line":125,"column":10}},"60":{"start":{"line":127,"column":8},"end":{"line":127,"column":72}},"61":{"start":{"line":127,"column":19},"end":{"line":127,"column":72}},"62":{"start":{"line":130,"column":8},"end":{"line":130,"column":59}},"63":{"start":{"line":131,"column":8},"end":{"line":131,"column":44}},"64":{"start":{"line":132,"column":8},"end":{"line":132,"column":46}},"65":{"start":{"line":134,"column":8},"end":{"line":134,"column":26}},"66":{"start":{"line":135,"column":8},"end":{"line":135,"column":20}},"67":{"start":{"line":139,"column":0},"end":{"line":139,"column":29}}},"fnMap":{"0":{"name":"(anonymous_0)","decl":{"start":{"line":8,"column":14},"end":{"line":8,"column":15}},"loc":{"start":{"line":8,"column":30},"end":{"line":10,"column":5}},"line":8},"1":{"name":"(anonymous_1)","decl":{"start":{"line":11,"column":11},"end":{"line":11,"column":12}},"loc":{"start":{"line":11,"column":38},"end":{"line":71,"column":5}},"line":11},"2":{"name":"(anonymous_2)","decl":{"start":{"line":72,"column":16},"end":{"line":72,"column":17}},"loc":{"start":{"line":72,"column":33},"end":{"line":86,"column":5}},"line":72},"3":{"name":"(anonymous_3)","decl":{"start":{"line":87,"column":29},"end":{"line":87,"column":30}},"loc":{"start":{"line":87,"column":46},"end":{"line":103,"column":5}},"line":87},"4":{"name":"(anonymous_4)","decl":{"start":{"line":105,"column":20},"end":{"line":105,"column":21}},"loc":{"start":{"line":105,"column":37},"end":{"line":118,"column":5}},"line":105},"5":{"name":"(anonymous_5)","decl":{"start":{"line":120,"column":19},"end":{"line":120,"column":20}},"loc":{"start":{"line":120,"column":49},"end":{"line":136,"column":5}},"line":120}},"branchMap":{"0":{"loc":{"start":{"line":16,"column":12},"end":{"line":18,"column":13}},"type":"if","locations":[{"start":{"line":16,"column":12},"end":{"line":18,"column":13}},{"start":{},"end":{}}],"line":16},"1":{"loc":{"start":{"line":21,"column":12},"end":{"line":23,"column":13}},"type":"if","locations":[{"start":{"line":21,"column":12},"end":{"line":23,"column":13}},{"start":{},"end":{}}],"line":21},"2":{"loc":{"start":{"line":21,"column":16},"end":{"line":21,"column":61}},"type":"binary-expr","locations":[{"start":{"line":21,"column":16},"end":{"line":21,"column":30}},{"start":{"line":21,"column":34},"end":{"line":21,"column":61}}],"line":21},"3":{"loc":{"start":{"line":26,"column":12},"end":{"line":28,"column":13}},"type":"if","locations":[{"start":{"line":26,"column":12},"end":{"line":28,"column":13}},{"start":{},"end":{}}],"line":26},"4":{"loc":{"start":{"line":30,"column":12},"end":{"line":32,"column":13}},"type":"if","locations":[{"start":{"line":30,"column":12},"end":{"line":32,"column":13}},{"start":{},"end":{}}],"line":30},"5":{"loc":{"start":{"line":37,"column":12},"end":{"line":49,"column":13}},"type":"if","locations":[{"start":{"line":37,"column":12},"end":{"line":49,"column":13}},{"start":{},"end":{}}],"line":37},"6":{"loc":{"start":{"line":41,"column":16},"end":{"line":45,"column":17}},"type":"if","locations":[{"start":{"line":41,"column":16},"end":{"line":45,"column":17}},{"start":{},"end":{}}],"line":41},"7":{"loc":{"start":{"line":77,"column":8},"end":{"line":77,"column":31}},"type":"if","locations":[{"start":{"line":77,"column":8},"end":{"line":77,"column":31}},{"start":{},"end":{}}],"line":77},"8":{"loc":{"start":{"line":90,"column":8},"end":{"line":90,"column":79}},"type":"if","locations":[{"start":{"line":90,"column":8},"end":{"line":90,"column":79}},{"start":{},"end":{}}],"line":90},"9":{"loc":{"start":{"line":91,"column":8},"end":{"line":91,"column":81}},"type":"if","locations":[{"start":{"line":91,"column":8},"end":{"line":91,"column":81}},{"start":{},"end":{}}],"line":91},"10":{"loc":{"start":{"line":107,"column":8},"end":{"line":107,"column":72}},"type":"if","locations":[{"start":{"line":107,"column":8},"end":{"line":107,"column":72}},{"start":{},"end":{}}],"line":107},"11":{"loc":{"start":{"line":127,"column":8},"end":{"line":127,"column":72}},"type":"if","locations":[{"start":{"line":127,"column":8},"end":{"line":127,"column":72}},{"start":{},"end":{}}],"line":127}},"s":{"0":5,"1":5,"2":5,"3":5,"4":5,"5":5,"6":6,"7":10,"8":10,"9":10,"10":1,"11":9,"12":1,"13":8,"14":1,"15":7,"16":0,"17":7,"18":7,"19":6,"20":6,"21":1,"22":1,"23":1,"24":5,"25":5,"26":1,"27":1,"28":1,"29":1,"30":1,"31":1,"32":9,"33":0,"34":0,"35":0,"36":0,"37":0,"38":0,"39":0,"40":0,"41":1,"42":1,"43":0,"44":1,"45":0,"46":1,"47":1,"48":1,"49":1,"50":1,"51":1,"52":1,"53":0,"54":1,"55":1,"56":1,"57":1,"58":1,"59":2,"60":2,"61":1,"62":1,"63":1,"64":1,"65":1,"66":1,"67":5},"f":{"0":6,"1":10,"2":0,"3":1,"4":1,"5":2},"b":{"0":[1,9],"1":[1,8],"2":[9,1],"3":[1,7],"4":[0,7],"5":[6,1],"6":[1,5],"7":[0,0],"8":[0,1],"9":[0,1],"10":[0,1],"11":[1,1]},"_coverageSchema":"1a1c01bbd47fc00a2c39e90264f33305004495a9","hash":"e66faaa76be45384fa6dc5e13d40246e75421702"}
,"C:\\Projet_Laury\\TrackCaloriLog\\TrackCaloriLog_Back\\src\\modules\\deleteduser\\deleteduser.controller.js": {"path":"C:\\Projet_Laury\\TrackCaloriLog\\TrackCaloriLog_Back\\src\\modules\\deleteduser\\deleteduser.controller.js","statementMap":{"0":{"start":{"line":1,"column":27},"end":{"line":1,"column":59}},"1":{"start":{"line":3,"column":30},"end":{"line":60,"column":1}},"2":{"start":{"line":7,"column":8},"end":{"line":12,"column":9}},"3":{"start":{"line":8,"column":33},"end":{"line":8,"column":78}},"4":{"start":{"line":9,"column":12},"end":{"line":9,"column":47}},"5":{"start":{"line":11,"column":12},"end":{"line":11,"column":73}},"6":{"start":{"line":17,"column":8},"end":{"line":23,"column":9}},"7":{"start":{"line":18,"column":25},"end":{"line":18,"column":83}},"8":{"start":{"line":19,"column":12},"end":{"line":19,"column":90}},"9":{"start":{"line":19,"column":23},"end":{"line":19,"column":90}},"10":{"start":{"line":20,"column":12},"end":{"line":20,"column":39}},"11":{"start":{"line":22,"column":12},"end":{"line":22,"column":78}},"12":{"start":{"line":28,"column":8},"end":{"line":34,"column":9}},"13":{"start":{"line":29,"column":28},"end":{"line":29,"column":85}},"14":{"start":{"line":30,"column":12},"end":{"line":30,"column":93}},"15":{"start":{"line":30,"column":26},"end":{"line":30,"column":93}},"16":{"start":{"line":31,"column":12},"end":{"line":31,"column":85}},"17":{"start":{"line":33,"column":12},"end":{"line":33,"column":88}},"18":{"start":{"line":39,"column":8},"end":{"line":45,"column":9}},"19":{"start":{"line":40,"column":33},"end":{"line":40,"column":91}},"20":{"start":{"line":41,"column":12},"end":{"line":41,"column":98}},"21":{"start":{"line":41,"column":31},"end":{"line":41,"column":98}},"22":{"start":{"line":42,"column":12},"end":{"line":42,"column":90}},"23":{"start":{"line":44,"column":12},"end":{"line":44,"column":78}},"24":{"start":{"line":48,"column":8},"end":{"line":58,"column":9}},"25":{"start":{"line":49,"column":32},"end":{"line":49,"column":90}},"26":{"start":{"line":51,"column":12},"end":{"line":53,"column":13}},"27":{"start":{"line":52,"column":16},"end":{"line":52,"column":83}},"28":{"start":{"line":55,"column":12},"end":{"line":55,"column":34}},"29":{"start":{"line":57,"column":12},"end":{"line":57,"column":87}},"30":{"start":{"line":62,"column":0},"end":{"line":62,"column":39}}},"fnMap":{"0":{"name":"(anonymous_0)","decl":{"start":{"line":6,"column":24},"end":{"line":6,"column":25}},"loc":{"start":{"line":6,"column":44},"end":{"line":13,"column":5}},"line":6},"1":{"name":"(anonymous_1)","decl":{"start":{"line":16,"column":24},"end":{"line":16,"column":25}},"loc":{"start":{"line":16,"column":44},"end":{"line":24,"column":5}},"line":16},"2":{"name":"(anonymous_2)","decl":{"start":{"line":27,"column":23},"end":{"line":27,"column":24}},"loc":{"start":{"line":27,"column":43},"end":{"line":35,"column":5}},"line":27},"3":{"name":"(anonymous_3)","decl":{"start":{"line":38,"column":24},"end":{"line":38,"column":25}},"loc":{"start":{"line":38,"column":44},"end":{"line":46,"column":5}},"line":38},"4":{"name":"(anonymous_4)","decl":{"start":{"line":47,"column":14},"end":{"line":47,"column":15}},"loc":{"start":{"line":47,"column":34},"end":{"line":59,"column":5}},"line":47}},"branchMap":{"0":{"loc":{"start":{"line":19,"column":12},"end":{"line":19,"column":90}},"type":"if","locations":[{"start":{"line":19,"column":12},"end":{"line":19,"column":90}},{"start":{},"end":{}}],"line":19},"1":{"loc":{"start":{"line":30,"column":12},"end":{"line":30,"column":93}},"type":"if","locations":[{"start":{"line":30,"column":12},"end":{"line":30,"column":93}},{"start":{},"end":{}}],"line":30},"2":{"loc":{"start":{"line":41,"column":12},"end":{"line":41,"column":98}},"type":"if","locations":[{"start":{"line":41,"column":12},"end":{"line":41,"column":98}},{"start":{},"end":{}}],"line":41},"3":{"loc":{"start":{"line":51,"column":12},"end":{"line":53,"column":13}},"type":"if","locations":[{"start":{"line":51,"column":12},"end":{"line":53,"column":13}},{"start":{},"end":{}}],"line":51}},"s":{"0":5,"1":5,"2":0,"3":0,"4":0,"5":0,"6":0,"7":0,"8":0,"9":0,"10":0,"11":0,"12":0,"13":0,"14":0,"15":0,"16":0,"17":0,"18":0,"19":0,"20":0,"21":0,"22":0,"23":0,"24":0,"25":0,"26":0,"27":0,"28":0,"29":0,"30":5},"f":{"0":0,"1":0,"2":0,"3":0,"4":0},"b":{"0":[0,0],"1":[0,0],"2":[0,0],"3":[0,0]},"_coverageSchema":"1a1c01bbd47fc00a2c39e90264f33305004495a9","hash":"69b101710d2590b5887a3f3126399ec2c48be711"}
,"C:\\Projet_Laury\\TrackCaloriLog\\TrackCaloriLog_Back\\src\\modules\\deleteduser\\deleteduser.model.js": {"path":"C:\\Projet_Laury\\TrackCaloriLog\\TrackCaloriLog_Back\\src\\modules\\deleteduser\\deleteduser.model.js","statementMap":{"0":{"start":{"line":1,"column":17},"end":{"line":1,"column":36}},"1":{"start":{"line":3,"column":26},"end":{"line":19,"column":24}},"2":{"start":{"line":21,"column":20},"end":{"line":21,"column":68}},"3":{"start":{"line":22,"column":0},"end":{"line":22,"column":29}}},"fnMap":{},"branchMap":{},"s":{"0":5,"1":5,"2":5,"3":5},"f":{},"b":{},"_coverageSchema":"1a1c01bbd47fc00a2c39e90264f33305004495a9","hash":"0517be40f7bdd9d28d3fc895e350bfe2a6ec60ea"}
,"C:\\Projet_Laury\\TrackCaloriLog\\TrackCaloriLog_Back\\src\\modules\\deleteduser\\deleteduser.routes.js": {"path":"C:\\Projet_Laury\\TrackCaloriLog\\TrackCaloriLog_Back\\src\\modules\\deleteduser\\deleteduser.routes.js","statementMap":{"0":{"start":{"line":1,"column":16},"end":{"line":1,"column":34}},"1":{"start":{"line":2,"column":15},"end":{"line":2,"column":31}},"2":{"start":{"line":3,"column":30},"end":{"line":3,"column":65}},"3":{"start":{"line":5,"column":0},"end":{"line":5,"column":70}},"4":{"start":{"line":6,"column":0},"end":{"line":6,"column":74}},"5":{"start":{"line":7,"column":0},"end":{"line":7,"column":76}},"6":{"start":{"line":8,"column":0},"end":{"line":8,"column":83}},"7":{"start":{"line":9,"column":0},"end":{"line":9,"column":64}},"8":{"start":{"line":12,"column":0},"end":{"line":12,"column":24}}},"fnMap":{},"branchMap":{},"s":{"0":5,"1":5,"2":5,"3":5,"4":5,"5":5,"6":5,"7":5,"8":5},"f":{},"b":{},"_coverageSchema":"1a1c01bbd47fc00a2c39e90264f33305004495a9","hash":"bab652a62dfcad16a4c9af09b03a9713a844c2a6"}
,"C:\\Projet_Laury\\TrackCaloriLog\\TrackCaloriLog_Back\\src\\modules\\deleteduser\\deleteduser.service.js": {"path":"C:\\Projet_Laury\\TrackCaloriLog\\TrackCaloriLog_Back\\src\\modules\\deleteduser\\deleteduser.service.js","statementMap":{"0":{"start":{"line":1,"column":20},"end":{"line":1,"column":50}},"1":{"start":{"line":2,"column":13},"end":{"line":2,"column":42}},"2":{"start":{"line":4,"column":27},"end":{"line":65,"column":1}},"3":{"start":{"line":6,"column":8},"end":{"line":24,"column":9}},"4":{"start":{"line":8,"column":32},"end":{"line":8,"column":73}},"5":{"start":{"line":9,"column":12},"end":{"line":11,"column":13}},"6":{"start":{"line":10,"column":16},"end":{"line":10,"column":79}},"7":{"start":{"line":14,"column":33},"end":{"line":14,"column":65}},"8":{"start":{"line":15,"column":12},"end":{"line":15,"column":38}},"9":{"start":{"line":18,"column":12},"end":{"line":18,"column":63}},"10":{"start":{"line":20,"column":12},"end":{"line":20,"column":32}},"11":{"start":{"line":22,"column":12},"end":{"line":22,"column":69}},"12":{"start":{"line":23,"column":12},"end":{"line":23,"column":24}},"13":{"start":{"line":27,"column":8},"end":{"line":33,"column":9}},"14":{"start":{"line":28,"column":32},"end":{"line":28,"column":74}},"15":{"start":{"line":29,"column":12},"end":{"line":29,"column":31}},"16":{"start":{"line":31,"column":12},"end":{"line":31,"column":68}},"17":{"start":{"line":32,"column":12},"end":{"line":32,"column":24}},"18":{"start":{"line":36,"column":8},"end":{"line":42,"column":9}},"19":{"start":{"line":37,"column":33},"end":{"line":37,"column":77}},"20":{"start":{"line":38,"column":12},"end":{"line":38,"column":32}},"21":{"start":{"line":40,"column":12},"end":{"line":40,"column":94}},"22":{"start":{"line":41,"column":12},"end":{"line":41,"column":24}},"23":{"start":{"line":45,"column":8},"end":{"line":50,"column":9}},"24":{"start":{"line":46,"column":12},"end":{"line":46,"column":50}},"25":{"start":{"line":48,"column":12},"end":{"line":48,"column":72}},"26":{"start":{"line":49,"column":12},"end":{"line":49,"column":24}},"27":{"start":{"line":53,"column":8},"end":{"line":63,"column":9}},"28":{"start":{"line":54,"column":32},"end":{"line":58,"column":13}},"29":{"start":{"line":59,"column":12},"end":{"line":59,"column":31}},"30":{"start":{"line":61,"column":12},"end":{"line":61,"column":69}},"31":{"start":{"line":62,"column":12},"end":{"line":62,"column":24}},"32":{"start":{"line":68,"column":0},"end":{"line":68,"column":36}}},"fnMap":{"0":{"name":"(anonymous_0)","decl":{"start":{"line":5,"column":24},"end":{"line":5,"column":25}},"loc":{"start":{"line":5,"column":49},"end":{"line":25,"column":5}},"line":5},"1":{"name":"(anonymous_1)","decl":{"start":{"line":26,"column":23},"end":{"line":26,"column":24}},"loc":{"start":{"line":26,"column":41},"end":{"line":34,"column":5}},"line":26},"2":{"name":"(anonymous_2)","decl":{"start":{"line":35,"column":24},"end":{"line":35,"column":25}},"loc":{"start":{"line":35,"column":36},"end":{"line":43,"column":5}},"line":35},"3":{"name":"(anonymous_3)","decl":{"start":{"line":44,"column":24},"end":{"line":44,"column":25}},"loc":{"start":{"line":44,"column":38},"end":{"line":51,"column":5}},"line":44},"4":{"name":"(anonymous_4)","decl":{"start":{"line":52,"column":14},"end":{"line":52,"column":15}},"loc":{"start":{"line":52,"column":42},"end":{"line":64,"column":5}},"line":52}},"branchMap":{"0":{"loc":{"start":{"line":9,"column":12},"end":{"line":11,"column":13}},"type":"if","locations":[{"start":{"line":9,"column":12},"end":{"line":11,"column":13}},{"start":{},"end":{}}],"line":9}},"s":{"0":5,"1":5,"2":5,"3":0,"4":0,"5":0,"6":0,"7":0,"8":0,"9":0,"10":0,"11":0,"12":0,"13":0,"14":0,"15":0,"16":0,"17":0,"18":0,"19":0,"20":0,"21":0,"22":0,"23":0,"24":0,"25":0,"26":0,"27":0,"28":0,"29":0,"30":0,"31":0,"32":5},"f":{"0":0,"1":0,"2":0,"3":0,"4":0},"b":{"0":[0,0]},"_coverageSchema":"1a1c01bbd47fc00a2c39e90264f33305004495a9","hash":"16035d3bc7309f509d06d6516681da1a6a75a63b"}
,"C:\\Projet_Laury\\TrackCaloriLog\\TrackCaloriLog_Back\\src\\modules\\user\\user.controller.js": {"path":"C:\\Projet_Laury\\TrackCaloriLog\\TrackCaloriLog_Back\\src\\modules\\user\\user.controller.js","statementMap":{"0":{"start":{"line":1,"column":20},"end":{"line":1,"column":45}},"1":{"start":{"line":3,"column":23},"end":{"line":87,"column":1}},"2":{"start":{"line":5,"column":8},"end":{"line":19,"column":9}},"3":{"start":{"line":6,"column":29},"end":{"line":6,"column":37}},"4":{"start":{"line":8,"column":35},"end":{"line":8,"column":73}},"5":{"start":{"line":9,"column":12},"end":{"line":13,"column":15}},"6":{"start":{"line":15,"column":12},"end":{"line":15,"column":41}},"7":{"start":{"line":16,"column":12},"end":{"line":18,"column":15}},"8":{"start":{"line":22,"column":8},"end":{"line":28,"column":9}},"9":{"start":{"line":23,"column":26},"end":{"line":23,"column":57}},"10":{"start":{"line":24,"column":12},"end":{"line":24,"column":40}},"11":{"start":{"line":26,"column":12},"end":{"line":26,"column":33}},"12":{"start":{"line":27,"column":12},"end":{"line":27,"column":114}},"13":{"start":{"line":31,"column":8},"end":{"line":41,"column":9}},"14":{"start":{"line":32,"column":32},"end":{"line":32,"column":83}},"15":{"start":{"line":34,"column":12},"end":{"line":36,"column":13}},"16":{"start":{"line":35,"column":16},"end":{"line":35,"column":83}},"17":{"start":{"line":38,"column":12},"end":{"line":38,"column":34}},"18":{"start":{"line":40,"column":12},"end":{"line":40,"column":87}},"19":{"start":{"line":44,"column":8},"end":{"line":54,"column":9}},"20":{"start":{"line":45,"column":28},"end":{"line":45,"column":71}},"21":{"start":{"line":47,"column":8},"end":{"line":49,"column":9}},"22":{"start":{"line":48,"column":12},"end":{"line":48,"column":79}},"23":{"start":{"line":51,"column":8},"end":{"line":51,"column":79}},"24":{"start":{"line":53,"column":12},"end":{"line":53,"column":86}},"25":{"start":{"line":57,"column":8},"end":{"line":85,"column":9}},"26":{"start":{"line":58,"column":33},"end":{"line":58,"column":41}},"27":{"start":{"line":60,"column":12},"end":{"line":64,"column":13}},"28":{"start":{"line":61,"column":16},"end":{"line":63,"column":19}},"29":{"start":{"line":66,"column":25},"end":{"line":69,"column":13}},"30":{"start":{"line":71,"column":12},"end":{"line":75,"column":13}},"31":{"start":{"line":72,"column":16},"end":{"line":74,"column":19}},"32":{"start":{"line":77,"column":12},"end":{"line":80,"column":15}},"33":{"start":{"line":82,"column":12},"end":{"line":84,"column":15}},"34":{"start":{"line":89,"column":0},"end":{"line":89,"column":32}}},"fnMap":{"0":{"name":"(anonymous_0)","decl":{"start":{"line":4,"column":24},"end":{"line":4,"column":25}},"loc":{"start":{"line":4,"column":44},"end":{"line":20,"column":5}},"line":4},"1":{"name":"(anonymous_1)","decl":{"start":{"line":21,"column":20},"end":{"line":21,"column":21}},"loc":{"start":{"line":21,"column":40},"end":{"line":29,"column":5}},"line":21},"2":{"name":"(anonymous_2)","decl":{"start":{"line":30,"column":14},"end":{"line":30,"column":15}},"loc":{"start":{"line":30,"column":34},"end":{"line":42,"column":5}},"line":30},"3":{"name":"(anonymous_3)","decl":{"start":{"line":43,"column":17},"end":{"line":43,"column":18}},"loc":{"start":{"line":43,"column":37},"end":{"line":55,"column":5}},"line":43},"4":{"name":"(anonymous_4)","decl":{"start":{"line":56,"column":22},"end":{"line":56,"column":23}},"loc":{"start":{"line":56,"column":42},"end":{"line":86,"column":5}},"line":56}},"branchMap":{"0":{"loc":{"start":{"line":17,"column":25},"end":{"line":17,"column":88}},"type":"binary-expr","locations":[{"start":{"line":17,"column":25},"end":{"line":17,"column":38}},{"start":{"line":17,"column":42},"end":{"line":17,"column":88}}],"line":17},"1":{"loc":{"start":{"line":34,"column":12},"end":{"line":36,"column":13}},"type":"if","locations":[{"start":{"line":34,"column":12},"end":{"line":36,"column":13}},{"start":{},"end":{}}],"line":34},"2":{"loc":{"start":{"line":47,"column":8},"end":{"line":49,"column":9}},"type":"if","locations":[{"start":{"line":47,"column":8},"end":{"line":49,"column":9}},{"start":{},"end":{}}],"line":47},"3":{"loc":{"start":{"line":60,"column":12},"end":{"line":64,"column":13}},"type":"if","locations":[{"start":{"line":60,"column":12},"end":{"line":64,"column":13}},{"start":{},"end":{}}],"line":60},"4":{"loc":{"start":{"line":71,"column":12},"end":{"line":75,"column":13}},"type":"if","locations":[{"start":{"line":71,"column":12},"end":{"line":75,"column":13}},{"start":{},"end":{}}],"line":71}},"s":{"0":5,"1":5,"2":3,"3":3,"4":3,"5":1,"6":2,"7":2,"8":1,"9":1,"10":1,"11":0,"12":0,"13":0,"14":0,"15":0,"16":0,"17":0,"18":0,"19":2,"20":2,"21":2,"22":1,"23":1,"24":0,"25":0,"26":0,"27":0,"28":0,"29":0,"30":0,"31":0,"32":0,"33":0,"34":5},"f":{"0":3,"1":1,"2":0,"3":2,"4":0},"b":{"0":[2,0],"1":[0,0],"2":[1,1],"3":[0,0],"4":[0,0]},"_coverageSchema":"1a1c01bbd47fc00a2c39e90264f33305004495a9","hash":"b0847a6cb0b9bf81c49b1013dc27c39db0f08876"}
,"C:\\Projet_Laury\\TrackCaloriLog\\TrackCaloriLog_Back\\src\\modules\\user\\user.model.js": {"path":"C:\\Projet_Laury\\TrackCaloriLog\\TrackCaloriLog_Back\\src\\modules\\user\\user.model.js","statementMap":{"0":{"start":{"line":1,"column":17},"end":{"line":1,"column":36}},"1":{"start":{"line":3,"column":19},"end":{"line":46,"column":24}},"2":{"start":{"line":48,"column":13},"end":{"line":48,"column":47}},"3":{"start":{"line":50,"column":0},"end":{"line":50,"column":22}}},"fnMap":{},"branchMap":{},"s":{"0":5,"1":5,"2":5,"3":5},"f":{},"b":{},"_coverageSchema":"1a1c01bbd47fc00a2c39e90264f33305004495a9","hash":"daf307f6582f4fd30a756220697e77364a82c4ea"}
,"C:\\Projet_Laury\\TrackCaloriLog\\TrackCaloriLog_Back\\src\\modules\\user\\user.routes.js": {"path":"C:\\Projet_Laury\\TrackCaloriLog\\TrackCaloriLog_Back\\src\\modules\\user\\user.routes.js","statementMap":{"0":{"start":{"line":1,"column":16},"end":{"line":1,"column":34}},"1":{"start":{"line":2,"column":15},"end":{"line":2,"column":31}},"2":{"start":{"line":3,"column":23},"end":{"line":3,"column":51}},"3":{"start":{"line":4,"column":37},"end":{"line":4,"column":80}},"4":{"start":{"line":6,"column":0},"end":{"line":6,"column":60}},"5":{"start":{"line":7,"column":0},"end":{"line":7,"column":72}},"6":{"start":{"line":8,"column":0},"end":{"line":8,"column":44}},"7":{"start":{"line":9,"column":0},"end":{"line":9,"column":59}},"8":{"start":{"line":10,"column":0},"end":{"line":10,"column":50}},"9":{"start":{"line":12,"column":0},"end":{"line":12,"column":24}}},"fnMap":{},"branchMap":{},"s":{"0":5,"1":5,"2":5,"3":5,"4":5,"5":5,"6":5,"7":5,"8":5,"9":5},"f":{},"b":{},"_coverageSchema":"1a1c01bbd47fc00a2c39e90264f33305004495a9","hash":"9f1f03a9782a68d3476413a2bd8597db3a7906d7"}
,"C:\\Projet_Laury\\TrackCaloriLog\\TrackCaloriLog_Back\\src\\modules\\user\\user.service.js": {"path":"C:\\Projet_Laury\\TrackCaloriLog\\TrackCaloriLog_Back\\src\\modules\\user\\user.service.js","statementMap":{"0":{"start":{"line":1,"column":13},"end":{"line":1,"column":36}},"1":{"start":{"line":2,"column":15},"end":{"line":2,"column":32}},"2":{"start":{"line":3,"column":20},"end":{"line":3,"column":63}},"3":{"start":{"line":4,"column":15},"end":{"line":4,"column":32}},"4":{"start":{"line":6,"column":20},"end":{"line":153,"column":1}},"5":{"start":{"line":8,"column":8},"end":{"line":19,"column":9}},"6":{"start":{"line":9,"column":26},"end":{"line":9,"column":36}},"7":{"start":{"line":10,"column":34},"end":{"line":10,"column":58}},"8":{"start":{"line":11,"column":22},"end":{"line":11,"column":71}},"9":{"start":{"line":12,"column":25},"end":{"line":12,"column":68}},"10":{"start":{"line":13,"column":12},"end":{"line":15,"column":13}},"11":{"start":{"line":14,"column":16},"end":{"line":14,"column":22}},"12":{"start":{"line":16,"column":12},"end":{"line":16,"column":23}},"13":{"start":{"line":18,"column":12},"end":{"line":18,"column":69}},"14":{"start":{"line":22,"column":8},"end":{"line":68,"column":9}},"15":{"start":{"line":23,"column":12},"end":{"line":25,"column":13}},"16":{"start":{"line":24,"column":16},"end":{"line":24,"column":75}},"17":{"start":{"line":27,"column":12},"end":{"line":29,"column":13}},"18":{"start":{"line":28,"column":16},"end":{"line":28,"column":84}},"19":{"start":{"line":32,"column":35},"end":{"line":32,"column":70}},"20":{"start":{"line":34,"column":24},"end":{"line":34,"column":57}},"21":{"start":{"line":36,"column":38},"end":{"line":36,"column":76}},"22":{"start":{"line":39,"column":12},"end":{"line":41,"column":13}},"23":{"start":{"line":40,"column":16},"end":{"line":40,"column":88}},"24":{"start":{"line":42,"column":28},"end":{"line":55,"column":14}},"25":{"start":{"line":56,"column":31},"end":{"line":56,"column":49}},"26":{"start":{"line":57,"column":12},"end":{"line":57,"column":39}},"27":{"start":{"line":59,"column":12},"end":{"line":59,"column":30}},"28":{"start":{"line":61,"column":12},"end":{"line":63,"column":13}},"29":{"start":{"line":62,"column":16},"end":{"line":62,"column":86}},"30":{"start":{"line":64,"column":12},"end":{"line":66,"column":13}},"31":{"start":{"line":65,"column":16},"end":{"line":65,"column":62}},"32":{"start":{"line":67,"column":12},"end":{"line":67,"column":24}},"33":{"start":{"line":71,"column":8},"end":{"line":76,"column":9}},"34":{"start":{"line":73,"column":12},"end":{"line":73,"column":70}},"35":{"start":{"line":75,"column":12},"end":{"line":75,"column":105}},"36":{"start":{"line":79,"column":8},"end":{"line":85,"column":9}},"37":{"start":{"line":80,"column":26},"end":{"line":80,"column":115}},"38":{"start":{"line":81,"column":12},"end":{"line":81,"column":25}},"39":{"start":{"line":83,"column":12},"end":{"line":83,"column":87}},"40":{"start":{"line":84,"column":12},"end":{"line":84,"column":24}},"41":{"start":{"line":88,"column":8},"end":{"line":94,"column":9}},"42":{"start":{"line":89,"column":25},"end":{"line":89,"column":124}},"43":{"start":{"line":90,"column":12},"end":{"line":90,"column":24}},"44":{"start":{"line":92,"column":12},"end":{"line":92,"column":77}},"45":{"start":{"line":93,"column":12},"end":{"line":93,"column":24}},"46":{"start":{"line":97,"column":8},"end":{"line":107,"column":9}},"47":{"start":{"line":98,"column":32},"end":{"line":102,"column":13}},"48":{"start":{"line":103,"column":12},"end":{"line":103,"column":31}},"49":{"start":{"line":105,"column":12},"end":{"line":105,"column":69}},"50":{"start":{"line":106,"column":12},"end":{"line":106,"column":24}},"51":{"start":{"line":110,"column":8},"end":{"line":137,"column":9}},"52":{"start":{"line":112,"column":25},"end":{"line":112,"column":72}},"53":{"start":{"line":113,"column":12},"end":{"line":113,"column":35}},"54":{"start":{"line":113,"column":23},"end":{"line":113,"column":35}},"55":{"start":{"line":116,"column":12},"end":{"line":128,"column":15}},"56":{"start":{"line":131,"column":12},"end":{"line":131,"column":49}},"57":{"start":{"line":133,"column":12},"end":{"line":133,"column":24}},"58":{"start":{"line":135,"column":12},"end":{"line":135,"column":68}},"59":{"start":{"line":136,"column":12},"end":{"line":136,"column":24}},"60":{"start":{"line":140,"column":8},"end":{"line":151,"column":9}},"61":{"start":{"line":141,"column":25},"end":{"line":145,"column":13}},"62":{"start":{"line":147,"column":12},"end":{"line":147,"column":24}},"63":{"start":{"line":149,"column":12},"end":{"line":149,"column":58}},"64":{"start":{"line":150,"column":12},"end":{"line":150,"column":24}},"65":{"start":{"line":155,"column":0},"end":{"line":155,"column":29}}},"fnMap":{"0":{"name":"(anonymous_0)","decl":{"start":{"line":7,"column":15},"end":{"line":7,"column":16}},"loc":{"start":{"line":7,"column":25},"end":{"line":20,"column":5}},"line":7},"1":{"name":"(anonymous_1)","decl":{"start":{"line":21,"column":16},"end":{"line":21,"column":17}},"loc":{"start":{"line":21,"column":31},"end":{"line":69,"column":5}},"line":21},"2":{"name":"(anonymous_2)","decl":{"start":{"line":70,"column":17},"end":{"line":70,"column":18}},"loc":{"start":{"line":70,"column":34},"end":{"line":77,"column":5}},"line":70},"3":{"name":"(anonymous_3)","decl":{"start":{"line":78,"column":17},"end":{"line":78,"column":18}},"loc":{"start":{"line":78,"column":29},"end":{"line":86,"column":5}},"line":78},"4":{"name":"(anonymous_4)","decl":{"start":{"line":87,"column":13},"end":{"line":87,"column":14}},"loc":{"start":{"line":87,"column":31},"end":{"line":95,"column":5}},"line":87},"5":{"name":"(anonymous_5)","decl":{"start":{"line":96,"column":14},"end":{"line":96,"column":15}},"loc":{"start":{"line":96,"column":42},"end":{"line":108,"column":5}},"line":96},"6":{"name":"(anonymous_6)","decl":{"start":{"line":109,"column":16},"end":{"line":109,"column":17}},"loc":{"start":{"line":109,"column":34},"end":{"line":138,"column":5}},"line":109},"7":{"name":"(anonymous_7)","decl":{"start":{"line":139,"column":18},"end":{"line":139,"column":19}},"loc":{"start":{"line":139,"column":46},"end":{"line":152,"column":5}},"line":139}},"branchMap":{"0":{"loc":{"start":{"line":13,"column":12},"end":{"line":15,"column":13}},"type":"if","locations":[{"start":{"line":13,"column":12},"end":{"line":15,"column":13}},{"start":{},"end":{}}],"line":13},"1":{"loc":{"start":{"line":13,"column":15},"end":{"line":13,"column":83}},"type":"binary-expr","locations":[{"start":{"line":13,"column":15},"end":{"line":13,"column":23}},{"start":{"line":13,"column":28},"end":{"line":13,"column":37}},{"start":{"line":13,"column":41},"end":{"line":13,"column":82}}],"line":13},"2":{"loc":{"start":{"line":23,"column":12},"end":{"line":25,"column":13}},"type":"if","locations":[{"start":{"line":23,"column":12},"end":{"line":25,"column":13}},{"start":{},"end":{}}],"line":23},"3":{"loc":{"start":{"line":23,"column":15},"end":{"line":23,"column":44}},"type":"binary-expr","locations":[{"start":{"line":23,"column":15},"end":{"line":23,"column":26}},{"start":{"line":23,"column":30},"end":{"line":23,"column":44}}],"line":23},"4":{"loc":{"start":{"line":27,"column":12},"end":{"line":29,"column":13}},"type":"if","locations":[{"start":{"line":27,"column":12},"end":{"line":29,"column":13}},{"start":{},"end":{}}],"line":27},"5":{"loc":{"start":{"line":39,"column":12},"end":{"line":41,"column":13}},"type":"if","locations":[{"start":{"line":39,"column":12},"end":{"line":41,"column":13}},{"start":{},"end":{}}],"line":39},"6":{"loc":{"start":{"line":51,"column":22},"end":{"line":51,"column":41}},"type":"binary-expr","locations":[{"start":{"line":51,"column":22},"end":{"line":51,"column":31}},{"start":{"line":51,"column":35},"end":{"line":51,"column":41}}],"line":51},"7":{"loc":{"start":{"line":52,"column":26},"end":{"line":52,"column":47}},"type":"binary-expr","locations":[{"start":{"line":52,"column":26},"end":{"line":52,"column":39}},{"start":{"line":52,"column":43},"end":{"line":52,"column":47}}],"line":52},"8":{"loc":{"start":{"line":61,"column":12},"end":{"line":63,"column":13}},"type":"if","locations":[{"start":{"line":61,"column":12},"end":{"line":63,"column":13}},{"start":{},"end":{}}],"line":61},"9":{"loc":{"start":{"line":64,"column":12},"end":{"line":66,"column":13}},"type":"if","locations":[{"start":{"line":64,"column":12},"end":{"line":66,"column":13}},{"start":{},"end":{}}],"line":64},"10":{"loc":{"start":{"line":113,"column":12},"end":{"line":113,"column":35}},"type":"if","locations":[{"start":{"line":113,"column":12},"end":{"line":113,"column":35}},{"start":{},"end":{}}],"line":113}},"s":{"0":5,"1":5,"2":5,"3":5,"4":5,"5":9,"6":9,"7":9,"8":9,"9":9,"10":9,"11":0,"12":9,"13":0,"14":9,"15":9,"16":0,"17":9,"18":0,"19":9,"20":9,"21":9,"22":9,"23":1,"24":8,"25":7,"26":7,"27":7,"28":2,"29":0,"30":2,"31":0,"32":2,"33":10,"34":10,"35":0,"36":1,"37":1,"38":1,"39":0,"40":0,"41":0,"42":0,"43":0,"44":0,"45":0,"46":0,"47":0,"48":0,"49":0,"50":0,"51":2,"52":2,"53":2,"54":1,"55":1,"56":1,"57":1,"58":0,"59":0,"60":0,"61":0,"62":0,"63":0,"64":0,"65":5},"f":{"0":9,"1":9,"2":10,"3":1,"4":0,"5":0,"6":2,"7":0},"b":{"0":[0,9],"1":[9,9,0],"2":[0,9],"3":[9,9],"4":[0,9],"5":[1,8],"6":[8,8],"7":[8,8],"8":[0,2],"9":[0,2],"10":[1,1]},"_coverageSchema":"1a1c01bbd47fc00a2c39e90264f33305004495a9","hash":"58e065ddef7793e0770189d9948a44cea9b34bb2"}
,"C:\\Projet_Laury\\TrackCaloriLog\\TrackCaloriLog_Back\\src\\modules\\usersex\\usersex.controller.js": {"path":"C:\\Projet_Laury\\TrackCaloriLog\\TrackCaloriLog_Back\\src\\modules\\usersex\\usersex.controller.js","statementMap":{"0":{"start":{"line":1,"column":23},"end":{"line":1,"column":51}},"1":{"start":{"line":3,"column":26},"end":{"line":29,"column":1}},"2":{"start":{"line":5,"column":8},"end":{"line":18,"column":9}},"3":{"start":{"line":6,"column":32},"end":{"line":6,"column":40}},"4":{"start":{"line":8,"column":31},"end":{"line":8,"column":74}},"5":{"start":{"line":9,"column":12},"end":{"line":12,"column":15}},"6":{"start":{"line":14,"column":12},"end":{"line":14,"column":41}},"7":{"start":{"line":15,"column":12},"end":{"line":17,"column":15}},"8":{"start":{"line":21,"column":8},"end":{"line":27,"column":9}},"9":{"start":{"line":22,"column":26},"end":{"line":22,"column":60}},"10":{"start":{"line":23,"column":12},"end":{"line":23,"column":40}},"11":{"start":{"line":25,"column":12},"end":{"line":25,"column":33}},"12":{"start":{"line":26,"column":12},"end":{"line":26,"column":107}},"13":{"start":{"line":31,"column":0},"end":{"line":31,"column":35}}},"fnMap":{"0":{"name":"(anonymous_0)","decl":{"start":{"line":4,"column":23},"end":{"line":4,"column":24}},"loc":{"start":{"line":4,"column":43},"end":{"line":19,"column":5}},"line":4},"1":{"name":"(anonymous_1)","decl":{"start":{"line":20,"column":20},"end":{"line":20,"column":21}},"loc":{"start":{"line":20,"column":40},"end":{"line":28,"column":5}},"line":20}},"branchMap":{"0":{"loc":{"start":{"line":16,"column":25},"end":{"line":16,"column":88}},"type":"binary-expr","locations":[{"start":{"line":16,"column":25},"end":{"line":16,"column":38}},{"start":{"line":16,"column":42},"end":{"line":16,"column":88}}],"line":16}},"s":{"0":5,"1":5,"2":0,"3":0,"4":0,"5":0,"6":0,"7":0,"8":0,"9":0,"10":0,"11":0,"12":0,"13":5},"f":{"0":0,"1":0},"b":{"0":[0,0]},"_coverageSchema":"1a1c01bbd47fc00a2c39e90264f33305004495a9","hash":"03c840aaf826f1aa23bba145894d9470c4f9f853"}
,"C:\\Projet_Laury\\TrackCaloriLog\\TrackCaloriLog_Back\\src\\modules\\usersex\\usersex.model.js": {"path":"C:\\Projet_Laury\\TrackCaloriLog\\TrackCaloriLog_Back\\src\\modules\\usersex\\usersex.model.js","statementMap":{"0":{"start":{"line":1,"column":17},"end":{"line":1,"column":36}},"1":{"start":{"line":3,"column":18},"end":{"line":8,"column":39}},"2":{"start":{"line":10,"column":16},"end":{"line":10,"column":48}},"3":{"start":{"line":12,"column":0},"end":{"line":12,"column":25}}},"fnMap":{},"branchMap":{},"s":{"0":5,"1":5,"2":5,"3":5},"f":{},"b":{},"_coverageSchema":"1a1c01bbd47fc00a2c39e90264f33305004495a9","hash":"361315a272392b0d509275caadc7209bc7960937"}
,"C:\\Projet_Laury\\TrackCaloriLog\\TrackCaloriLog_Back\\src\\modules\\usersex\\usersex.routes.js": {"path":"C:\\Projet_Laury\\TrackCaloriLog\\TrackCaloriLog_Back\\src\\modules\\usersex\\usersex.routes.js","statementMap":{"0":{"start":{"line":1,"column":16},"end":{"line":1,"column":34}},"1":{"start":{"line":2,"column":15},"end":{"line":2,"column":31}},"2":{"start":{"line":3,"column":26},"end":{"line":3,"column":57}},"3":{"start":{"line":5,"column":0},"end":{"line":5,"column":62}},"4":{"start":{"line":6,"column":0},"end":{"line":6,"column":58}},"5":{"start":{"line":8,"column":0},"end":{"line":8,"column":24}}},"fnMap":{},"branchMap":{},"s":{"0":5,"1":5,"2":5,"3":5,"4":5,"5":5},"f":{},"b":{},"_coverageSchema":"1a1c01bbd47fc00a2c39e90264f33305004495a9","hash":"86b483bdba6010f8fcc971250c71c85f1ae149ad"}
,"C:\\Projet_Laury\\TrackCaloriLog\\TrackCaloriLog_Back\\src\\modules\\usersex\\usersex.service.js": {"path":"C:\\Projet_Laury\\TrackCaloriLog\\TrackCaloriLog_Back\\src\\modules\\usersex\\usersex.service.js","statementMap":{"0":{"start":{"line":1,"column":16},"end":{"line":1,"column":42}},"1":{"start":{"line":3,"column":23},"end":{"line":31,"column":1}},"2":{"start":{"line":5,"column":8},"end":{"line":20,"column":9}},"3":{"start":{"line":6,"column":28},"end":{"line":6,"column":82}},"4":{"start":{"line":7,"column":27},"end":{"line":7,"column":56}},"5":{"start":{"line":9,"column":31},"end":{"line":14,"column":14}},"6":{"start":{"line":15,"column":34},"end":{"line":15,"column":55}},"7":{"start":{"line":16,"column":12},"end":{"line":16,"column":33}},"8":{"start":{"line":18,"column":12},"end":{"line":18,"column":93}},"9":{"start":{"line":19,"column":12},"end":{"line":19,"column":24}},"10":{"start":{"line":23,"column":8},"end":{"line":29,"column":9}},"11":{"start":{"line":24,"column":26},"end":{"line":24,"column":46}},"12":{"start":{"line":25,"column":12},"end":{"line":25,"column":25}},"13":{"start":{"line":27,"column":12},"end":{"line":27,"column":79}},"14":{"start":{"line":28,"column":12},"end":{"line":28,"column":24}},"15":{"start":{"line":33,"column":0},"end":{"line":33,"column":32}}},"fnMap":{"0":{"name":"(anonymous_0)","decl":{"start":{"line":4,"column":15},"end":{"line":4,"column":16}},"loc":{"start":{"line":4,"column":31},"end":{"line":21,"column":5}},"line":4},"1":{"name":"(anonymous_1)","decl":{"start":{"line":22,"column":17},"end":{"line":22,"column":18}},"loc":{"start":{"line":22,"column":29},"end":{"line":30,"column":5}},"line":22}},"branchMap":{"0":{"loc":{"start":{"line":7,"column":27},"end":{"line":7,"column":56}},"type":"cond-expr","locations":[{"start":{"line":7,"column":37},"end":{"line":7,"column":52}},{"start":{"line":7,"column":55},"end":{"line":7,"column":56}}],"line":7}},"s":{"0":5,"1":5,"2":0,"3":0,"4":0,"5":0,"6":0,"7":0,"8":0,"9":0,"10":0,"11":0,"12":0,"13":0,"14":0,"15":5},"f":{"0":0,"1":0},"b":{"0":[0,0]},"_coverageSchema":"1a1c01bbd47fc00a2c39e90264f33305004495a9","hash":"13aaad68b9e918191f31fd62b07782b15ab4b9e3"}
}
