{"C:\\Projet_Laury\\TrackCaloriLog\\TrackCaloriLog_Back\\src\\app.js": {"path":"C:\\Projet_Laury\\TrackCaloriLog\\TrackCaloriLog_Back\\src\\app.js","statementMap":{"0":{"start":{"line":1,"column":0},"end":{"line":1,"column":27}},"1":{"start":{"line":2,"column":16},"end":{"line":2,"column":34}},"2":{"start":{"line":3,"column":17},"end":{"line":3,"column":36}},"3":{"start":{"line":4,"column":19},"end":{"line":4,"column":41}},"4":{"start":{"line":5,"column":13},"end":{"line":5,"column":28}},"5":{"start":{"line":6,"column":12},"end":{"line":6,"column":35}},"6":{"start":{"line":9,"column":19},"end":{"line":9,"column":56}},"7":{"start":{"line":10,"column":22},"end":{"line":10,"column":65}},"8":{"start":{"line":11,"column":26},"end":{"line":11,"column":77}},"9":{"start":{"line":12,"column":20},"end":{"line":12,"column":59}},"10":{"start":{"line":13,"column":19},"end":{"line":13,"column":56}},"11":{"start":{"line":14,"column":18},"end":{"line":14,"column":54}},"12":{"start":{"line":16,"column":12},"end":{"line":16,"column":21}},"13":{"start":{"line":17,"column":13},"end":{"line":17,"column":37}},"14":{"start":{"line":19,"column":15},"end":{"line":21,"column":78}},"15":{"start":{"line":24,"column":0},"end":{"line":28,"column":1}},"16":{"start":{"line":25,"column":4},"end":{"line":27,"column":74}},"17":{"start":{"line":26,"column":20},"end":{"line":26,"column":65}},"18":{"start":{"line":27,"column":22},"end":{"line":27,"column":72}},"19":{"start":{"line":34,"column":16},"end":{"line":57,"column":1}},"20":{"start":{"line":35,"column":16},"end":{"line":35,"column":63}},"21":{"start":{"line":37,"column":4},"end":{"line":37,"column":61}},"22":{"start":{"line":37,"column":16},"end":{"line":37,"column":61}},"23":{"start":{"line":39,"column":4},"end":{"line":41,"column":5}},"24":{"start":{"line":40,"column":8},"end":{"line":40,"column":45}},"25":{"start":{"line":43,"column":4},"end":{"line":56,"column":5}},"26":{"start":{"line":44,"column":23},"end":{"line":44,"column":63}},"27":{"start":{"line":45,"column":24},"end":{"line":45,"column":49}},"28":{"start":{"line":48,"column":8},"end":{"line":52,"column":9}},"29":{"start":{"line":49,"column":12},"end":{"line":49,"column":19}},"30":{"start":{"line":51,"column":12},"end":{"line":51,"column":71}},"31":{"start":{"line":54,"column":8},"end":{"line":54,"column":59}},"32":{"start":{"line":55,"column":8},"end":{"line":55,"column":68}},"33":{"start":{"line":60,"column":0},"end":{"line":60,"column":27}},"34":{"start":{"line":61,"column":0},"end":{"line":61,"column":51}},"35":{"start":{"line":65,"column":0},"end":{"line":68,"column":3}},"36":{"start":{"line":66,"column":4},"end":{"line":66,"column":55}},"37":{"start":{"line":67,"column":4},"end":{"line":67,"column":11}},"38":{"start":{"line":70,"column":0},"end":{"line":70,"column":69}},"39":{"start":{"line":73,"column":0},"end":{"line":73,"column":31}},"40":{"start":{"line":74,"column":0},"end":{"line":74,"column":34}},"41":{"start":{"line":75,"column":0},"end":{"line":75,"column":48}},"42":{"start":{"line":76,"column":0},"end":{"line":76,"column":35}},"43":{"start":{"line":77,"column":0},"end":{"line":77,"column":39}},"44":{"start":{"line":81,"column":0},"end":{"line":85,"column":3}},"45":{"start":{"line":83,"column":4},"end":{"line":83,"column":56}},"46":{"start":{"line":87,"column":0},"end":{"line":94,"column":3}},"47":{"start":{"line":89,"column":18},"end":{"line":89,"column":65}},"48":{"start":{"line":90,"column":4},"end":{"line":90,"column":61}},"49":{"start":{"line":90,"column":16},"end":{"line":90,"column":61}},"50":{"start":{"line":91,"column":4},"end":{"line":91,"column":11}},"51":{"start":{"line":93,"column":4},"end":{"line":93,"column":67}},"52":{"start":{"line":96,"column":0},"end":{"line":98,"column":3}},"53":{"start":{"line":97,"column":4},"end":{"line":97,"column":66}},"54":{"start":{"line":100,"column":0},"end":{"line":102,"column":3}},"55":{"start":{"line":101,"column":4},"end":{"line":101,"column":69}},"56":{"start":{"line":104,"column":0},"end":{"line":106,"column":3}},"57":{"start":{"line":105,"column":4},"end":{"line":105,"column":66}},"58":{"start":{"line":108,"column":0},"end":{"line":110,"column":3}},"59":{"start":{"line":109,"column":4},"end":{"line":109,"column":69}},"60":{"start":{"line":114,"column":0},"end":{"line":114,"column":98}},"61":{"start":{"line":114,"column":75},"end":{"line":114,"column":96}},"62":{"start":{"line":116,"column":0},"end":{"line":116,"column":22}},"63":{"start":{"line":119,"column":0},"end":{"line":121,"column":3}},"64":{"start":{"line":120,"column":4},"end":{"line":120,"column":59}},"65":{"start":{"line":123,"column":0},"end":{"line":123,"column":21}}},"fnMap":{"0":{"name":"(anonymous_0)","decl":{"start":{"line":26,"column":14},"end":{"line":26,"column":15}},"loc":{"start":{"line":26,"column":20},"end":{"line":26,"column":65}},"line":26},"1":{"name":"(anonymous_1)","decl":{"start":{"line":27,"column":15},"end":{"line":27,"column":16}},"loc":{"start":{"line":27,"column":22},"end":{"line":27,"column":72}},"line":27},"2":{"name":"(anonymous_2)","decl":{"start":{"line":34,"column":16},"end":{"line":34,"column":17}},"loc":{"start":{"line":34,"column":36},"end":{"line":57,"column":1}},"line":34},"3":{"name":"(anonymous_3)","decl":{"start":{"line":65,"column":8},"end":{"line":65,"column":9}},"loc":{"start":{"line":65,"column":28},"end":{"line":68,"column":1}},"line":65},"4":{"name":"(anonymous_4)","decl":{"start":{"line":81,"column":13},"end":{"line":81,"column":14}},"loc":{"start":{"line":81,"column":27},"end":{"line":85,"column":1}},"line":81},"5":{"name":"(anonymous_5)","decl":{"start":{"line":87,"column":18},"end":{"line":87,"column":19}},"loc":{"start":{"line":87,"column":38},"end":{"line":92,"column":1}},"line":87},"6":{"name":"(anonymous_6)","decl":{"start":{"line":92,"column":3},"end":{"line":92,"column":4}},"loc":{"start":{"line":92,"column":17},"end":{"line":94,"column":1}},"line":92},"7":{"name":"(anonymous_7)","decl":{"start":{"line":96,"column":33},"end":{"line":96,"column":34}},"loc":{"start":{"line":96,"column":47},"end":{"line":98,"column":1}},"line":96},"8":{"name":"(anonymous_8)","decl":{"start":{"line":100,"column":36},"end":{"line":100,"column":37}},"loc":{"start":{"line":100,"column":50},"end":{"line":102,"column":1}},"line":100},"9":{"name":"(anonymous_9)","decl":{"start":{"line":104,"column":43},"end":{"line":104,"column":44}},"loc":{"start":{"line":104,"column":57},"end":{"line":106,"column":1}},"line":104},"10":{"name":"(anonymous_10)","decl":{"start":{"line":108,"column":42},"end":{"line":108,"column":43}},"loc":{"start":{"line":108,"column":56},"end":{"line":110,"column":1}},"line":108},"11":{"name":"(anonymous_11)","decl":{"start":{"line":114,"column":61},"end":{"line":114,"column":62}},"loc":{"start":{"line":114,"column":75},"end":{"line":114,"column":96}},"line":114},"12":{"name":"(anonymous_12)","decl":{"start":{"line":119,"column":8},"end":{"line":119,"column":9}},"loc":{"start":{"line":119,"column":22},"end":{"line":121,"column":1}},"line":119}},"branchMap":{"0":{"loc":{"start":{"line":17,"column":13},"end":{"line":17,"column":37}},"type":"binary-expr","locations":[{"start":{"line":17,"column":13},"end":{"line":17,"column":29}},{"start":{"line":17,"column":33},"end":{"line":17,"column":37}}],"line":17},"1":{"loc":{"start":{"line":19,"column":15},"end":{"line":21,"column":78}},"type":"cond-expr","locations":[{"start":{"line":20,"column":7},"end":{"line":20,"column":84}},{"start":{"line":21,"column":7},"end":{"line":21,"column":77}}],"line":19},"2":{"loc":{"start":{"line":20,"column":7},"end":{"line":20,"column":84}},"type":"binary-expr","locations":[{"start":{"line":20,"column":7},"end":{"line":20,"column":33}},{"start":{"line":20,"column":37},"end":{"line":20,"column":84}}],"line":20},"3":{"loc":{"start":{"line":21,"column":7},"end":{"line":21,"column":77}},"type":"binary-expr","locations":[{"start":{"line":21,"column":7},"end":{"line":21,"column":28}},{"start":{"line":21,"column":32},"end":{"line":21,"column":77}}],"line":21},"4":{"loc":{"start":{"line":24,"column":0},"end":{"line":28,"column":1}},"type":"if","locations":[{"start":{"line":24,"column":0},"end":{"line":28,"column":1}},{"start":{},"end":{}}],"line":24},"5":{"loc":{"start":{"line":35,"column":16},"end":{"line":35,"column":63}},"type":"binary-expr","locations":[{"start":{"line":35,"column":16},"end":{"line":35,"column":31}},{"start":{"line":35,"column":35},"end":{"line":35,"column":63}}],"line":35},"6":{"loc":{"start":{"line":37,"column":4},"end":{"line":37,"column":61}},"type":"if","locations":[{"start":{"line":37,"column":4},"end":{"line":37,"column":61}},{"start":{},"end":{}}],"line":37},"7":{"loc":{"start":{"line":39,"column":4},"end":{"line":41,"column":5}},"type":"if","locations":[{"start":{"line":39,"column":4},"end":{"line":41,"column":5}},{"start":{},"end":{}}],"line":39},"8":{"loc":{"start":{"line":44,"column":23},"end":{"line":44,"column":63}},"type":"binary-expr","locations":[{"start":{"line":44,"column":23},"end":{"line":44,"column":45}},{"start":{"line":44,"column":49},"end":{"line":44,"column":63}}],"line":44},"9":{"loc":{"start":{"line":48,"column":8},"end":{"line":52,"column":9}},"type":"if","locations":[{"start":{"line":48,"column":8},"end":{"line":52,"column":9}},{"start":{"line":50,"column":15},"end":{"line":52,"column":9}}],"line":48},"10":{"loc":{"start":{"line":89,"column":18},"end":{"line":89,"column":65}},"type":"binary-expr","locations":[{"start":{"line":89,"column":18},"end":{"line":89,"column":33}},{"start":{"line":89,"column":37},"end":{"line":89,"column":65}}],"line":89},"11":{"loc":{"start":{"line":90,"column":4},"end":{"line":90,"column":61}},"type":"if","locations":[{"start":{"line":90,"column":4},"end":{"line":90,"column":61}},{"start":{},"end":{}}],"line":90}},"s":{"0":7,"1":7,"2":7,"3":7,"4":7,"5":7,"6":7,"7":7,"8":7,"9":7,"10":7,"11":7,"12":7,"13":7,"14":7,"15":7,"16":0,"17":0,"18":0,"19":7,"20":0,"21":0,"22":0,"23":0,"24":0,"25":0,"26":0,"27":0,"28":0,"29":0,"30":0,"31":0,"32":0,"33":7,"34":7,"35":7,"36":71,"37":71,"38":7,"39":7,"40":7,"41":7,"42":7,"43":7,"44":7,"45":1,"46":7,"47":2,"48":2,"49":0,"50":2,"51":2,"52":7,"53":1,"54":7,"55":1,"56":7,"57":0,"58":7,"59":0,"60":7,"61":0,"62":7,"63":7,"64":19,"65":7},"f":{"0":0,"1":0,"2":0,"3":71,"4":1,"5":2,"6":2,"7":1,"8":1,"9":0,"10":0,"11":0,"12":19},"b":{"0":[7,0],"1":[7,0],"2":[7,0],"3":[0,0],"4":[0,7],"5":[0,0],"6":[0,0],"7":[0,0],"8":[0,0],"9":[0,0],"10":[2,1],"11":[0,2]},"_coverageSchema":"1a1c01bbd47fc00a2c39e90264f33305004495a9","hash":"7a57fbcbc7d568a99369e10d8933a649546e6fa1"}
,"C:\\Projet_Laury\\TrackCaloriLog\\TrackCaloriLog_Back\\src\\middlewares\\authMiddleware.js": {"path":"C:\\Projet_Laury\\TrackCaloriLog\\TrackCaloriLog_Back\\src\\middlewares\\authMiddleware.js","statementMap":{"0":{"start":{"line":1,"column":12},"end":{"line":1,"column":35}},"1":{"start":{"line":2,"column":13},"end":{"line":2,"column":50}},"2":{"start":{"line":4,"column":23},"end":{"line":39,"column":1}},"3":{"start":{"line":7,"column":8},"end":{"line":28,"column":9}},"4":{"start":{"line":8,"column":31},"end":{"line":8,"column":56}},"5":{"start":{"line":9,"column":12},"end":{"line":11,"column":13}},"6":{"start":{"line":10,"column":16},"end":{"line":10,"column":88}},"7":{"start":{"line":13,"column":26},"end":{"line":13,"column":50}},"8":{"start":{"line":14,"column":28},"end":{"line":14,"column":87}},"9":{"start":{"line":16,"column":29},"end":{"line":16,"column":57}},"10":{"start":{"line":17,"column":25},"end":{"line":17,"column":74}},"11":{"start":{"line":19,"column":12},"end":{"line":21,"column":13}},"12":{"start":{"line":20,"column":16},"end":{"line":20,"column":84}},"13":{"start":{"line":23,"column":12},"end":{"line":23,"column":28}},"14":{"start":{"line":24,"column":12},"end":{"line":24,"column":19}},"15":{"start":{"line":26,"column":12},"end":{"line":26,"column":67}},"16":{"start":{"line":27,"column":12},"end":{"line":27,"column":84}},"17":{"start":{"line":34,"column":8},"end":{"line":36,"column":9}},"18":{"start":{"line":35,"column":12},"end":{"line":35,"column":101}},"19":{"start":{"line":37,"column":8},"end":{"line":37,"column":15}},"20":{"start":{"line":41,"column":0},"end":{"line":41,"column":32}}},"fnMap":{"0":{"name":"(anonymous_0)","decl":{"start":{"line":6,"column":21},"end":{"line":6,"column":22}},"loc":{"start":{"line":6,"column":47},"end":{"line":29,"column":5}},"line":6},"1":{"name":"(anonymous_1)","decl":{"start":{"line":32,"column":13},"end":{"line":32,"column":14}},"loc":{"start":{"line":32,"column":33},"end":{"line":38,"column":5}},"line":32}},"branchMap":{"0":{"loc":{"start":{"line":9,"column":12},"end":{"line":11,"column":13}},"type":"if","locations":[{"start":{"line":9,"column":12},"end":{"line":11,"column":13}},{"start":{},"end":{}}],"line":9},"1":{"loc":{"start":{"line":9,"column":16},"end":{"line":9,"column":64}},"type":"binary-expr","locations":[{"start":{"line":9,"column":16},"end":{"line":9,"column":27}},{"start":{"line":9,"column":31},"end":{"line":9,"column":64}}],"line":9},"2":{"loc":{"start":{"line":14,"column":46},"end":{"line":14,"column":86}},"type":"binary-expr","locations":[{"start":{"line":14,"column":46},"end":{"line":14,"column":68}},{"start":{"line":14,"column":72},"end":{"line":14,"column":86}}],"line":14},"3":{"loc":{"start":{"line":16,"column":29},"end":{"line":16,"column":57}},"type":"binary-expr","locations":[{"start":{"line":16,"column":29},"end":{"line":16,"column":43}},{"start":{"line":16,"column":47},"end":{"line":16,"column":57}}],"line":16},"4":{"loc":{"start":{"line":19,"column":12},"end":{"line":21,"column":13}},"type":"if","locations":[{"start":{"line":19,"column":12},"end":{"line":21,"column":13}},{"start":{},"end":{}}],"line":19},"5":{"loc":{"start":{"line":34,"column":8},"end":{"line":36,"column":9}},"type":"if","locations":[{"start":{"line":34,"column":8},"end":{"line":36,"column":9}},{"start":{},"end":{}}],"line":34},"6":{"loc":{"start":{"line":34,"column":12},"end":{"line":34,"column":50}},"type":"binary-expr","locations":[{"start":{"line":34,"column":12},"end":{"line":34,"column":21}},{"start":{"line":34,"column":25},"end":{"line":34,"column":50}}],"line":34}},"s":{"0":7,"1":7,"2":7,"3":18,"4":18,"5":18,"6":0,"7":18,"8":18,"9":18,"10":18,"11":18,"12":0,"13":18,"14":18,"15":0,"16":0,"17":18,"18":1,"19":17,"20":7},"f":{"0":18,"1":18},"b":{"0":[0,18],"1":[18,18],"2":[18,0],"3":[18,6],"4":[0,18],"5":[1,17],"6":[18,18]},"_coverageSchema":"1a1c01bbd47fc00a2c39e90264f33305004495a9","hash":"dab6a84a434e732627af4f916dd9dc9b0cce76eb"}
,"C:\\Projet_Laury\\TrackCaloriLog\\TrackCaloriLog_Back\\src\\modules\\admin\\admin.controller.js": {"path":"C:\\Projet_Laury\\TrackCaloriLog\\TrackCaloriLog_Back\\src\\modules\\admin\\admin.controller.js","statementMap":{"0":{"start":{"line":1,"column":21},"end":{"line":1,"column":47}},"1":{"start":{"line":2,"column":17},"end":{"line":2,"column":36}},"2":{"start":{"line":4,"column":24},"end":{"line":102,"column":1}},"3":{"start":{"line":6,"column":8},"end":{"line":11,"column":9}},"4":{"start":{"line":7,"column":26},"end":{"line":7,"column":58}},"5":{"start":{"line":8,"column":12},"end":{"line":8,"column":28}},"6":{"start":{"line":10,"column":12},"end":{"line":10,"column":97}},"7":{"start":{"line":15,"column":8},"end":{"line":28,"column":9}},"8":{"start":{"line":16,"column":27},"end":{"line":16,"column":37}},"9":{"start":{"line":17,"column":29},"end":{"line":17,"column":37}},"10":{"start":{"line":19,"column":12},"end":{"line":21,"column":13}},"11":{"start":{"line":20,"column":16},"end":{"line":20,"column":74}},"12":{"start":{"line":23,"column":32},"end":{"line":23,"column":75}},"13":{"start":{"line":24,"column":12},"end":{"line":24,"column":34}},"14":{"start":{"line":26,"column":31},"end":{"line":26,"column":50}},"15":{"start":{"line":27,"column":12},"end":{"line":27,"column":88}},"16":{"start":{"line":32,"column":8},"end":{"line":37,"column":9}},"17":{"start":{"line":33,"column":26},"end":{"line":33,"column":55}},"18":{"start":{"line":34,"column":12},"end":{"line":34,"column":28}},"19":{"start":{"line":36,"column":12},"end":{"line":36,"column":97}},"20":{"start":{"line":41,"column":8},"end":{"line":53,"column":9}},"21":{"start":{"line":42,"column":27},"end":{"line":42,"column":37}},"22":{"start":{"line":43,"column":12},"end":{"line":45,"column":13}},"23":{"start":{"line":44,"column":16},"end":{"line":44,"column":72}},"24":{"start":{"line":47,"column":32},"end":{"line":47,"column":73}},"25":{"start":{"line":48,"column":12},"end":{"line":48,"column":97}},"26":{"start":{"line":48,"column":30},"end":{"line":48,"column":97}},"27":{"start":{"line":50,"column":12},"end":{"line":50,"column":86}},"28":{"start":{"line":52,"column":12},"end":{"line":52,"column":71}},"29":{"start":{"line":57,"column":8},"end":{"line":90,"column":9}},"30":{"start":{"line":58,"column":27},"end":{"line":58,"column":37}},"31":{"start":{"line":59,"column":48},"end":{"line":59,"column":56}},"32":{"start":{"line":62,"column":12},"end":{"line":64,"column":13}},"33":{"start":{"line":63,"column":16},"end":{"line":63,"column":85}},"34":{"start":{"line":67,"column":12},"end":{"line":69,"column":13}},"35":{"start":{"line":68,"column":16},"end":{"line":68,"column":102}},"36":{"start":{"line":71,"column":28},"end":{"line":71,"column":32}},"37":{"start":{"line":72,"column":12},"end":{"line":78,"column":13}},"38":{"start":{"line":73,"column":16},"end":{"line":73,"column":46}},"39":{"start":{"line":74,"column":16},"end":{"line":74,"column":107}},"40":{"start":{"line":74,"column":48},"end":{"line":74,"column":107}},"41":{"start":{"line":75,"column":19},"end":{"line":78,"column":13}},"42":{"start":{"line":76,"column":16},"end":{"line":76,"column":39}},"43":{"start":{"line":77,"column":16},"end":{"line":77,"column":82}},"44":{"start":{"line":80,"column":25},"end":{"line":80,"column":66}},"45":{"start":{"line":82,"column":12},"end":{"line":87,"column":15}},"46":{"start":{"line":89,"column":12},"end":{"line":89,"column":61}},"47":{"start":{"line":94,"column":8},"end":{"line":100,"column":9}},"48":{"start":{"line":95,"column":27},"end":{"line":95,"column":37}},"49":{"start":{"line":96,"column":25},"end":{"line":96,"column":57}},"50":{"start":{"line":97,"column":12},"end":{"line":97,"column":84}},"51":{"start":{"line":99,"column":12},"end":{"line":99,"column":97}},"52":{"start":{"line":104,"column":0},"end":{"line":104,"column":33}}},"fnMap":{"0":{"name":"(anonymous_0)","decl":{"start":{"line":5,"column":17},"end":{"line":5,"column":18}},"loc":{"start":{"line":5,"column":37},"end":{"line":12,"column":5}},"line":5},"1":{"name":"(anonymous_1)","decl":{"start":{"line":14,"column":20},"end":{"line":14,"column":21}},"loc":{"start":{"line":14,"column":40},"end":{"line":29,"column":5}},"line":14},"2":{"name":"(anonymous_2)","decl":{"start":{"line":31,"column":14},"end":{"line":31,"column":15}},"loc":{"start":{"line":31,"column":34},"end":{"line":38,"column":5}},"line":31},"3":{"name":"(anonymous_3)","decl":{"start":{"line":40,"column":24},"end":{"line":40,"column":25}},"loc":{"start":{"line":40,"column":44},"end":{"line":54,"column":5}},"line":40},"4":{"name":"(anonymous_4)","decl":{"start":{"line":56,"column":13},"end":{"line":56,"column":14}},"loc":{"start":{"line":56,"column":33},"end":{"line":91,"column":5}},"line":56},"5":{"name":"(anonymous_5)","decl":{"start":{"line":93,"column":15},"end":{"line":93,"column":16}},"loc":{"start":{"line":93,"column":35},"end":{"line":101,"column":5}},"line":93}},"branchMap":{"0":{"loc":{"start":{"line":19,"column":12},"end":{"line":21,"column":13}},"type":"if","locations":[{"start":{"line":19,"column":12},"end":{"line":21,"column":13}},{"start":{},"end":{}}],"line":19},"1":{"loc":{"start":{"line":26,"column":31},"end":{"line":26,"column":50}},"type":"binary-expr","locations":[{"start":{"line":26,"column":31},"end":{"line":26,"column":43}},{"start":{"line":26,"column":47},"end":{"line":26,"column":50}}],"line":26},"2":{"loc":{"start":{"line":27,"column":51},"end":{"line":27,"column":84}},"type":"binary-expr","locations":[{"start":{"line":27,"column":51},"end":{"line":27,"column":64}},{"start":{"line":27,"column":68},"end":{"line":27,"column":84}}],"line":27},"3":{"loc":{"start":{"line":43,"column":12},"end":{"line":45,"column":13}},"type":"if","locations":[{"start":{"line":43,"column":12},"end":{"line":45,"column":13}},{"start":{},"end":{}}],"line":43},"4":{"loc":{"start":{"line":48,"column":12},"end":{"line":48,"column":97}},"type":"if","locations":[{"start":{"line":48,"column":12},"end":{"line":48,"column":97}},{"start":{},"end":{}}],"line":48},"5":{"loc":{"start":{"line":62,"column":12},"end":{"line":64,"column":13}},"type":"if","locations":[{"start":{"line":62,"column":12},"end":{"line":64,"column":13}},{"start":{},"end":{}}],"line":62},"6":{"loc":{"start":{"line":67,"column":12},"end":{"line":69,"column":13}},"type":"if","locations":[{"start":{"line":67,"column":12},"end":{"line":69,"column":13}},{"start":{},"end":{}}],"line":67},"7":{"loc":{"start":{"line":72,"column":12},"end":{"line":78,"column":13}},"type":"if","locations":[{"start":{"line":72,"column":12},"end":{"line":78,"column":13}},{"start":{"line":75,"column":19},"end":{"line":78,"column":13}}],"line":72},"8":{"loc":{"start":{"line":74,"column":16},"end":{"line":74,"column":107}},"type":"if","locations":[{"start":{"line":74,"column":16},"end":{"line":74,"column":107}},{"start":{},"end":{}}],"line":74},"9":{"loc":{"start":{"line":75,"column":19},"end":{"line":78,"column":13}},"type":"if","locations":[{"start":{"line":75,"column":19},"end":{"line":78,"column":13}},{"start":{},"end":{}}],"line":75},"10":{"loc":{"start":{"line":83,"column":25},"end":{"line":85,"column":57}},"type":"cond-expr","locations":[{"start":{"line":84,"column":22},"end":{"line":84,"column":91}},{"start":{"line":85,"column":22},"end":{"line":85,"column":57}}],"line":83},"11":{"loc":{"start":{"line":99,"column":44},"end":{"line":99,"column":93}},"type":"binary-expr","locations":[{"start":{"line":99,"column":44},"end":{"line":99,"column":57}},{"start":{"line":99,"column":61},"end":{"line":99,"column":93}}],"line":99}},"s":{"0":7,"1":7,"2":7,"3":1,"4":1,"5":1,"6":0,"7":3,"8":3,"9":3,"10":3,"11":1,"12":2,"13":1,"14":1,"15":1,"16":0,"17":0,"18":0,"19":0,"20":5,"21":5,"22":5,"23":1,"24":4,"25":3,"26":1,"27":2,"28":1,"29":0,"30":0,"31":0,"32":0,"33":0,"34":0,"35":0,"36":0,"37":0,"38":0,"39":0,"40":0,"41":0,"42":0,"43":0,"44":0,"45":0,"46":0,"47":0,"48":0,"49":0,"50":0,"51":0,"52":7},"f":{"0":1,"1":3,"2":0,"3":5,"4":0,"5":0},"b":{"0":[1,2],"1":[1,1],"2":[1,0],"3":[1,4],"4":[1,2],"5":[0,0],"6":[0,0],"7":[0,0],"8":[0,0],"9":[0,0],"10":[0,0],"11":[0,0]},"_coverageSchema":"1a1c01bbd47fc00a2c39e90264f33305004495a9","hash":"87c9c9f789e8ed51c0761deed438582747c6ba5a"}
,"C:\\Projet_Laury\\TrackCaloriLog\\TrackCaloriLog_Back\\src\\modules\\admin\\admin.routes.js": {"path":"C:\\Projet_Laury\\TrackCaloriLog\\TrackCaloriLog_Back\\src\\modules\\admin\\admin.routes.js","statementMap":{"0":{"start":{"line":1,"column":16},"end":{"line":1,"column":34}},"1":{"start":{"line":2,"column":15},"end":{"line":2,"column":31}},"2":{"start":{"line":3,"column":24},"end":{"line":3,"column":53}},"3":{"start":{"line":4,"column":30},"end":{"line":4,"column":78}},"4":{"start":{"line":5,"column":37},"end":{"line":5,"column":80}},"5":{"start":{"line":6,"column":13},"end":{"line":6,"column":42}},"6":{"start":{"line":9,"column":0},"end":{"line":9,"column":37}},"7":{"start":{"line":12,"column":0},"end":{"line":12,"column":50}},"8":{"start":{"line":13,"column":0},"end":{"line":13,"column":62}},"9":{"start":{"line":14,"column":0},"end":{"line":14,"column":70}},"10":{"start":{"line":17,"column":0},"end":{"line":36,"column":3}},"11":{"start":{"line":18,"column":4},"end":{"line":35,"column":5}},"12":{"start":{"line":19,"column":29},"end":{"line":19,"column":37}},"13":{"start":{"line":20,"column":23},"end":{"line":20,"column":36}},"14":{"start":{"line":22,"column":21},"end":{"line":29,"column":9}},"15":{"start":{"line":31,"column":8},"end":{"line":31,"column":86}},"16":{"start":{"line":31,"column":19},"end":{"line":31,"column":86}},"17":{"start":{"line":32,"column":8},"end":{"line":32,"column":69}},"18":{"start":{"line":34,"column":8},"end":{"line":34,"column":55}},"19":{"start":{"line":37,"column":0},"end":{"line":53,"column":3}},"20":{"start":{"line":38,"column":4},"end":{"line":52,"column":5}},"21":{"start":{"line":39,"column":21},"end":{"line":46,"column":9}},"22":{"start":{"line":48,"column":8},"end":{"line":48,"column":86}},"23":{"start":{"line":48,"column":19},"end":{"line":48,"column":86}},"24":{"start":{"line":49,"column":8},"end":{"line":49,"column":71}},"25":{"start":{"line":51,"column":8},"end":{"line":51,"column":55}},"26":{"start":{"line":56,"column":0},"end":{"line":56,"column":69}},"27":{"start":{"line":57,"column":0},"end":{"line":57,"column":47}},"28":{"start":{"line":59,"column":0},"end":{"line":59,"column":24}}},"fnMap":{"0":{"name":"(anonymous_0)","decl":{"start":{"line":17,"column":30},"end":{"line":17,"column":31}},"loc":{"start":{"line":17,"column":50},"end":{"line":36,"column":1}},"line":17},"1":{"name":"(anonymous_1)","decl":{"start":{"line":37,"column":32},"end":{"line":37,"column":33}},"loc":{"start":{"line":37,"column":52},"end":{"line":53,"column":1}},"line":37}},"branchMap":{"0":{"loc":{"start":{"line":31,"column":8},"end":{"line":31,"column":86}},"type":"if","locations":[{"start":{"line":31,"column":8},"end":{"line":31,"column":86}},{"start":{},"end":{}}],"line":31},"1":{"loc":{"start":{"line":48,"column":8},"end":{"line":48,"column":86}},"type":"if","locations":[{"start":{"line":48,"column":8},"end":{"line":48,"column":86}},{"start":{},"end":{}}],"line":48}},"s":{"0":7,"1":7,"2":7,"3":7,"4":7,"5":7,"6":7,"7":7,"8":7,"9":7,"10":7,"11":1,"12":1,"13":1,"14":1,"15":1,"16":0,"17":1,"18":0,"19":7,"20":1,"21":1,"22":1,"23":0,"24":1,"25":0,"26":7,"27":7,"28":7},"f":{"0":1,"1":1},"b":{"0":[0,1],"1":[0,1]},"_coverageSchema":"1a1c01bbd47fc00a2c39e90264f33305004495a9","hash":"97a5f929f3f63ef9bef20c5e6ab494be20550d45"}
,"C:\\Projet_Laury\\TrackCaloriLog\\TrackCaloriLog_Back\\src\\modules\\admin\\admin.service.js": {"path":"C:\\Projet_Laury\\TrackCaloriLog\\TrackCaloriLog_Back\\src\\modules\\admin\\admin.service.js","statementMap":{"0":{"start":{"line":1,"column":13},"end":{"line":1,"column":42}},"1":{"start":{"line":2,"column":15},"end":{"line":2,"column":32}},"2":{"start":{"line":3,"column":20},"end":{"line":3,"column":63}},"3":{"start":{"line":4,"column":15},"end":{"line":4,"column":32}},"4":{"start":{"line":5,"column":12},"end":{"line":5,"column":35}},"5":{"start":{"line":7,"column":21},"end":{"line":92,"column":1}},"6":{"start":{"line":9,"column":8},"end":{"line":15,"column":9}},"7":{"start":{"line":10,"column":26},"end":{"line":10,"column":115}},"8":{"start":{"line":11,"column":12},"end":{"line":11,"column":25}},"9":{"start":{"line":13,"column":12},"end":{"line":13,"column":87}},"10":{"start":{"line":14,"column":12},"end":{"line":14,"column":24}},"11":{"start":{"line":19,"column":8},"end":{"line":34,"column":9}},"12":{"start":{"line":20,"column":25},"end":{"line":24,"column":13}},"13":{"start":{"line":25,"column":12},"end":{"line":29,"column":13}},"14":{"start":{"line":26,"column":30},"end":{"line":26,"column":66}},"15":{"start":{"line":27,"column":16},"end":{"line":27,"column":35}},"16":{"start":{"line":28,"column":16},"end":{"line":28,"column":28}},"17":{"start":{"line":30,"column":12},"end":{"line":30,"column":24}},"18":{"start":{"line":32,"column":12},"end":{"line":32,"column":72}},"19":{"start":{"line":33,"column":12},"end":{"line":33,"column":24}},"20":{"start":{"line":38,"column":8},"end":{"line":46,"column":9}},"21":{"start":{"line":39,"column":25},"end":{"line":39,"column":52}},"22":{"start":{"line":40,"column":12},"end":{"line":40,"column":35}},"23":{"start":{"line":40,"column":23},"end":{"line":40,"column":35}},"24":{"start":{"line":42,"column":12},"end":{"line":42,"column":43}},"25":{"start":{"line":43,"column":12},"end":{"line":43,"column":37}},"26":{"start":{"line":45,"column":12},"end":{"line":45,"column":24}},"27":{"start":{"line":50,"column":27},"end":{"line":50,"column":54}},"28":{"start":{"line":51,"column":23},"end":{"line":51,"column":67}},"29":{"start":{"line":52,"column":30},"end":{"line":52,"column":73}},"30":{"start":{"line":54,"column":8},"end":{"line":54,"column":53}},"31":{"start":{"line":58,"column":8},"end":{"line":75,"column":9}},"32":{"start":{"line":59,"column":30},"end":{"line":59,"column":57}},"33":{"start":{"line":60,"column":12},"end":{"line":60,"column":71}},"34":{"start":{"line":60,"column":28},"end":{"line":60,"column":71}},"35":{"start":{"line":63,"column":12},"end":{"line":65,"column":13}},"36":{"start":{"line":64,"column":16},"end":{"line":64,"column":82}},"37":{"start":{"line":67,"column":12},"end":{"line":67,"column":38}},"38":{"start":{"line":68,"column":12},"end":{"line":68,"column":45}},"39":{"start":{"line":69,"column":12},"end":{"line":69,"column":39}},"40":{"start":{"line":71,"column":12},"end":{"line":71,"column":42}},"41":{"start":{"line":73,"column":12},"end":{"line":73,"column":68}},"42":{"start":{"line":74,"column":12},"end":{"line":74,"column":24}},"43":{"start":{"line":79,"column":8},"end":{"line":90,"column":9}},"44":{"start":{"line":80,"column":25},"end":{"line":84,"column":29}},"45":{"start":{"line":86,"column":12},"end":{"line":86,"column":66}},"46":{"start":{"line":86,"column":23},"end":{"line":86,"column":66}},"47":{"start":{"line":87,"column":12},"end":{"line":87,"column":24}},"48":{"start":{"line":89,"column":12},"end":{"line":89,"column":24}},"49":{"start":{"line":94,"column":0},"end":{"line":94,"column":30}}},"fnMap":{"0":{"name":"(anonymous_0)","decl":{"start":{"line":8,"column":17},"end":{"line":8,"column":18}},"loc":{"start":{"line":8,"column":29},"end":{"line":16,"column":5}},"line":8},"1":{"name":"(anonymous_1)","decl":{"start":{"line":18,"column":20},"end":{"line":18,"column":21}},"loc":{"start":{"line":18,"column":47},"end":{"line":35,"column":5}},"line":18},"2":{"name":"(anonymous_2)","decl":{"start":{"line":37,"column":24},"end":{"line":37,"column":25}},"loc":{"start":{"line":37,"column":42},"end":{"line":47,"column":5}},"line":37},"3":{"name":"(anonymous_3)","decl":{"start":{"line":49,"column":14},"end":{"line":49,"column":15}},"loc":{"start":{"line":49,"column":26},"end":{"line":55,"column":5}},"line":49},"4":{"name":"(anonymous_4)","decl":{"start":{"line":57,"column":13},"end":{"line":57,"column":14}},"loc":{"start":{"line":57,"column":42},"end":{"line":76,"column":5}},"line":57},"5":{"name":"(anonymous_5)","decl":{"start":{"line":78,"column":15},"end":{"line":78,"column":16}},"loc":{"start":{"line":78,"column":33},"end":{"line":91,"column":5}},"line":78}},"branchMap":{"0":{"loc":{"start":{"line":25,"column":12},"end":{"line":29,"column":13}},"type":"if","locations":[{"start":{"line":25,"column":12},"end":{"line":29,"column":13}},{"start":{},"end":{}}],"line":25},"1":{"loc":{"start":{"line":40,"column":12},"end":{"line":40,"column":35}},"type":"if","locations":[{"start":{"line":40,"column":12},"end":{"line":40,"column":35}},{"start":{},"end":{}}],"line":40},"2":{"loc":{"start":{"line":60,"column":12},"end":{"line":60,"column":71}},"type":"if","locations":[{"start":{"line":60,"column":12},"end":{"line":60,"column":71}},{"start":{},"end":{}}],"line":60},"3":{"loc":{"start":{"line":63,"column":12},"end":{"line":65,"column":13}},"type":"if","locations":[{"start":{"line":63,"column":12},"end":{"line":65,"column":13}},{"start":{},"end":{}}],"line":63},"4":{"loc":{"start":{"line":86,"column":12},"end":{"line":86,"column":66}},"type":"if","locations":[{"start":{"line":86,"column":12},"end":{"line":86,"column":66}},{"start":{},"end":{}}],"line":86}},"s":{"0":7,"1":7,"2":7,"3":7,"4":7,"5":7,"6":2,"7":2,"8":1,"9":1,"10":1,"11":1,"12":1,"13":1,"14":0,"15":0,"16":0,"17":1,"18":0,"19":0,"20":3,"21":3,"22":3,"23":1,"24":2,"25":2,"26":0,"27":2,"28":1,"29":1,"30":1,"31":0,"32":0,"33":0,"34":0,"35":0,"36":0,"37":0,"38":0,"39":0,"40":0,"41":0,"42":0,"43":0,"44":0,"45":0,"46":0,"47":0,"48":0,"49":7},"f":{"0":2,"1":1,"2":3,"3":2,"4":0,"5":0},"b":{"0":[0,1],"1":[1,2],"2":[0,0],"3":[0,0],"4":[0,0]},"_coverageSchema":"1a1c01bbd47fc00a2c39e90264f33305004495a9","hash":"0f68ba38c8317ae06f400019f975bee4b2a6bbb2"}
,"C:\\Projet_Laury\\TrackCaloriLog\\TrackCaloriLog_Back\\src\\modules\\auth\\auth.controller.js": {"path":"C:\\Projet_Laury\\TrackCaloriLog\\TrackCaloriLog_Back\\src\\modules\\auth\\auth.controller.js","statementMap":{"0":{"start":{"line":1,"column":20},"end":{"line":1,"column":45}},"1":{"start":{"line":2,"column":19},"end":{"line":2,"column":40}},"2":{"start":{"line":5,"column":20},"end":{"line":12,"column":2}},"3":{"start":{"line":15,"column":23},"end":{"line":33,"column":1}},"4":{"start":{"line":16,"column":17},"end":{"line":16,"column":65}},"5":{"start":{"line":17,"column":28},"end":{"line":17,"column":116}},"6":{"start":{"line":19,"column":24},"end":{"line":30,"column":5}},"7":{"start":{"line":32,"column":4},"end":{"line":32,"column":44}},"8":{"start":{"line":35,"column":23},"end":{"line":176,"column":1}},"9":{"start":{"line":37,"column":8},"end":{"line":54,"column":9}},"10":{"start":{"line":38,"column":25},"end":{"line":38,"column":61}},"11":{"start":{"line":39,"column":36},"end":{"line":39,"column":124}},"12":{"start":{"line":41,"column":12},"end":{"line":46,"column":15}},"13":{"start":{"line":48,"column":12},"end":{"line":51,"column":15}},"14":{"start":{"line":53,"column":12},"end":{"line":53,"column":95}},"15":{"start":{"line":58,"column":8},"end":{"line":105,"column":9}},"16":{"start":{"line":59,"column":40},"end":{"line":59,"column":48}},"17":{"start":{"line":62,"column":27},"end":{"line":62,"column":67}},"18":{"start":{"line":63,"column":25},"end":{"line":63,"column":36}},"19":{"start":{"line":66,"column":12},"end":{"line":87,"column":13}},"20":{"start":{"line":67,"column":28},"end":{"line":67,"column":38}},"21":{"start":{"line":70,"column":16},"end":{"line":86,"column":17}},"22":{"start":{"line":72,"column":20},"end":{"line":72,"column":42}},"23":{"start":{"line":73,"column":20},"end":{"line":73,"column":43}},"24":{"start":{"line":74,"column":20},"end":{"line":74,"column":38}},"25":{"start":{"line":78,"column":40},"end":{"line":78,"column":93}},"26":{"start":{"line":79,"column":35},"end":{"line":81,"column":42}},"27":{"start":{"line":83,"column":20},"end":{"line":85,"column":23}},"28":{"start":{"line":90,"column":12},"end":{"line":90,"column":41}},"29":{"start":{"line":94,"column":12},"end":{"line":103,"column":13}},"30":{"start":{"line":95,"column":16},"end":{"line":102,"column":17}},"31":{"start":{"line":96,"column":20},"end":{"line":96,"column":57}},"32":{"start":{"line":97,"column":20},"end":{"line":99,"column":23}},"33":{"start":{"line":101,"column":20},"end":{"line":101,"column":95}},"34":{"start":{"line":104,"column":12},"end":{"line":104,"column":61}},"35":{"start":{"line":109,"column":8},"end":{"line":127,"column":9}},"36":{"start":{"line":110,"column":30},"end":{"line":110,"column":39}},"37":{"start":{"line":111,"column":12},"end":{"line":111,"column":71}},"38":{"start":{"line":111,"column":24},"end":{"line":111,"column":71}},"39":{"start":{"line":113,"column":25},"end":{"line":113,"column":60}},"40":{"start":{"line":114,"column":12},"end":{"line":122,"column":13}},"41":{"start":{"line":116,"column":16},"end":{"line":121,"column":19}},"42":{"start":{"line":124,"column":12},"end":{"line":124,"column":64}},"43":{"start":{"line":126,"column":12},"end":{"line":126,"column":70}},"44":{"start":{"line":131,"column":8},"end":{"line":136,"column":9}},"45":{"start":{"line":132,"column":12},"end":{"line":132,"column":49}},"46":{"start":{"line":133,"column":12},"end":{"line":133,"column":79}},"47":{"start":{"line":135,"column":12},"end":{"line":135,"column":61}},"48":{"start":{"line":139,"column":8},"end":{"line":139,"column":49}},"49":{"start":{"line":143,"column":8},"end":{"line":163,"column":9}},"50":{"start":{"line":144,"column":30},"end":{"line":144,"column":38}},"51":{"start":{"line":145,"column":41},"end":{"line":145,"column":80}},"52":{"start":{"line":147,"column":29},"end":{"line":147,"column":102}},"53":{"start":{"line":149,"column":12},"end":{"line":158,"column":15}},"54":{"start":{"line":160,"column":12},"end":{"line":160,"column":84}},"55":{"start":{"line":162,"column":12},"end":{"line":162,"column":61}},"56":{"start":{"line":168,"column":8},"end":{"line":174,"column":9}},"57":{"start":{"line":169,"column":43},"end":{"line":169,"column":51}},"58":{"start":{"line":170,"column":12},"end":{"line":170,"column":64}},"59":{"start":{"line":171,"column":12},"end":{"line":171,"column":84}},"60":{"start":{"line":173,"column":12},"end":{"line":173,"column":61}},"61":{"start":{"line":178,"column":0},"end":{"line":178,"column":32}}},"fnMap":{"0":{"name":"(anonymous_0)","decl":{"start":{"line":15,"column":23},"end":{"line":15,"column":24}},"loc":{"start":{"line":15,"column":40},"end":{"line":33,"column":1}},"line":15},"1":{"name":"(anonymous_1)","decl":{"start":{"line":36,"column":14},"end":{"line":36,"column":15}},"loc":{"start":{"line":36,"column":34},"end":{"line":55,"column":5}},"line":36},"2":{"name":"(anonymous_2)","decl":{"start":{"line":57,"column":11},"end":{"line":57,"column":12}},"loc":{"start":{"line":57,"column":31},"end":{"line":106,"column":5}},"line":57},"3":{"name":"(anonymous_3)","decl":{"start":{"line":108,"column":17},"end":{"line":108,"column":18}},"loc":{"start":{"line":108,"column":37},"end":{"line":128,"column":5}},"line":108},"4":{"name":"(anonymous_4)","decl":{"start":{"line":130,"column":24},"end":{"line":130,"column":25}},"loc":{"start":{"line":130,"column":44},"end":{"line":137,"column":5}},"line":130},"5":{"name":"(anonymous_5)","decl":{"start":{"line":138,"column":8},"end":{"line":138,"column":9}},"loc":{"start":{"line":138,"column":28},"end":{"line":140,"column":5}},"line":138},"6":{"name":"(anonymous_6)","decl":{"start":{"line":142,"column":26},"end":{"line":142,"column":27}},"loc":{"start":{"line":142,"column":46},"end":{"line":164,"column":5}},"line":142},"7":{"name":"(anonymous_7)","decl":{"start":{"line":167,"column":25},"end":{"line":167,"column":26}},"loc":{"start":{"line":167,"column":45},"end":{"line":175,"column":5}},"line":167}},"branchMap":{"0":{"loc":{"start":{"line":53,"column":44},"end":{"line":53,"column":91}},"type":"binary-expr","locations":[{"start":{"line":53,"column":44},"end":{"line":53,"column":57}},{"start":{"line":53,"column":61},"end":{"line":53,"column":91}}],"line":53},"1":{"loc":{"start":{"line":66,"column":12},"end":{"line":87,"column":13}},"type":"if","locations":[{"start":{"line":66,"column":12},"end":{"line":87,"column":13}},{"start":{},"end":{}}],"line":66},"2":{"loc":{"start":{"line":70,"column":16},"end":{"line":86,"column":17}},"type":"if","locations":[{"start":{"line":70,"column":16},"end":{"line":86,"column":17}},{"start":{"line":76,"column":23},"end":{"line":86,"column":17}}],"line":70},"3":{"loc":{"start":{"line":70,"column":20},"end":{"line":70,"column":60}},"type":"binary-expr","locations":[{"start":{"line":70,"column":20},"end":{"line":70,"column":35}},{"start":{"line":70,"column":39},"end":{"line":70,"column":60}}],"line":70},"4":{"loc":{"start":{"line":79,"column":35},"end":{"line":81,"column":42}},"type":"cond-expr","locations":[{"start":{"line":80,"column":26},"end":{"line":80,"column":82}},{"start":{"line":81,"column":26},"end":{"line":81,"column":42}}],"line":79},"5":{"loc":{"start":{"line":94,"column":12},"end":{"line":103,"column":13}},"type":"if","locations":[{"start":{"line":94,"column":12},"end":{"line":103,"column":13}},{"start":{},"end":{}}],"line":94},"6":{"loc":{"start":{"line":111,"column":12},"end":{"line":111,"column":71}},"type":"if","locations":[{"start":{"line":111,"column":12},"end":{"line":111,"column":71}},{"start":{},"end":{}}],"line":111},"7":{"loc":{"start":{"line":114,"column":12},"end":{"line":122,"column":13}},"type":"if","locations":[{"start":{"line":114,"column":12},"end":{"line":122,"column":13}},{"start":{},"end":{}}],"line":114}},"s":{"0":7,"1":7,"2":7,"3":7,"4":1,"5":1,"6":1,"7":1,"8":7,"9":6,"10":6,"11":6,"12":6,"13":6,"14":0,"15":10,"16":10,"17":10,"18":1,"19":1,"20":0,"21":0,"22":0,"23":0,"24":0,"25":0,"26":0,"27":0,"28":1,"29":9,"30":1,"31":1,"32":1,"33":0,"34":8,"35":0,"36":0,"37":0,"38":0,"39":0,"40":0,"41":0,"42":0,"43":0,"44":0,"45":0,"46":0,"47":0,"48":0,"49":2,"50":2,"51":2,"52":1,"53":1,"54":1,"55":1,"56":4,"57":4,"58":4,"59":1,"60":3,"61":7},"f":{"0":1,"1":6,"2":10,"3":0,"4":0,"5":0,"6":2,"7":4},"b":{"0":[0,0],"1":[0,1],"2":[0,0],"3":[0,0],"4":[0,0],"5":[1,8],"6":[0,0],"7":[0,0]},"_coverageSchema":"1a1c01bbd47fc00a2c39e90264f33305004495a9","hash":"05a51da196a61052cda2eb7bacbad3e13be53c64"}
,"C:\\Projet_Laury\\TrackCaloriLog\\TrackCaloriLog_Back\\src\\modules\\auth\\auth.routes.js": {"path":"C:\\Projet_Laury\\TrackCaloriLog\\TrackCaloriLog_Back\\src\\modules\\auth\\auth.routes.js","statementMap":{"0":{"start":{"line":1,"column":16},"end":{"line":1,"column":34}},"1":{"start":{"line":2,"column":15},"end":{"line":2,"column":31}},"2":{"start":{"line":3,"column":23},"end":{"line":3,"column":51}},"3":{"start":{"line":4,"column":23},"end":{"line":4,"column":66}},"4":{"start":{"line":6,"column":0},"end":{"line":6,"column":61}},"5":{"start":{"line":7,"column":0},"end":{"line":7,"column":52}},"6":{"start":{"line":8,"column":0},"end":{"line":8,"column":69}},"7":{"start":{"line":9,"column":0},"end":{"line":9,"column":56}},"8":{"start":{"line":10,"column":0},"end":{"line":10,"column":69}},"9":{"start":{"line":11,"column":0},"end":{"line":11,"column":67}},"10":{"start":{"line":13,"column":0},"end":{"line":13,"column":24}}},"fnMap":{},"branchMap":{},"s":{"0":7,"1":7,"2":7,"3":7,"4":7,"5":7,"6":7,"7":7,"8":7,"9":7,"10":7},"f":{},"b":{},"_coverageSchema":"1a1c01bbd47fc00a2c39e90264f33305004495a9","hash":"ec68ac9ae3e210e9e64f97d174765f3a228bf638"}
,"C:\\Projet_Laury\\TrackCaloriLog\\TrackCaloriLog_Back\\src\\modules\\auth\\auth.service.js": {"path":"C:\\Projet_Laury\\TrackCaloriLog\\TrackCaloriLog_Back\\src\\modules\\auth\\auth.service.js","statementMap":{"0":{"start":{"line":1,"column":20},"end":{"line":1,"column":51}},"1":{"start":{"line":2,"column":13},"end":{"line":2,"column":42}},"2":{"start":{"line":3,"column":15},"end":{"line":3,"column":32}},"3":{"start":{"line":4,"column":15},"end":{"line":4,"column":32}},"4":{"start":{"line":5,"column":12},"end":{"line":5,"column":35}},"5":{"start":{"line":7,"column":20},"end":{"line":152,"column":1}},"6":{"start":{"line":9,"column":8},"end":{"line":9,"column":44}},"7":{"start":{"line":12,"column":8},"end":{"line":85,"column":9}},"8":{"start":{"line":14,"column":25},"end":{"line":14,"column":61}},"9":{"start":{"line":16,"column":12},"end":{"line":18,"column":13}},"10":{"start":{"line":17,"column":16},"end":{"line":17,"column":59}},"11":{"start":{"line":21,"column":12},"end":{"line":23,"column":13}},"12":{"start":{"line":22,"column":16},"end":{"line":22,"column":71}},"13":{"start":{"line":26,"column":12},"end":{"line":28,"column":13}},"14":{"start":{"line":27,"column":16},"end":{"line":27,"column":97}},"15":{"start":{"line":30,"column":12},"end":{"line":32,"column":13}},"16":{"start":{"line":31,"column":16},"end":{"line":31,"column":86}},"17":{"start":{"line":34,"column":12},"end":{"line":47,"column":13}},"18":{"start":{"line":35,"column":16},"end":{"line":46,"column":17}},"19":{"start":{"line":37,"column":20},"end":{"line":37,"column":42}},"20":{"start":{"line":38,"column":20},"end":{"line":38,"column":43}},"21":{"start":{"line":39,"column":20},"end":{"line":39,"column":41}},"22":{"start":{"line":40,"column":20},"end":{"line":40,"column":38}},"23":{"start":{"line":42,"column":36},"end":{"line":44,"column":66}},"24":{"start":{"line":45,"column":20},"end":{"line":45,"column":45}},"25":{"start":{"line":50,"column":28},"end":{"line":50,"column":73}},"26":{"start":{"line":52,"column":12},"end":{"line":64,"column":13}},"27":{"start":{"line":54,"column":16},"end":{"line":54,"column":40}},"28":{"start":{"line":56,"column":16},"end":{"line":60,"column":17}},"29":{"start":{"line":57,"column":20},"end":{"line":57,"column":69}},"30":{"start":{"line":58,"column":20},"end":{"line":58,"column":38}},"31":{"start":{"line":59,"column":20},"end":{"line":59,"column":82}},"32":{"start":{"line":62,"column":16},"end":{"line":62,"column":34}},"33":{"start":{"line":63,"column":16},"end":{"line":63,"column":59}},"34":{"start":{"line":67,"column":12},"end":{"line":67,"column":35}},"35":{"start":{"line":68,"column":12},"end":{"line":68,"column":39}},"36":{"start":{"line":69,"column":12},"end":{"line":69,"column":40}},"37":{"start":{"line":70,"column":12},"end":{"line":70,"column":30}},"38":{"start":{"line":72,"column":26},"end":{"line":76,"column":13}},"39":{"start":{"line":78,"column":12},"end":{"line":81,"column":14}},"40":{"start":{"line":84,"column":12},"end":{"line":84,"column":24}},"41":{"start":{"line":89,"column":21},"end":{"line":90,"column":60}},"42":{"start":{"line":92,"column":8},"end":{"line":92,"column":31}},"43":{"start":{"line":92,"column":19},"end":{"line":92,"column":31}},"44":{"start":{"line":95,"column":8},"end":{"line":95,"column":36}},"45":{"start":{"line":96,"column":8},"end":{"line":96,"column":48}},"46":{"start":{"line":97,"column":8},"end":{"line":97,"column":50}},"47":{"start":{"line":99,"column":8},"end":{"line":99,"column":26}},"48":{"start":{"line":100,"column":8},"end":{"line":100,"column":20}},"49":{"start":{"line":103,"column":21},"end":{"line":103,"column":50}},"50":{"start":{"line":105,"column":8},"end":{"line":105,"column":79}},"51":{"start":{"line":105,"column":19},"end":{"line":105,"column":79}},"52":{"start":{"line":106,"column":8},"end":{"line":106,"column":81}},"53":{"start":{"line":106,"column":34},"end":{"line":106,"column":81}},"54":{"start":{"line":109,"column":25},"end":{"line":109,"column":63}},"55":{"start":{"line":112,"column":8},"end":{"line":112,"column":47}},"56":{"start":{"line":114,"column":8},"end":{"line":114,"column":73}},"57":{"start":{"line":115,"column":8},"end":{"line":115,"column":26}},"58":{"start":{"line":117,"column":8},"end":{"line":117,"column":20}},"59":{"start":{"line":121,"column":21},"end":{"line":121,"column":50}},"60":{"start":{"line":122,"column":8},"end":{"line":122,"column":72}},"61":{"start":{"line":122,"column":19},"end":{"line":122,"column":72}},"62":{"start":{"line":125,"column":27},"end":{"line":125,"column":65}},"63":{"start":{"line":128,"column":8},"end":{"line":128,"column":45}},"64":{"start":{"line":129,"column":8},"end":{"line":129,"column":57}},"65":{"start":{"line":131,"column":8},"end":{"line":131,"column":26}},"66":{"start":{"line":132,"column":8},"end":{"line":132,"column":36}},"67":{"start":{"line":137,"column":21},"end":{"line":140,"column":10}},"68":{"start":{"line":142,"column":8},"end":{"line":142,"column":72}},"69":{"start":{"line":142,"column":19},"end":{"line":142,"column":72}},"70":{"start":{"line":145,"column":8},"end":{"line":145,"column":59}},"71":{"start":{"line":146,"column":8},"end":{"line":146,"column":44}},"72":{"start":{"line":147,"column":8},"end":{"line":147,"column":46}},"73":{"start":{"line":149,"column":8},"end":{"line":149,"column":26}},"74":{"start":{"line":150,"column":8},"end":{"line":150,"column":20}},"75":{"start":{"line":154,"column":0},"end":{"line":154,"column":29}}},"fnMap":{"0":{"name":"(anonymous_0)","decl":{"start":{"line":8,"column":14},"end":{"line":8,"column":15}},"loc":{"start":{"line":8,"column":30},"end":{"line":10,"column":5}},"line":8},"1":{"name":"(anonymous_1)","decl":{"start":{"line":11,"column":11},"end":{"line":11,"column":12}},"loc":{"start":{"line":11,"column":38},"end":{"line":86,"column":5}},"line":11},"2":{"name":"(anonymous_2)","decl":{"start":{"line":87,"column":16},"end":{"line":87,"column":17}},"loc":{"start":{"line":87,"column":33},"end":{"line":101,"column":5}},"line":87},"3":{"name":"(anonymous_3)","decl":{"start":{"line":102,"column":29},"end":{"line":102,"column":30}},"loc":{"start":{"line":102,"column":46},"end":{"line":118,"column":5}},"line":102},"4":{"name":"(anonymous_4)","decl":{"start":{"line":120,"column":20},"end":{"line":120,"column":21}},"loc":{"start":{"line":120,"column":37},"end":{"line":133,"column":5}},"line":120},"5":{"name":"(anonymous_5)","decl":{"start":{"line":135,"column":19},"end":{"line":135,"column":20}},"loc":{"start":{"line":135,"column":49},"end":{"line":151,"column":5}},"line":135}},"branchMap":{"0":{"loc":{"start":{"line":16,"column":12},"end":{"line":18,"column":13}},"type":"if","locations":[{"start":{"line":16,"column":12},"end":{"line":18,"column":13}},{"start":{},"end":{}}],"line":16},"1":{"loc":{"start":{"line":21,"column":12},"end":{"line":23,"column":13}},"type":"if","locations":[{"start":{"line":21,"column":12},"end":{"line":23,"column":13}},{"start":{},"end":{}}],"line":21},"2":{"loc":{"start":{"line":21,"column":16},"end":{"line":21,"column":61}},"type":"binary-expr","locations":[{"start":{"line":21,"column":16},"end":{"line":21,"column":30}},{"start":{"line":21,"column":34},"end":{"line":21,"column":61}}],"line":21},"3":{"loc":{"start":{"line":26,"column":12},"end":{"line":28,"column":13}},"type":"if","locations":[{"start":{"line":26,"column":12},"end":{"line":28,"column":13}},{"start":{},"end":{}}],"line":26},"4":{"loc":{"start":{"line":30,"column":12},"end":{"line":32,"column":13}},"type":"if","locations":[{"start":{"line":30,"column":12},"end":{"line":32,"column":13}},{"start":{},"end":{}}],"line":30},"5":{"loc":{"start":{"line":34,"column":12},"end":{"line":47,"column":13}},"type":"if","locations":[{"start":{"line":34,"column":12},"end":{"line":47,"column":13}},{"start":{},"end":{}}],"line":34},"6":{"loc":{"start":{"line":35,"column":16},"end":{"line":46,"column":17}},"type":"if","locations":[{"start":{"line":35,"column":16},"end":{"line":46,"column":17}},{"start":{"line":41,"column":23},"end":{"line":46,"column":17}}],"line":35},"7":{"loc":{"start":{"line":35,"column":20},"end":{"line":35,"column":67}},"type":"binary-expr","locations":[{"start":{"line":35,"column":20},"end":{"line":35,"column":35}},{"start":{"line":35,"column":39},"end":{"line":35,"column":67}}],"line":35},"8":{"loc":{"start":{"line":42,"column":36},"end":{"line":44,"column":66}},"type":"cond-expr","locations":[{"start":{"line":43,"column":26},"end":{"line":43,"column":99}},{"start":{"line":44,"column":26},"end":{"line":44,"column":66}}],"line":42},"9":{"loc":{"start":{"line":52,"column":12},"end":{"line":64,"column":13}},"type":"if","locations":[{"start":{"line":52,"column":12},"end":{"line":64,"column":13}},{"start":{},"end":{}}],"line":52},"10":{"loc":{"start":{"line":56,"column":16},"end":{"line":60,"column":17}},"type":"if","locations":[{"start":{"line":56,"column":16},"end":{"line":60,"column":17}},{"start":{},"end":{}}],"line":56},"11":{"loc":{"start":{"line":92,"column":8},"end":{"line":92,"column":31}},"type":"if","locations":[{"start":{"line":92,"column":8},"end":{"line":92,"column":31}},{"start":{},"end":{}}],"line":92},"12":{"loc":{"start":{"line":105,"column":8},"end":{"line":105,"column":79}},"type":"if","locations":[{"start":{"line":105,"column":8},"end":{"line":105,"column":79}},{"start":{},"end":{}}],"line":105},"13":{"loc":{"start":{"line":106,"column":8},"end":{"line":106,"column":81}},"type":"if","locations":[{"start":{"line":106,"column":8},"end":{"line":106,"column":81}},{"start":{},"end":{}}],"line":106},"14":{"loc":{"start":{"line":122,"column":8},"end":{"line":122,"column":72}},"type":"if","locations":[{"start":{"line":122,"column":8},"end":{"line":122,"column":72}},{"start":{},"end":{}}],"line":122},"15":{"loc":{"start":{"line":142,"column":8},"end":{"line":142,"column":72}},"type":"if","locations":[{"start":{"line":142,"column":8},"end":{"line":142,"column":72}},{"start":{},"end":{}}],"line":142}},"s":{"0":7,"1":7,"2":7,"3":7,"4":7,"5":7,"6":6,"7":10,"8":10,"9":10,"10":1,"11":9,"12":1,"13":8,"14":1,"15":7,"16":0,"17":7,"18":0,"19":0,"20":0,"21":0,"22":0,"23":0,"24":0,"25":7,"26":7,"27":6,"28":6,"29":1,"30":1,"31":1,"32":5,"33":5,"34":1,"35":1,"36":1,"37":1,"38":1,"39":1,"40":9,"41":0,"42":0,"43":0,"44":0,"45":0,"46":0,"47":0,"48":0,"49":1,"50":1,"51":0,"52":1,"53":0,"54":1,"55":1,"56":1,"57":1,"58":1,"59":2,"60":2,"61":1,"62":1,"63":1,"64":1,"65":1,"66":1,"67":4,"68":4,"69":3,"70":1,"71":1,"72":1,"73":1,"74":1,"75":7},"f":{"0":6,"1":10,"2":0,"3":1,"4":2,"5":4},"b":{"0":[1,9],"1":[1,8],"2":[9,1],"3":[1,7],"4":[0,7],"5":[0,7],"6":[0,0],"7":[0,0],"8":[0,0],"9":[6,1],"10":[1,5],"11":[0,0],"12":[0,1],"13":[0,1],"14":[1,1],"15":[3,1]},"_coverageSchema":"1a1c01bbd47fc00a2c39e90264f33305004495a9","hash":"3b32d6fb44fb2313f7f32fb5beb12d67a6aea2d4"}
,"C:\\Projet_Laury\\TrackCaloriLog\\TrackCaloriLog_Back\\src\\modules\\deleteduser\\deleteduser.controller.js": {"path":"C:\\Projet_Laury\\TrackCaloriLog\\TrackCaloriLog_Back\\src\\modules\\deleteduser\\deleteduser.controller.js","statementMap":{"0":{"start":{"line":1,"column":27},"end":{"line":1,"column":59}},"1":{"start":{"line":3,"column":30},"end":{"line":65,"column":1}},"2":{"start":{"line":7,"column":8},"end":{"line":12,"column":9}},"3":{"start":{"line":8,"column":33},"end":{"line":8,"column":78}},"4":{"start":{"line":9,"column":12},"end":{"line":9,"column":47}},"5":{"start":{"line":11,"column":12},"end":{"line":11,"column":73}},"6":{"start":{"line":17,"column":8},"end":{"line":23,"column":9}},"7":{"start":{"line":18,"column":25},"end":{"line":18,"column":83}},"8":{"start":{"line":19,"column":12},"end":{"line":19,"column":90}},"9":{"start":{"line":19,"column":23},"end":{"line":19,"column":90}},"10":{"start":{"line":20,"column":12},"end":{"line":20,"column":39}},"11":{"start":{"line":22,"column":12},"end":{"line":22,"column":78}},"12":{"start":{"line":28,"column":8},"end":{"line":34,"column":9}},"13":{"start":{"line":29,"column":28},"end":{"line":29,"column":85}},"14":{"start":{"line":30,"column":12},"end":{"line":30,"column":93}},"15":{"start":{"line":30,"column":26},"end":{"line":30,"column":93}},"16":{"start":{"line":31,"column":12},"end":{"line":31,"column":85}},"17":{"start":{"line":33,"column":12},"end":{"line":33,"column":88}},"18":{"start":{"line":39,"column":8},"end":{"line":48,"column":9}},"19":{"start":{"line":40,"column":33},"end":{"line":40,"column":91}},"20":{"start":{"line":41,"column":12},"end":{"line":41,"column":98}},"21":{"start":{"line":41,"column":31},"end":{"line":41,"column":98}},"22":{"start":{"line":42,"column":12},"end":{"line":42,"column":90}},"23":{"start":{"line":44,"column":12},"end":{"line":46,"column":13}},"24":{"start":{"line":45,"column":16},"end":{"line":45,"column":72}},"25":{"start":{"line":47,"column":12},"end":{"line":47,"column":78}},"26":{"start":{"line":51,"column":8},"end":{"line":63,"column":9}},"27":{"start":{"line":52,"column":32},"end":{"line":52,"column":90}},"28":{"start":{"line":54,"column":12},"end":{"line":56,"column":13}},"29":{"start":{"line":55,"column":16},"end":{"line":55,"column":83}},"30":{"start":{"line":60,"column":12},"end":{"line":60,"column":46}},"31":{"start":{"line":62,"column":12},"end":{"line":62,"column":87}},"32":{"start":{"line":67,"column":0},"end":{"line":67,"column":39}}},"fnMap":{"0":{"name":"(anonymous_0)","decl":{"start":{"line":6,"column":24},"end":{"line":6,"column":25}},"loc":{"start":{"line":6,"column":44},"end":{"line":13,"column":5}},"line":6},"1":{"name":"(anonymous_1)","decl":{"start":{"line":16,"column":24},"end":{"line":16,"column":25}},"loc":{"start":{"line":16,"column":44},"end":{"line":24,"column":5}},"line":16},"2":{"name":"(anonymous_2)","decl":{"start":{"line":27,"column":23},"end":{"line":27,"column":24}},"loc":{"start":{"line":27,"column":43},"end":{"line":35,"column":5}},"line":27},"3":{"name":"(anonymous_3)","decl":{"start":{"line":38,"column":24},"end":{"line":38,"column":25}},"loc":{"start":{"line":38,"column":44},"end":{"line":49,"column":5}},"line":38},"4":{"name":"(anonymous_4)","decl":{"start":{"line":50,"column":14},"end":{"line":50,"column":15}},"loc":{"start":{"line":50,"column":34},"end":{"line":64,"column":5}},"line":50}},"branchMap":{"0":{"loc":{"start":{"line":19,"column":12},"end":{"line":19,"column":90}},"type":"if","locations":[{"start":{"line":19,"column":12},"end":{"line":19,"column":90}},{"start":{},"end":{}}],"line":19},"1":{"loc":{"start":{"line":30,"column":12},"end":{"line":30,"column":93}},"type":"if","locations":[{"start":{"line":30,"column":12},"end":{"line":30,"column":93}},{"start":{},"end":{}}],"line":30},"2":{"loc":{"start":{"line":41,"column":12},"end":{"line":41,"column":98}},"type":"if","locations":[{"start":{"line":41,"column":12},"end":{"line":41,"column":98}},{"start":{},"end":{}}],"line":41},"3":{"loc":{"start":{"line":44,"column":12},"end":{"line":46,"column":13}},"type":"if","locations":[{"start":{"line":44,"column":12},"end":{"line":46,"column":13}},{"start":{},"end":{}}],"line":44},"4":{"loc":{"start":{"line":54,"column":12},"end":{"line":56,"column":13}},"type":"if","locations":[{"start":{"line":54,"column":12},"end":{"line":56,"column":13}},{"start":{},"end":{}}],"line":54}},"s":{"0":7,"1":7,"2":1,"3":1,"4":1,"5":0,"6":1,"7":1,"8":1,"9":0,"10":1,"11":0,"12":1,"13":1,"14":1,"15":0,"16":1,"17":0,"18":2,"19":2,"20":1,"21":0,"22":1,"23":1,"24":1,"25":0,"26":1,"27":1,"28":1,"29":0,"30":1,"31":0,"32":7},"f":{"0":1,"1":1,"2":1,"3":2,"4":1},"b":{"0":[0,1],"1":[0,1],"2":[0,1],"3":[1,0],"4":[0,1]},"_coverageSchema":"1a1c01bbd47fc00a2c39e90264f33305004495a9","hash":"68241fa8c74f4c69ae02aef45cdf2fa61b22b8d5"}
,"C:\\Projet_Laury\\TrackCaloriLog\\TrackCaloriLog_Back\\src\\modules\\deleteduser\\deleteduser.model.js": {"path":"C:\\Projet_Laury\\TrackCaloriLog\\TrackCaloriLog_Back\\src\\modules\\deleteduser\\deleteduser.model.js","statementMap":{"0":{"start":{"line":1,"column":17},"end":{"line":1,"column":36}},"1":{"start":{"line":3,"column":26},"end":{"line":19,"column":24}},"2":{"start":{"line":21,"column":20},"end":{"line":21,"column":68}},"3":{"start":{"line":22,"column":0},"end":{"line":22,"column":29}}},"fnMap":{},"branchMap":{},"s":{"0":7,"1":7,"2":7,"3":7},"f":{},"b":{},"_coverageSchema":"1a1c01bbd47fc00a2c39e90264f33305004495a9","hash":"0517be40f7bdd9d28d3fc895e350bfe2a6ec60ea"}
,"C:\\Projet_Laury\\TrackCaloriLog\\TrackCaloriLog_Back\\src\\modules\\deleteduser\\deleteduser.routes.js": {"path":"C:\\Projet_Laury\\TrackCaloriLog\\TrackCaloriLog_Back\\src\\modules\\deleteduser\\deleteduser.routes.js","statementMap":{"0":{"start":{"line":1,"column":16},"end":{"line":1,"column":34}},"1":{"start":{"line":2,"column":15},"end":{"line":2,"column":31}},"2":{"start":{"line":3,"column":30},"end":{"line":3,"column":65}},"3":{"start":{"line":4,"column":37},"end":{"line":4,"column":80}},"4":{"start":{"line":7,"column":0},"end":{"line":7,"column":37}},"5":{"start":{"line":11,"column":0},"end":{"line":11,"column":58}},"6":{"start":{"line":14,"column":0},"end":{"line":14,"column":70}},"7":{"start":{"line":17,"column":0},"end":{"line":17,"column":61}},"8":{"start":{"line":18,"column":0},"end":{"line":18,"column":51}},"9":{"start":{"line":19,"column":0},"end":{"line":19,"column":63}},"10":{"start":{"line":21,"column":0},"end":{"line":21,"column":24}}},"fnMap":{},"branchMap":{},"s":{"0":7,"1":7,"2":7,"3":7,"4":7,"5":7,"6":7,"7":7,"8":7,"9":7,"10":7},"f":{},"b":{},"_coverageSchema":"1a1c01bbd47fc00a2c39e90264f33305004495a9","hash":"e3b4978bc464faf31006427d618a822a73314e9f"}
,"C:\\Projet_Laury\\TrackCaloriLog\\TrackCaloriLog_Back\\src\\modules\\deleteduser\\deleteduser.service.js": {"path":"C:\\Projet_Laury\\TrackCaloriLog\\TrackCaloriLog_Back\\src\\modules\\deleteduser\\deleteduser.service.js","statementMap":{"0":{"start":{"line":1,"column":20},"end":{"line":1,"column":50}},"1":{"start":{"line":2,"column":13},"end":{"line":2,"column":42}},"2":{"start":{"line":4,"column":27},"end":{"line":65,"column":1}},"3":{"start":{"line":6,"column":8},"end":{"line":24,"column":9}},"4":{"start":{"line":8,"column":32},"end":{"line":8,"column":73}},"5":{"start":{"line":9,"column":12},"end":{"line":11,"column":13}},"6":{"start":{"line":10,"column":16},"end":{"line":10,"column":79}},"7":{"start":{"line":14,"column":33},"end":{"line":14,"column":65}},"8":{"start":{"line":15,"column":12},"end":{"line":15,"column":38}},"9":{"start":{"line":18,"column":12},"end":{"line":18,"column":63}},"10":{"start":{"line":20,"column":12},"end":{"line":20,"column":32}},"11":{"start":{"line":22,"column":12},"end":{"line":22,"column":69}},"12":{"start":{"line":23,"column":12},"end":{"line":23,"column":24}},"13":{"start":{"line":27,"column":8},"end":{"line":33,"column":9}},"14":{"start":{"line":28,"column":32},"end":{"line":28,"column":74}},"15":{"start":{"line":29,"column":12},"end":{"line":29,"column":31}},"16":{"start":{"line":31,"column":12},"end":{"line":31,"column":68}},"17":{"start":{"line":32,"column":12},"end":{"line":32,"column":24}},"18":{"start":{"line":36,"column":8},"end":{"line":42,"column":9}},"19":{"start":{"line":37,"column":33},"end":{"line":37,"column":77}},"20":{"start":{"line":38,"column":12},"end":{"line":38,"column":32}},"21":{"start":{"line":40,"column":12},"end":{"line":40,"column":94}},"22":{"start":{"line":41,"column":12},"end":{"line":41,"column":24}},"23":{"start":{"line":45,"column":8},"end":{"line":50,"column":9}},"24":{"start":{"line":46,"column":12},"end":{"line":46,"column":50}},"25":{"start":{"line":48,"column":12},"end":{"line":48,"column":72}},"26":{"start":{"line":49,"column":12},"end":{"line":49,"column":24}},"27":{"start":{"line":53,"column":8},"end":{"line":63,"column":9}},"28":{"start":{"line":54,"column":32},"end":{"line":58,"column":13}},"29":{"start":{"line":59,"column":12},"end":{"line":59,"column":31}},"30":{"start":{"line":61,"column":12},"end":{"line":61,"column":69}},"31":{"start":{"line":62,"column":12},"end":{"line":62,"column":24}},"32":{"start":{"line":68,"column":0},"end":{"line":68,"column":36}}},"fnMap":{"0":{"name":"(anonymous_0)","decl":{"start":{"line":5,"column":24},"end":{"line":5,"column":25}},"loc":{"start":{"line":5,"column":49},"end":{"line":25,"column":5}},"line":5},"1":{"name":"(anonymous_1)","decl":{"start":{"line":26,"column":23},"end":{"line":26,"column":24}},"loc":{"start":{"line":26,"column":41},"end":{"line":34,"column":5}},"line":26},"2":{"name":"(anonymous_2)","decl":{"start":{"line":35,"column":24},"end":{"line":35,"column":25}},"loc":{"start":{"line":35,"column":36},"end":{"line":43,"column":5}},"line":35},"3":{"name":"(anonymous_3)","decl":{"start":{"line":44,"column":24},"end":{"line":44,"column":25}},"loc":{"start":{"line":44,"column":38},"end":{"line":51,"column":5}},"line":44},"4":{"name":"(anonymous_4)","decl":{"start":{"line":52,"column":14},"end":{"line":52,"column":15}},"loc":{"start":{"line":52,"column":42},"end":{"line":64,"column":5}},"line":52}},"branchMap":{"0":{"loc":{"start":{"line":9,"column":12},"end":{"line":11,"column":13}},"type":"if","locations":[{"start":{"line":9,"column":12},"end":{"line":11,"column":13}},{"start":{},"end":{}}],"line":9}},"s":{"0":7,"1":7,"2":7,"3":2,"4":2,"5":2,"6":1,"7":1,"8":1,"9":1,"10":1,"11":1,"12":1,"13":1,"14":1,"15":1,"16":0,"17":0,"18":1,"19":1,"20":1,"21":0,"22":0,"23":1,"24":1,"25":0,"26":0,"27":1,"28":1,"29":1,"30":0,"31":0,"32":7},"f":{"0":2,"1":1,"2":1,"3":1,"4":1},"b":{"0":[1,1]},"_coverageSchema":"1a1c01bbd47fc00a2c39e90264f33305004495a9","hash":"16035d3bc7309f509d06d6516681da1a6a75a63b"}
,"C:\\Projet_Laury\\TrackCaloriLog\\TrackCaloriLog_Back\\src\\modules\\user\\user.controller.js": {"path":"C:\\Projet_Laury\\TrackCaloriLog\\TrackCaloriLog_Back\\src\\modules\\user\\user.controller.js","statementMap":{"0":{"start":{"line":1,"column":20},"end":{"line":1,"column":45}},"1":{"start":{"line":2,"column":17},"end":{"line":2,"column":36}},"2":{"start":{"line":4,"column":23},"end":{"line":132,"column":1}},"3":{"start":{"line":6,"column":8},"end":{"line":33,"column":9}},"4":{"start":{"line":7,"column":29},"end":{"line":7,"column":37}},"5":{"start":{"line":9,"column":35},"end":{"line":9,"column":73}},"6":{"start":{"line":10,"column":12},"end":{"line":14,"column":15}},"7":{"start":{"line":16,"column":12},"end":{"line":18,"column":13}},"8":{"start":{"line":17,"column":16},"end":{"line":17,"column":72}},"9":{"start":{"line":20,"column":12},"end":{"line":22,"column":13}},"10":{"start":{"line":21,"column":16},"end":{"line":21,"column":72}},"11":{"start":{"line":24,"column":12},"end":{"line":26,"column":13}},"12":{"start":{"line":25,"column":16},"end":{"line":25,"column":88}},"13":{"start":{"line":28,"column":12},"end":{"line":30,"column":13}},"14":{"start":{"line":29,"column":16},"end":{"line":29,"column":81}},"15":{"start":{"line":32,"column":12},"end":{"line":32,"column":72}},"16":{"start":{"line":36,"column":8},"end":{"line":42,"column":9}},"17":{"start":{"line":37,"column":26},"end":{"line":37,"column":57}},"18":{"start":{"line":38,"column":12},"end":{"line":38,"column":40}},"19":{"start":{"line":40,"column":12},"end":{"line":40,"column":33}},"20":{"start":{"line":41,"column":12},"end":{"line":41,"column":114}},"21":{"start":{"line":45,"column":8},"end":{"line":58,"column":9}},"22":{"start":{"line":46,"column":25},"end":{"line":46,"column":65}},"23":{"start":{"line":47,"column":12},"end":{"line":47,"column":82}},"24":{"start":{"line":47,"column":23},"end":{"line":47,"column":82}},"25":{"start":{"line":48,"column":12},"end":{"line":50,"column":13}},"26":{"start":{"line":49,"column":16},"end":{"line":49,"column":97}},"27":{"start":{"line":51,"column":12},"end":{"line":51,"column":39}},"28":{"start":{"line":54,"column":12},"end":{"line":56,"column":13}},"29":{"start":{"line":55,"column":16},"end":{"line":55,"column":81}},"30":{"start":{"line":57,"column":12},"end":{"line":57,"column":61}},"31":{"start":{"line":62,"column":8},"end":{"line":79,"column":9}},"32":{"start":{"line":63,"column":31},"end":{"line":63,"column":44}},"33":{"start":{"line":66,"column":36},"end":{"line":66,"column":40}},"34":{"start":{"line":69,"column":32},"end":{"line":69,"column":97}},"35":{"start":{"line":71,"column":12},"end":{"line":73,"column":13}},"36":{"start":{"line":72,"column":16},"end":{"line":72,"column":83}},"37":{"start":{"line":75,"column":12},"end":{"line":75,"column":46}},"38":{"start":{"line":78,"column":12},"end":{"line":78,"column":61}},"39":{"start":{"line":83,"column":8},"end":{"line":99,"column":9}},"40":{"start":{"line":84,"column":12},"end":{"line":86,"column":13}},"41":{"start":{"line":85,"column":16},"end":{"line":85,"column":81}},"42":{"start":{"line":87,"column":32},"end":{"line":87,"column":75}},"43":{"start":{"line":89,"column":12},"end":{"line":91,"column":13}},"44":{"start":{"line":90,"column":16},"end":{"line":90,"column":83}},"45":{"start":{"line":93,"column":12},"end":{"line":93,"column":83}},"46":{"start":{"line":95,"column":12},"end":{"line":95,"column":76}},"47":{"start":{"line":96,"column":12},"end":{"line":98,"column":15}},"48":{"start":{"line":102,"column":8},"end":{"line":130,"column":9}},"49":{"start":{"line":103,"column":33},"end":{"line":103,"column":41}},"50":{"start":{"line":105,"column":12},"end":{"line":109,"column":13}},"51":{"start":{"line":106,"column":16},"end":{"line":108,"column":19}},"52":{"start":{"line":111,"column":25},"end":{"line":114,"column":13}},"53":{"start":{"line":116,"column":12},"end":{"line":120,"column":13}},"54":{"start":{"line":117,"column":16},"end":{"line":119,"column":19}},"55":{"start":{"line":122,"column":12},"end":{"line":125,"column":15}},"56":{"start":{"line":127,"column":12},"end":{"line":129,"column":15}},"57":{"start":{"line":134,"column":0},"end":{"line":134,"column":32}}},"fnMap":{"0":{"name":"(anonymous_0)","decl":{"start":{"line":5,"column":24},"end":{"line":5,"column":25}},"loc":{"start":{"line":5,"column":44},"end":{"line":34,"column":5}},"line":5},"1":{"name":"(anonymous_1)","decl":{"start":{"line":35,"column":20},"end":{"line":35,"column":21}},"loc":{"start":{"line":35,"column":40},"end":{"line":43,"column":5}},"line":35},"2":{"name":"(anonymous_2)","decl":{"start":{"line":44,"column":13},"end":{"line":44,"column":14}},"loc":{"start":{"line":44,"column":33},"end":{"line":59,"column":5}},"line":44},"3":{"name":"(anonymous_3)","decl":{"start":{"line":61,"column":14},"end":{"line":61,"column":15}},"loc":{"start":{"line":61,"column":34},"end":{"line":80,"column":5}},"line":61},"4":{"name":"(anonymous_4)","decl":{"start":{"line":81,"column":17},"end":{"line":81,"column":18}},"loc":{"start":{"line":81,"column":37},"end":{"line":100,"column":5}},"line":81},"5":{"name":"(anonymous_5)","decl":{"start":{"line":101,"column":22},"end":{"line":101,"column":23}},"loc":{"start":{"line":101,"column":42},"end":{"line":131,"column":5}},"line":101}},"branchMap":{"0":{"loc":{"start":{"line":16,"column":12},"end":{"line":18,"column":13}},"type":"if","locations":[{"start":{"line":16,"column":12},"end":{"line":18,"column":13}},{"start":{},"end":{}}],"line":16},"1":{"loc":{"start":{"line":20,"column":12},"end":{"line":22,"column":13}},"type":"if","locations":[{"start":{"line":20,"column":12},"end":{"line":22,"column":13}},{"start":{},"end":{}}],"line":20},"2":{"loc":{"start":{"line":24,"column":12},"end":{"line":26,"column":13}},"type":"if","locations":[{"start":{"line":24,"column":12},"end":{"line":26,"column":13}},{"start":{},"end":{}}],"line":24},"3":{"loc":{"start":{"line":28,"column":12},"end":{"line":30,"column":13}},"type":"if","locations":[{"start":{"line":28,"column":12},"end":{"line":30,"column":13}},{"start":{},"end":{}}],"line":28},"4":{"loc":{"start":{"line":47,"column":12},"end":{"line":47,"column":82}},"type":"if","locations":[{"start":{"line":47,"column":12},"end":{"line":47,"column":82}},{"start":{},"end":{}}],"line":47},"5":{"loc":{"start":{"line":48,"column":12},"end":{"line":50,"column":13}},"type":"if","locations":[{"start":{"line":48,"column":12},"end":{"line":50,"column":13}},{"start":{},"end":{}}],"line":48},"6":{"loc":{"start":{"line":54,"column":12},"end":{"line":56,"column":13}},"type":"if","locations":[{"start":{"line":54,"column":12},"end":{"line":56,"column":13}},{"start":{},"end":{}}],"line":54},"7":{"loc":{"start":{"line":71,"column":12},"end":{"line":73,"column":13}},"type":"if","locations":[{"start":{"line":71,"column":12},"end":{"line":73,"column":13}},{"start":{},"end":{}}],"line":71},"8":{"loc":{"start":{"line":84,"column":12},"end":{"line":86,"column":13}},"type":"if","locations":[{"start":{"line":84,"column":12},"end":{"line":86,"column":13}},{"start":{},"end":{}}],"line":84},"9":{"loc":{"start":{"line":89,"column":12},"end":{"line":91,"column":13}},"type":"if","locations":[{"start":{"line":89,"column":12},"end":{"line":91,"column":13}},{"start":{},"end":{}}],"line":89},"10":{"loc":{"start":{"line":96,"column":23},"end":{"line":96,"column":42}},"type":"binary-expr","locations":[{"start":{"line":96,"column":23},"end":{"line":96,"column":35}},{"start":{"line":96,"column":39},"end":{"line":96,"column":42}}],"line":96},"11":{"loc":{"start":{"line":97,"column":25},"end":{"line":97,"column":58}},"type":"binary-expr","locations":[{"start":{"line":97,"column":25},"end":{"line":97,"column":38}},{"start":{"line":97,"column":42},"end":{"line":97,"column":58}}],"line":97},"12":{"loc":{"start":{"line":105,"column":12},"end":{"line":109,"column":13}},"type":"if","locations":[{"start":{"line":105,"column":12},"end":{"line":109,"column":13}},{"start":{},"end":{}}],"line":105},"13":{"loc":{"start":{"line":116,"column":12},"end":{"line":120,"column":13}},"type":"if","locations":[{"start":{"line":116,"column":12},"end":{"line":120,"column":13}},{"start":{},"end":{}}],"line":116}},"s":{"0":7,"1":7,"2":7,"3":0,"4":0,"5":0,"6":0,"7":0,"8":0,"9":0,"10":0,"11":0,"12":0,"13":0,"14":0,"15":0,"16":0,"17":0,"18":0,"19":0,"20":0,"21":0,"22":0,"23":0,"24":0,"25":0,"26":0,"27":0,"28":0,"29":0,"30":0,"31":0,"32":0,"33":0,"34":0,"35":0,"36":0,"37":0,"38":0,"39":0,"40":0,"41":0,"42":0,"43":0,"44":0,"45":0,"46":0,"47":0,"48":0,"49":0,"50":0,"51":0,"52":0,"53":0,"54":0,"55":0,"56":0,"57":7},"f":{"0":0,"1":0,"2":0,"3":0,"4":0,"5":0},"b":{"0":[0,0],"1":[0,0],"2":[0,0],"3":[0,0],"4":[0,0],"5":[0,0],"6":[0,0],"7":[0,0],"8":[0,0],"9":[0,0],"10":[0,0],"11":[0,0],"12":[0,0],"13":[0,0]},"_coverageSchema":"1a1c01bbd47fc00a2c39e90264f33305004495a9","hash":"d996ec1bef07bc67c2c08d087a4d05f82378fb30"}
,"C:\\Projet_Laury\\TrackCaloriLog\\TrackCaloriLog_Back\\src\\modules\\user\\user.model.js": {"path":"C:\\Projet_Laury\\TrackCaloriLog\\TrackCaloriLog_Back\\src\\modules\\user\\user.model.js","statementMap":{"0":{"start":{"line":1,"column":17},"end":{"line":1,"column":36}},"1":{"start":{"line":3,"column":19},"end":{"line":54,"column":24}},"2":{"start":{"line":56,"column":13},"end":{"line":56,"column":47}},"3":{"start":{"line":58,"column":0},"end":{"line":58,"column":22}}},"fnMap":{},"branchMap":{},"s":{"0":7,"1":7,"2":7,"3":7},"f":{},"b":{},"_coverageSchema":"1a1c01bbd47fc00a2c39e90264f33305004495a9","hash":"6b3fadb9b9407c401fe4b0255b9371d90f829f9e"}
,"C:\\Projet_Laury\\TrackCaloriLog\\TrackCaloriLog_Back\\src\\modules\\user\\user.routes.js": {"path":"C:\\Projet_Laury\\TrackCaloriLog\\TrackCaloriLog_Back\\src\\modules\\user\\user.routes.js","statementMap":{"0":{"start":{"line":1,"column":16},"end":{"line":1,"column":34}},"1":{"start":{"line":2,"column":15},"end":{"line":2,"column":31}},"2":{"start":{"line":3,"column":23},"end":{"line":3,"column":51}},"3":{"start":{"line":7,"column":0},"end":{"line":7,"column":55}},"4":{"start":{"line":9,"column":0},"end":{"line":9,"column":60}},"5":{"start":{"line":16,"column":0},"end":{"line":16,"column":59}},"6":{"start":{"line":17,"column":0},"end":{"line":17,"column":44}},"7":{"start":{"line":18,"column":0},"end":{"line":18,"column":43}},"8":{"start":{"line":19,"column":0},"end":{"line":19,"column":50}},"9":{"start":{"line":21,"column":0},"end":{"line":21,"column":24}}},"fnMap":{},"branchMap":{},"s":{"0":7,"1":7,"2":7,"3":7,"4":7,"5":7,"6":7,"7":7,"8":7,"9":7},"f":{},"b":{},"_coverageSchema":"1a1c01bbd47fc00a2c39e90264f33305004495a9","hash":"ae4cc3e8ea97618555c04375d9b1d12672e90190"}
,"C:\\Projet_Laury\\TrackCaloriLog\\TrackCaloriLog_Back\\src\\modules\\user\\user.service.js": {"path":"C:\\Projet_Laury\\TrackCaloriLog\\TrackCaloriLog_Back\\src\\modules\\user\\user.service.js","statementMap":{"0":{"start":{"line":1,"column":13},"end":{"line":1,"column":36}},"1":{"start":{"line":2,"column":15},"end":{"line":2,"column":32}},"2":{"start":{"line":3,"column":15},"end":{"line":3,"column":32}},"3":{"start":{"line":4,"column":17},"end":{"line":4,"column":36}},"4":{"start":{"line":6,"column":20},"end":{"line":193,"column":1}},"5":{"start":{"line":8,"column":8},"end":{"line":20,"column":9}},"6":{"start":{"line":9,"column":26},"end":{"line":9,"column":36}},"7":{"start":{"line":10,"column":34},"end":{"line":10,"column":58}},"8":{"start":{"line":11,"column":12},"end":{"line":11,"column":57}},"9":{"start":{"line":11,"column":48},"end":{"line":11,"column":57}},"10":{"start":{"line":12,"column":22},"end":{"line":12,"column":71}},"11":{"start":{"line":13,"column":25},"end":{"line":13,"column":68}},"12":{"start":{"line":14,"column":12},"end":{"line":16,"column":13}},"13":{"start":{"line":15,"column":16},"end":{"line":15,"column":22}},"14":{"start":{"line":17,"column":12},"end":{"line":17,"column":23}},"15":{"start":{"line":19,"column":12},"end":{"line":19,"column":69}},"16":{"start":{"line":23,"column":8},"end":{"line":69,"column":9}},"17":{"start":{"line":24,"column":12},"end":{"line":26,"column":13}},"18":{"start":{"line":25,"column":16},"end":{"line":25,"column":75}},"19":{"start":{"line":28,"column":12},"end":{"line":30,"column":13}},"20":{"start":{"line":29,"column":16},"end":{"line":29,"column":84}},"21":{"start":{"line":33,"column":35},"end":{"line":33,"column":70}},"22":{"start":{"line":35,"column":24},"end":{"line":35,"column":57}},"23":{"start":{"line":37,"column":38},"end":{"line":37,"column":76}},"24":{"start":{"line":40,"column":12},"end":{"line":42,"column":13}},"25":{"start":{"line":41,"column":16},"end":{"line":41,"column":88}},"26":{"start":{"line":43,"column":28},"end":{"line":56,"column":14}},"27":{"start":{"line":57,"column":31},"end":{"line":57,"column":49}},"28":{"start":{"line":58,"column":12},"end":{"line":58,"column":39}},"29":{"start":{"line":60,"column":12},"end":{"line":60,"column":30}},"30":{"start":{"line":62,"column":12},"end":{"line":64,"column":13}},"31":{"start":{"line":63,"column":16},"end":{"line":63,"column":86}},"32":{"start":{"line":65,"column":12},"end":{"line":67,"column":13}},"33":{"start":{"line":66,"column":16},"end":{"line":66,"column":62}},"34":{"start":{"line":68,"column":12},"end":{"line":68,"column":24}},"35":{"start":{"line":72,"column":8},"end":{"line":77,"column":9}},"36":{"start":{"line":74,"column":12},"end":{"line":74,"column":70}},"37":{"start":{"line":76,"column":12},"end":{"line":76,"column":105}},"38":{"start":{"line":80,"column":8},"end":{"line":86,"column":9}},"39":{"start":{"line":81,"column":26},"end":{"line":81,"column":115}},"40":{"start":{"line":82,"column":12},"end":{"line":82,"column":25}},"41":{"start":{"line":84,"column":12},"end":{"line":84,"column":87}},"42":{"start":{"line":85,"column":12},"end":{"line":85,"column":24}},"43":{"start":{"line":89,"column":8},"end":{"line":100,"column":9}},"44":{"start":{"line":91,"column":12},"end":{"line":94,"column":13}},"45":{"start":{"line":93,"column":16},"end":{"line":93,"column":28}},"46":{"start":{"line":95,"column":25},"end":{"line":95,"column":124}},"47":{"start":{"line":96,"column":12},"end":{"line":96,"column":24}},"48":{"start":{"line":98,"column":12},"end":{"line":98,"column":77}},"49":{"start":{"line":99,"column":12},"end":{"line":99,"column":24}},"50":{"start":{"line":103,"column":8},"end":{"line":138,"column":9}},"51":{"start":{"line":105,"column":34},"end":{"line":105,"column":91}},"52":{"start":{"line":108,"column":29},"end":{"line":108,"column":31}},"53":{"start":{"line":111,"column":12},"end":{"line":115,"column":15}},"54":{"start":{"line":112,"column":16},"end":{"line":114,"column":17}},"55":{"start":{"line":113,"column":20},"end":{"line":113,"column":56}},"56":{"start":{"line":119,"column":12},"end":{"line":126,"column":13}},"57":{"start":{"line":120,"column":40},"end":{"line":120,"column":84}},"58":{"start":{"line":121,"column":16},"end":{"line":125,"column":19}},"59":{"start":{"line":122,"column":20},"end":{"line":124,"column":21}},"60":{"start":{"line":123,"column":24},"end":{"line":123,"column":60}},"61":{"start":{"line":128,"column":32},"end":{"line":132,"column":13}},"62":{"start":{"line":134,"column":12},"end":{"line":134,"column":31}},"63":{"start":{"line":136,"column":12},"end":{"line":136,"column":69}},"64":{"start":{"line":137,"column":12},"end":{"line":137,"column":24}},"65":{"start":{"line":141,"column":8},"end":{"line":177,"column":9}},"66":{"start":{"line":143,"column":25},"end":{"line":143,"column":72}},"67":{"start":{"line":146,"column":12},"end":{"line":150,"column":13}},"68":{"start":{"line":147,"column":28},"end":{"line":147,"column":64}},"69":{"start":{"line":148,"column":16},"end":{"line":148,"column":33}},"70":{"start":{"line":149,"column":16},"end":{"line":149,"column":26}},"71":{"start":{"line":154,"column":37},"end":{"line":154,"column":80}},"72":{"start":{"line":156,"column":12},"end":{"line":168,"column":15}},"73":{"start":{"line":171,"column":12},"end":{"line":171,"column":49}},"74":{"start":{"line":173,"column":12},"end":{"line":173,"column":24}},"75":{"start":{"line":175,"column":12},"end":{"line":175,"column":76}},"76":{"start":{"line":176,"column":12},"end":{"line":176,"column":24}},"77":{"start":{"line":180,"column":8},"end":{"line":191,"column":9}},"78":{"start":{"line":181,"column":25},"end":{"line":185,"column":13}},"79":{"start":{"line":187,"column":12},"end":{"line":187,"column":24}},"80":{"start":{"line":189,"column":12},"end":{"line":189,"column":58}},"81":{"start":{"line":190,"column":12},"end":{"line":190,"column":24}},"82":{"start":{"line":195,"column":0},"end":{"line":195,"column":29}}},"fnMap":{"0":{"name":"(anonymous_0)","decl":{"start":{"line":7,"column":15},"end":{"line":7,"column":16}},"loc":{"start":{"line":7,"column":25},"end":{"line":21,"column":5}},"line":7},"1":{"name":"(anonymous_1)","decl":{"start":{"line":22,"column":16},"end":{"line":22,"column":17}},"loc":{"start":{"line":22,"column":31},"end":{"line":70,"column":5}},"line":22},"2":{"name":"(anonymous_2)","decl":{"start":{"line":71,"column":17},"end":{"line":71,"column":18}},"loc":{"start":{"line":71,"column":34},"end":{"line":78,"column":5}},"line":71},"3":{"name":"(anonymous_3)","decl":{"start":{"line":79,"column":17},"end":{"line":79,"column":18}},"loc":{"start":{"line":79,"column":29},"end":{"line":87,"column":5}},"line":79},"4":{"name":"(anonymous_4)","decl":{"start":{"line":88,"column":13},"end":{"line":88,"column":14}},"loc":{"start":{"line":88,"column":31},"end":{"line":101,"column":5}},"line":88},"5":{"name":"(anonymous_5)","decl":{"start":{"line":102,"column":14},"end":{"line":102,"column":15}},"loc":{"start":{"line":102,"column":65},"end":{"line":139,"column":5}},"line":102},"6":{"name":"(anonymous_6)","decl":{"start":{"line":111,"column":34},"end":{"line":111,"column":35}},"loc":{"start":{"line":111,"column":43},"end":{"line":115,"column":13}},"line":111},"7":{"name":"(anonymous_7)","decl":{"start":{"line":121,"column":40},"end":{"line":121,"column":41}},"loc":{"start":{"line":121,"column":49},"end":{"line":125,"column":17}},"line":121},"8":{"name":"(anonymous_8)","decl":{"start":{"line":140,"column":16},"end":{"line":140,"column":17}},"loc":{"start":{"line":140,"column":34},"end":{"line":178,"column":5}},"line":140},"9":{"name":"(anonymous_9)","decl":{"start":{"line":179,"column":18},"end":{"line":179,"column":19}},"loc":{"start":{"line":179,"column":46},"end":{"line":192,"column":5}},"line":179}},"branchMap":{"0":{"loc":{"start":{"line":11,"column":12},"end":{"line":11,"column":57}},"type":"if","locations":[{"start":{"line":11,"column":12},"end":{"line":11,"column":57}},{"start":{},"end":{}}],"line":11},"1":{"loc":{"start":{"line":14,"column":12},"end":{"line":16,"column":13}},"type":"if","locations":[{"start":{"line":14,"column":12},"end":{"line":16,"column":13}},{"start":{},"end":{}}],"line":14},"2":{"loc":{"start":{"line":14,"column":15},"end":{"line":14,"column":83}},"type":"binary-expr","locations":[{"start":{"line":14,"column":15},"end":{"line":14,"column":23}},{"start":{"line":14,"column":28},"end":{"line":14,"column":37}},{"start":{"line":14,"column":41},"end":{"line":14,"column":82}}],"line":14},"3":{"loc":{"start":{"line":24,"column":12},"end":{"line":26,"column":13}},"type":"if","locations":[{"start":{"line":24,"column":12},"end":{"line":26,"column":13}},{"start":{},"end":{}}],"line":24},"4":{"loc":{"start":{"line":24,"column":15},"end":{"line":24,"column":44}},"type":"binary-expr","locations":[{"start":{"line":24,"column":15},"end":{"line":24,"column":26}},{"start":{"line":24,"column":30},"end":{"line":24,"column":44}}],"line":24},"5":{"loc":{"start":{"line":28,"column":12},"end":{"line":30,"column":13}},"type":"if","locations":[{"start":{"line":28,"column":12},"end":{"line":30,"column":13}},{"start":{},"end":{}}],"line":28},"6":{"loc":{"start":{"line":40,"column":12},"end":{"line":42,"column":13}},"type":"if","locations":[{"start":{"line":40,"column":12},"end":{"line":42,"column":13}},{"start":{},"end":{}}],"line":40},"7":{"loc":{"start":{"line":52,"column":22},"end":{"line":52,"column":41}},"type":"binary-expr","locations":[{"start":{"line":52,"column":22},"end":{"line":52,"column":31}},{"start":{"line":52,"column":35},"end":{"line":52,"column":41}}],"line":52},"8":{"loc":{"start":{"line":53,"column":26},"end":{"line":53,"column":47}},"type":"binary-expr","locations":[{"start":{"line":53,"column":26},"end":{"line":53,"column":39}},{"start":{"line":53,"column":43},"end":{"line":53,"column":47}}],"line":53},"9":{"loc":{"start":{"line":62,"column":12},"end":{"line":64,"column":13}},"type":"if","locations":[{"start":{"line":62,"column":12},"end":{"line":64,"column":13}},{"start":{},"end":{}}],"line":62},"10":{"loc":{"start":{"line":65,"column":12},"end":{"line":67,"column":13}},"type":"if","locations":[{"start":{"line":65,"column":12},"end":{"line":67,"column":13}},{"start":{},"end":{}}],"line":65},"11":{"loc":{"start":{"line":91,"column":12},"end":{"line":94,"column":13}},"type":"if","locations":[{"start":{"line":91,"column":12},"end":{"line":94,"column":13}},{"start":{},"end":{}}],"line":91},"12":{"loc":{"start":{"line":102,"column":39},"end":{"line":102,"column":60}},"type":"default-arg","locations":[{"start":{"line":102,"column":55},"end":{"line":102,"column":60}}],"line":102},"13":{"loc":{"start":{"line":112,"column":16},"end":{"line":114,"column":17}},"type":"if","locations":[{"start":{"line":112,"column":16},"end":{"line":114,"column":17}},{"start":{},"end":{}}],"line":112},"14":{"loc":{"start":{"line":119,"column":12},"end":{"line":126,"column":13}},"type":"if","locations":[{"start":{"line":119,"column":12},"end":{"line":126,"column":13}},{"start":{},"end":{}}],"line":119},"15":{"loc":{"start":{"line":122,"column":20},"end":{"line":124,"column":21}},"type":"if","locations":[{"start":{"line":122,"column":20},"end":{"line":124,"column":21}},{"start":{},"end":{}}],"line":122},"16":{"loc":{"start":{"line":146,"column":12},"end":{"line":150,"column":13}},"type":"if","locations":[{"start":{"line":146,"column":12},"end":{"line":150,"column":13}},{"start":{},"end":{}}],"line":146}},"s":{"0":7,"1":7,"2":7,"3":7,"4":7,"5":6,"6":6,"7":6,"8":6,"9":0,"10":6,"11":6,"12":6,"13":0,"14":6,"15":0,"16":6,"17":6,"18":0,"19":6,"20":0,"21":6,"22":6,"23":6,"24":6,"25":0,"26":6,"27":6,"28":6,"29":6,"30":0,"31":0,"32":0,"33":0,"34":0,"35":12,"36":12,"37":0,"38":0,"39":0,"40":0,"41":0,"42":0,"43":0,"44":0,"45":0,"46":0,"47":0,"48":0,"49":0,"50":0,"51":0,"52":0,"53":0,"54":0,"55":0,"56":0,"57":0,"58":0,"59":0,"60":0,"61":0,"62":0,"63":0,"64":0,"65":2,"66":2,"67":2,"68":1,"69":1,"70":1,"71":1,"72":1,"73":1,"74":1,"75":1,"76":1,"77":0,"78":0,"79":0,"80":0,"81":0,"82":7},"f":{"0":6,"1":6,"2":12,"3":0,"4":0,"5":0,"6":0,"7":0,"8":2,"9":0},"b":{"0":[0,6],"1":[0,6],"2":[6,6,6],"3":[0,6],"4":[6,6],"5":[0,6],"6":[0,6],"7":[6,6],"8":[6,6],"9":[0,0],"10":[0,0],"11":[0,0],"12":[0],"13":[0,0],"14":[0,0],"15":[0,0],"16":[1,1]},"_coverageSchema":"1a1c01bbd47fc00a2c39e90264f33305004495a9","hash":"e39eeca54aa68d56ed1c94abdd77bda13564dfea"}
,"C:\\Projet_Laury\\TrackCaloriLog\\TrackCaloriLog_Back\\src\\modules\\usersex\\usersex.controller.js": {"path":"C:\\Projet_Laury\\TrackCaloriLog\\TrackCaloriLog_Back\\src\\modules\\usersex\\usersex.controller.js","statementMap":{"0":{"start":{"line":1,"column":23},"end":{"line":1,"column":51}},"1":{"start":{"line":3,"column":26},"end":{"line":38,"column":1}},"2":{"start":{"line":5,"column":8},"end":{"line":24,"column":9}},"3":{"start":{"line":6,"column":32},"end":{"line":6,"column":40}},"4":{"start":{"line":9,"column":12},"end":{"line":11,"column":13}},"5":{"start":{"line":10,"column":16},"end":{"line":10,"column":90}},"6":{"start":{"line":13,"column":31},"end":{"line":13,"column":74}},"7":{"start":{"line":15,"column":12},"end":{"line":18,"column":15}},"8":{"start":{"line":20,"column":12},"end":{"line":20,"column":41}},"9":{"start":{"line":21,"column":12},"end":{"line":23,"column":15}},"10":{"start":{"line":28,"column":8},"end":{"line":36,"column":9}},"11":{"start":{"line":29,"column":26},"end":{"line":29,"column":60}},"12":{"start":{"line":30,"column":12},"end":{"line":30,"column":40}},"13":{"start":{"line":32,"column":12},"end":{"line":32,"column":33}},"14":{"start":{"line":33,"column":12},"end":{"line":35,"column":15}},"15":{"start":{"line":40,"column":0},"end":{"line":40,"column":35}}},"fnMap":{"0":{"name":"(anonymous_0)","decl":{"start":{"line":4,"column":23},"end":{"line":4,"column":24}},"loc":{"start":{"line":4,"column":43},"end":{"line":25,"column":5}},"line":4},"1":{"name":"(anonymous_1)","decl":{"start":{"line":27,"column":20},"end":{"line":27,"column":21}},"loc":{"start":{"line":27,"column":40},"end":{"line":37,"column":5}},"line":27}},"branchMap":{"0":{"loc":{"start":{"line":9,"column":12},"end":{"line":11,"column":13}},"type":"if","locations":[{"start":{"line":9,"column":12},"end":{"line":11,"column":13}},{"start":{},"end":{}}],"line":9},"1":{"loc":{"start":{"line":9,"column":16},"end":{"line":9,"column":99}},"type":"binary-expr","locations":[{"start":{"line":9,"column":16},"end":{"line":9,"column":34}},{"start":{"line":9,"column":38},"end":{"line":9,"column":71}},{"start":{"line":9,"column":75},"end":{"line":9,"column":99}}],"line":9},"2":{"loc":{"start":{"line":22,"column":25},"end":{"line":22,"column":88}},"type":"binary-expr","locations":[{"start":{"line":22,"column":25},"end":{"line":22,"column":38}},{"start":{"line":22,"column":42},"end":{"line":22,"column":88}}],"line":22}},"s":{"0":7,"1":7,"2":6,"3":6,"4":6,"5":1,"6":5,"7":5,"8":0,"9":0,"10":1,"11":1,"12":1,"13":0,"14":0,"15":7},"f":{"0":6,"1":1},"b":{"0":[1,5],"1":[6,6,5],"2":[0,0]},"_coverageSchema":"1a1c01bbd47fc00a2c39e90264f33305004495a9","hash":"7dd73ce290cacf941375ea394ba4b4987af57393"}
,"C:\\Projet_Laury\\TrackCaloriLog\\TrackCaloriLog_Back\\src\\modules\\usersex\\usersex.model.js": {"path":"C:\\Projet_Laury\\TrackCaloriLog\\TrackCaloriLog_Back\\src\\modules\\usersex\\usersex.model.js","statementMap":{"0":{"start":{"line":1,"column":17},"end":{"line":1,"column":36}},"1":{"start":{"line":3,"column":18},"end":{"line":8,"column":39}},"2":{"start":{"line":10,"column":16},"end":{"line":10,"column":48}},"3":{"start":{"line":12,"column":0},"end":{"line":12,"column":25}}},"fnMap":{},"branchMap":{},"s":{"0":7,"1":7,"2":7,"3":7},"f":{},"b":{},"_coverageSchema":"1a1c01bbd47fc00a2c39e90264f33305004495a9","hash":"361315a272392b0d509275caadc7209bc7960937"}
,"C:\\Projet_Laury\\TrackCaloriLog\\TrackCaloriLog_Back\\src\\modules\\usersex\\usersex.routes.js": {"path":"C:\\Projet_Laury\\TrackCaloriLog\\TrackCaloriLog_Back\\src\\modules\\usersex\\usersex.routes.js","statementMap":{"0":{"start":{"line":1,"column":16},"end":{"line":1,"column":34}},"1":{"start":{"line":2,"column":15},"end":{"line":2,"column":31}},"2":{"start":{"line":3,"column":26},"end":{"line":3,"column":57}},"3":{"start":{"line":4,"column":23},"end":{"line":4,"column":66}},"4":{"start":{"line":6,"column":0},"end":{"line":6,"column":58}},"5":{"start":{"line":7,"column":0},"end":{"line":7,"column":62}},"6":{"start":{"line":9,"column":0},"end":{"line":9,"column":24}}},"fnMap":{},"branchMap":{},"s":{"0":7,"1":7,"2":7,"3":7,"4":7,"5":7,"6":7},"f":{},"b":{},"_coverageSchema":"1a1c01bbd47fc00a2c39e90264f33305004495a9","hash":"1a5a5698ee74cce65e714778b5846ffa278ed71d"}
,"C:\\Projet_Laury\\TrackCaloriLog\\TrackCaloriLog_Back\\src\\modules\\usersex\\usersex.service.js": {"path":"C:\\Projet_Laury\\TrackCaloriLog\\TrackCaloriLog_Back\\src\\modules\\usersex\\usersex.service.js","statementMap":{"0":{"start":{"line":1,"column":16},"end":{"line":1,"column":42}},"1":{"start":{"line":3,"column":23},"end":{"line":33,"column":1}},"2":{"start":{"line":5,"column":8},"end":{"line":22,"column":9}},"3":{"start":{"line":7,"column":28},"end":{"line":7,"column":76}},"4":{"start":{"line":8,"column":27},"end":{"line":8,"column":73}},"5":{"start":{"line":10,"column":31},"end":{"line":15,"column":14}},"6":{"start":{"line":17,"column":29},"end":{"line":17,"column":52}},"7":{"start":{"line":18,"column":12},"end":{"line":18,"column":39}},"8":{"start":{"line":20,"column":12},"end":{"line":20,"column":70}},"9":{"start":{"line":21,"column":12},"end":{"line":21,"column":24}},"10":{"start":{"line":26,"column":8},"end":{"line":31,"column":9}},"11":{"start":{"line":27,"column":12},"end":{"line":27,"column":40}},"12":{"start":{"line":29,"column":12},"end":{"line":29,"column":72}},"13":{"start":{"line":30,"column":12},"end":{"line":30,"column":24}},"14":{"start":{"line":35,"column":0},"end":{"line":35,"column":32}}},"fnMap":{"0":{"name":"(anonymous_0)","decl":{"start":{"line":4,"column":15},"end":{"line":4,"column":16}},"loc":{"start":{"line":4,"column":31},"end":{"line":23,"column":5}},"line":4},"1":{"name":"(anonymous_1)","decl":{"start":{"line":25,"column":17},"end":{"line":25,"column":18}},"loc":{"start":{"line":25,"column":29},"end":{"line":32,"column":5}},"line":25}},"branchMap":{"0":{"loc":{"start":{"line":8,"column":27},"end":{"line":8,"column":73}},"type":"cond-expr","locations":[{"start":{"line":8,"column":54},"end":{"line":8,"column":69}},{"start":{"line":8,"column":72},"end":{"line":8,"column":73}}],"line":8},"1":{"loc":{"start":{"line":8,"column":28},"end":{"line":8,"column":50}},"type":"binary-expr","locations":[{"start":{"line":8,"column":28},"end":{"line":8,"column":35}},{"start":{"line":8,"column":39},"end":{"line":8,"column":50}}],"line":8}},"s":{"0":7,"1":7,"2":5,"3":5,"4":5,"5":5,"6":5,"7":5,"8":0,"9":0,"10":2,"11":2,"12":1,"13":1,"14":7},"f":{"0":5,"1":2},"b":{"0":[2,3],"1":[5,2]},"_coverageSchema":"1a1c01bbd47fc00a2c39e90264f33305004495a9","hash":"bcc1c4d63c5b8c4c8f7de115360506ee2d0db169"}
}
