TN:
SF:app.js
FN:26,(anonymous_0)
FN:27,(anonymous_1)
FN:34,(anonymous_2)
FN:65,(anonymous_3)
FN:81,(anonymous_4)
FN:87,(anonymous_5)
FN:92,(anonymous_6)
FN:96,(anonymous_7)
FN:100,(anonymous_8)
FN:104,(anonymous_9)
FN:108,(anonymous_10)
FN:114,(anonymous_11)
FN:119,(anonymous_12)
FNF:13
FNH:7
FNDA:0,(anonymous_0)
FNDA:0,(anonymous_1)
FNDA:0,(anonymous_2)
FNDA:71,(anonymous_3)
FNDA:1,(anonymous_4)
FNDA:2,(anonymous_5)
FNDA:2,(anonymous_6)
FNDA:1,(anonymous_7)
FNDA:1,(anonymous_8)
FNDA:0,(anonymous_9)
FNDA:0,(anonymous_10)
FNDA:0,(anonymous_11)
FNDA:19,(anonymous_12)
DA:1,7
DA:2,7
DA:3,7
DA:4,7
DA:5,7
DA:6,7
DA:9,7
DA:10,7
DA:11,7
DA:12,7
DA:13,7
DA:14,7
DA:16,7
DA:17,7
DA:19,7
DA:24,7
DA:25,0
DA:26,0
DA:27,0
DA:34,7
DA:35,0
DA:37,0
DA:39,0
DA:40,0
DA:43,0
DA:44,0
DA:45,0
DA:48,0
DA:49,0
DA:51,0
DA:54,0
DA:55,0
DA:60,7
DA:61,7
DA:65,7
DA:66,71
DA:67,71
DA:70,7
DA:73,7
DA:74,7
DA:75,7
DA:76,7
DA:77,7
DA:81,7
DA:83,1
DA:87,7
DA:89,2
DA:90,2
DA:91,2
DA:93,2
DA:96,7
DA:97,1
DA:100,7
DA:101,1
DA:104,7
DA:105,0
DA:108,7
DA:109,0
DA:114,7
DA:116,7
DA:119,7
DA:120,19
DA:123,7
LF:63
LH:46
BRDA:17,0,0,7
BRDA:17,0,1,0
BRDA:19,1,0,7
BRDA:19,1,1,0
BRDA:20,2,0,7
BRDA:20,2,1,0
BRDA:21,3,0,0
BRDA:21,3,1,0
BRDA:24,4,0,0
BRDA:24,4,1,7
BRDA:35,5,0,0
BRDA:35,5,1,0
BRDA:37,6,0,0
BRDA:37,6,1,0
BRDA:39,7,0,0
BRDA:39,7,1,0
BRDA:44,8,0,0
BRDA:44,8,1,0
BRDA:48,9,0,0
BRDA:48,9,1,0
BRDA:89,10,0,2
BRDA:89,10,1,1
BRDA:90,11,0,0
BRDA:90,11,1,2
BRF:24
BRH:7
end_of_record
TN:
SF:middlewares\authMiddleware.js
FN:6,(anonymous_0)
FN:32,(anonymous_1)
FNF:2
FNH:2
FNDA:18,(anonymous_0)
FNDA:18,(anonymous_1)
DA:1,7
DA:2,7
DA:4,7
DA:7,18
DA:8,18
DA:9,18
DA:10,0
DA:13,18
DA:14,18
DA:16,18
DA:17,18
DA:19,18
DA:20,0
DA:23,18
DA:24,18
DA:26,0
DA:27,0
DA:34,18
DA:35,1
DA:37,17
DA:41,7
LF:21
LH:17
BRDA:9,0,0,0
BRDA:9,0,1,18
BRDA:9,1,0,18
BRDA:9,1,1,18
BRDA:14,2,0,18
BRDA:14,2,1,0
BRDA:16,3,0,18
BRDA:16,3,1,6
BRDA:19,4,0,0
BRDA:19,4,1,18
BRDA:34,5,0,1
BRDA:34,5,1,17
BRDA:34,6,0,18
BRDA:34,6,1,18
BRF:14
BRH:11
end_of_record
TN:
SF:modules\admin\admin.controller.js
FN:5,(anonymous_0)
FN:14,(anonymous_1)
FN:31,(anonymous_2)
FN:40,(anonymous_3)
FN:56,(anonymous_4)
FN:93,(anonymous_5)
FNF:6
FNH:3
FNDA:1,(anonymous_0)
FNDA:3,(anonymous_1)
FNDA:0,(anonymous_2)
FNDA:5,(anonymous_3)
FNDA:0,(anonymous_4)
FNDA:0,(anonymous_5)
DA:1,7
DA:2,7
DA:4,7
DA:6,1
DA:7,1
DA:8,1
DA:10,0
DA:15,3
DA:16,3
DA:17,3
DA:19,3
DA:20,1
DA:23,2
DA:24,1
DA:26,1
DA:27,1
DA:32,0
DA:33,0
DA:34,0
DA:36,0
DA:41,5
DA:42,5
DA:43,5
DA:44,1
DA:47,4
DA:48,3
DA:50,2
DA:52,1
DA:57,0
DA:58,0
DA:59,0
DA:62,0
DA:63,0
DA:67,0
DA:68,0
DA:71,0
DA:72,0
DA:73,0
DA:74,0
DA:75,0
DA:76,0
DA:77,0
DA:80,0
DA:82,0
DA:89,0
DA:94,0
DA:95,0
DA:96,0
DA:97,0
DA:99,0
DA:104,7
LF:51
LH:24
BRDA:19,0,0,1
BRDA:19,0,1,2
BRDA:26,1,0,1
BRDA:26,1,1,1
BRDA:27,2,0,1
BRDA:27,2,1,0
BRDA:43,3,0,1
BRDA:43,3,1,4
BRDA:48,4,0,1
BRDA:48,4,1,2
BRDA:62,5,0,0
BRDA:62,5,1,0
BRDA:67,6,0,0
BRDA:67,6,1,0
BRDA:72,7,0,0
BRDA:72,7,1,0
BRDA:74,8,0,0
BRDA:74,8,1,0
BRDA:75,9,0,0
BRDA:75,9,1,0
BRDA:83,10,0,0
BRDA:83,10,1,0
BRDA:99,11,0,0
BRDA:99,11,1,0
BRF:24
BRH:9
end_of_record
TN:
SF:modules\admin\admin.routes.js
FN:17,(anonymous_0)
FN:37,(anonymous_1)
FNF:2
FNH:2
FNDA:1,(anonymous_0)
FNDA:1,(anonymous_1)
DA:1,7
DA:2,7
DA:3,7
DA:4,7
DA:5,7
DA:6,7
DA:9,7
DA:12,7
DA:13,7
DA:14,7
DA:17,7
DA:18,1
DA:19,1
DA:20,1
DA:22,1
DA:31,1
DA:32,1
DA:34,0
DA:37,7
DA:38,1
DA:39,1
DA:48,1
DA:49,1
DA:51,0
DA:56,7
DA:57,7
DA:59,7
LF:27
LH:25
BRDA:31,0,0,0
BRDA:31,0,1,1
BRDA:48,1,0,0
BRDA:48,1,1,1
BRF:4
BRH:2
end_of_record
TN:
SF:modules\admin\admin.service.js
FN:8,(anonymous_0)
FN:18,(anonymous_1)
FN:37,(anonymous_2)
FN:49,(anonymous_3)
FN:57,(anonymous_4)
FN:78,(anonymous_5)
FNF:6
FNH:4
FNDA:2,(anonymous_0)
FNDA:1,(anonymous_1)
FNDA:3,(anonymous_2)
FNDA:2,(anonymous_3)
FNDA:0,(anonymous_4)
FNDA:0,(anonymous_5)
DA:1,7
DA:2,7
DA:3,7
DA:4,7
DA:5,7
DA:7,7
DA:9,2
DA:10,2
DA:11,1
DA:13,1
DA:14,1
DA:19,1
DA:20,1
DA:25,1
DA:26,0
DA:27,0
DA:28,0
DA:30,1
DA:32,0
DA:33,0
DA:38,3
DA:39,3
DA:40,3
DA:42,2
DA:43,2
DA:45,0
DA:50,2
DA:51,1
DA:52,1
DA:54,1
DA:58,0
DA:59,0
DA:60,0
DA:63,0
DA:64,0
DA:67,0
DA:68,0
DA:69,0
DA:71,0
DA:73,0
DA:74,0
DA:79,0
DA:80,0
DA:86,0
DA:87,0
DA:89,0
DA:94,7
LF:47
LH:25
BRDA:25,0,0,0
BRDA:25,0,1,1
BRDA:40,1,0,1
BRDA:40,1,1,2
BRDA:60,2,0,0
BRDA:60,2,1,0
BRDA:63,3,0,0
BRDA:63,3,1,0
BRDA:86,4,0,0
BRDA:86,4,1,0
BRF:10
BRH:3
end_of_record
TN:
SF:modules\auth\auth.controller.js
FN:15,(anonymous_0)
FN:36,(anonymous_1)
FN:57,(anonymous_2)
FN:108,(anonymous_3)
FN:130,(anonymous_4)
FN:138,(anonymous_5)
FN:142,(anonymous_6)
FN:167,(anonymous_7)
FNF:8
FNH:5
FNDA:1,(anonymous_0)
FNDA:6,(anonymous_1)
FNDA:10,(anonymous_2)
FNDA:0,(anonymous_3)
FNDA:0,(anonymous_4)
FNDA:0,(anonymous_5)
FNDA:2,(anonymous_6)
FNDA:4,(anonymous_7)
DA:1,7
DA:2,7
DA:5,7
DA:15,7
DA:16,1
DA:17,1
DA:19,1
DA:32,1
DA:35,7
DA:37,6
DA:38,6
DA:39,6
DA:41,6
DA:48,6
DA:53,0
DA:58,10
DA:59,10
DA:62,10
DA:63,1
DA:66,1
DA:67,0
DA:70,0
DA:72,0
DA:73,0
DA:74,0
DA:78,0
DA:79,0
DA:83,0
DA:90,1
DA:94,9
DA:95,1
DA:96,1
DA:97,1
DA:101,0
DA:104,8
DA:109,0
DA:110,0
DA:111,0
DA:113,0
DA:114,0
DA:116,0
DA:124,0
DA:126,0
DA:131,0
DA:132,0
DA:133,0
DA:135,0
DA:139,0
DA:143,2
DA:144,2
DA:145,2
DA:147,1
DA:149,1
DA:160,1
DA:162,1
DA:168,4
DA:169,4
DA:170,4
DA:171,1
DA:173,3
DA:178,7
LF:61
LH:38
BRDA:53,0,0,0
BRDA:53,0,1,0
BRDA:66,1,0,0
BRDA:66,1,1,1
BRDA:70,2,0,0
BRDA:70,2,1,0
BRDA:70,3,0,0
BRDA:70,3,1,0
BRDA:79,4,0,0
BRDA:79,4,1,0
BRDA:94,5,0,1
BRDA:94,5,1,8
BRDA:111,6,0,0
BRDA:111,6,1,0
BRDA:114,7,0,0
BRDA:114,7,1,0
BRF:16
BRH:3
end_of_record
TN:
SF:modules\auth\auth.routes.js
FNF:0
FNH:0
DA:1,7
DA:2,7
DA:3,7
DA:4,7
DA:6,7
DA:7,7
DA:8,7
DA:9,7
DA:10,7
DA:11,7
DA:13,7
LF:11
LH:11
BRF:0
BRH:0
end_of_record
TN:
SF:modules\auth\auth.service.js
FN:8,(anonymous_0)
FN:11,(anonymous_1)
FN:87,(anonymous_2)
FN:102,(anonymous_3)
FN:120,(anonymous_4)
FN:135,(anonymous_5)
FNF:6
FNH:5
FNDA:6,(anonymous_0)
FNDA:10,(anonymous_1)
FNDA:0,(anonymous_2)
FNDA:1,(anonymous_3)
FNDA:2,(anonymous_4)
FNDA:4,(anonymous_5)
DA:1,7
DA:2,7
DA:3,7
DA:4,7
DA:5,7
DA:7,7
DA:9,6
DA:12,10
DA:14,10
DA:16,10
DA:17,1
DA:21,9
DA:22,1
DA:26,8
DA:27,1
DA:30,7
DA:31,0
DA:34,7
DA:35,0
DA:37,0
DA:38,0
DA:39,0
DA:40,0
DA:42,0
DA:45,0
DA:50,7
DA:52,7
DA:54,6
DA:56,6
DA:57,1
DA:58,1
DA:59,1
DA:62,5
DA:63,5
DA:67,1
DA:68,1
DA:69,1
DA:70,1
DA:72,1
DA:78,1
DA:84,9
DA:89,0
DA:92,0
DA:95,0
DA:96,0
DA:97,0
DA:99,0
DA:100,0
DA:103,1
DA:105,1
DA:106,1
DA:109,1
DA:112,1
DA:114,1
DA:115,1
DA:117,1
DA:121,2
DA:122,2
DA:125,1
DA:128,1
DA:129,1
DA:131,1
DA:132,1
DA:137,4
DA:142,4
DA:145,1
DA:146,1
DA:147,1
DA:149,1
DA:150,1
DA:154,7
LF:71
LH:56
BRDA:16,0,0,1
BRDA:16,0,1,9
BRDA:21,1,0,1
BRDA:21,1,1,8
BRDA:21,2,0,9
BRDA:21,2,1,1
BRDA:26,3,0,1
BRDA:26,3,1,7
BRDA:30,4,0,0
BRDA:30,4,1,7
BRDA:34,5,0,0
BRDA:34,5,1,7
BRDA:35,6,0,0
BRDA:35,6,1,0
BRDA:35,7,0,0
BRDA:35,7,1,0
BRDA:42,8,0,0
BRDA:42,8,1,0
BRDA:52,9,0,6
BRDA:52,9,1,1
BRDA:56,10,0,1
BRDA:56,10,1,5
BRDA:92,11,0,0
BRDA:92,11,1,0
BRDA:105,12,0,0
BRDA:105,12,1,1
BRDA:106,13,0,0
BRDA:106,13,1,1
BRDA:122,14,0,1
BRDA:122,14,1,1
BRDA:142,15,0,3
BRDA:142,15,1,1
BRF:32
BRH:20
end_of_record
TN:
SF:modules\deleteduser\deleteduser.controller.js
FN:6,(anonymous_0)
FN:16,(anonymous_1)
FN:27,(anonymous_2)
FN:38,(anonymous_3)
FN:50,(anonymous_4)
FNF:5
FNH:5
FNDA:1,(anonymous_0)
FNDA:1,(anonymous_1)
FNDA:1,(anonymous_2)
FNDA:2,(anonymous_3)
FNDA:1,(anonymous_4)
DA:1,7
DA:3,7
DA:7,1
DA:8,1
DA:9,1
DA:11,0
DA:17,1
DA:18,1
DA:19,1
DA:20,1
DA:22,0
DA:28,1
DA:29,1
DA:30,1
DA:31,1
DA:33,0
DA:39,2
DA:40,2
DA:41,1
DA:42,1
DA:44,1
DA:45,1
DA:47,0
DA:51,1
DA:52,1
DA:54,1
DA:55,0
DA:60,1
DA:62,0
DA:67,7
LF:30
LH:24
BRDA:19,0,0,0
BRDA:19,0,1,1
BRDA:30,1,0,0
BRDA:30,1,1,1
BRDA:41,2,0,0
BRDA:41,2,1,1
BRDA:44,3,0,1
BRDA:44,3,1,0
BRDA:54,4,0,0
BRDA:54,4,1,1
BRF:10
BRH:5
end_of_record
TN:
SF:modules\deleteduser\deleteduser.model.js
FNF:0
FNH:0
DA:1,7
DA:3,7
DA:21,7
DA:22,7
LF:4
LH:4
BRF:0
BRH:0
end_of_record
TN:
SF:modules\deleteduser\deleteduser.routes.js
FNF:0
FNH:0
DA:1,7
DA:2,7
DA:3,7
DA:4,7
DA:7,7
DA:11,7
DA:14,7
DA:17,7
DA:18,7
DA:19,7
DA:21,7
LF:11
LH:11
BRF:0
BRH:0
end_of_record
TN:
SF:modules\deleteduser\deleteduser.service.js
FN:5,(anonymous_0)
FN:26,(anonymous_1)
FN:35,(anonymous_2)
FN:44,(anonymous_3)
FN:52,(anonymous_4)
FNF:5
FNH:5
FNDA:2,(anonymous_0)
FNDA:1,(anonymous_1)
FNDA:1,(anonymous_2)
FNDA:1,(anonymous_3)
FNDA:1,(anonymous_4)
DA:1,7
DA:2,7
DA:4,7
DA:6,2
DA:8,2
DA:9,2
DA:10,1
DA:14,1
DA:15,1
DA:18,1
DA:20,1
DA:22,1
DA:23,1
DA:27,1
DA:28,1
DA:29,1
DA:31,0
DA:32,0
DA:36,1
DA:37,1
DA:38,1
DA:40,0
DA:41,0
DA:45,1
DA:46,1
DA:48,0
DA:49,0
DA:53,1
DA:54,1
DA:59,1
DA:61,0
DA:62,0
DA:68,7
LF:33
LH:25
BRDA:9,0,0,1
BRDA:9,0,1,1
BRF:2
BRH:2
end_of_record
TN:
SF:modules\user\user.controller.js
FN:5,(anonymous_0)
FN:35,(anonymous_1)
FN:44,(anonymous_2)
FN:61,(anonymous_3)
FN:81,(anonymous_4)
FN:101,(anonymous_5)
FNF:6
FNH:0
FNDA:0,(anonymous_0)
FNDA:0,(anonymous_1)
FNDA:0,(anonymous_2)
FNDA:0,(anonymous_3)
FNDA:0,(anonymous_4)
FNDA:0,(anonymous_5)
DA:1,7
DA:2,7
DA:4,7
DA:6,0
DA:7,0
DA:9,0
DA:10,0
DA:16,0
DA:17,0
DA:20,0
DA:21,0
DA:24,0
DA:25,0
DA:28,0
DA:29,0
DA:32,0
DA:36,0
DA:37,0
DA:38,0
DA:40,0
DA:41,0
DA:45,0
DA:46,0
DA:47,0
DA:48,0
DA:49,0
DA:51,0
DA:54,0
DA:55,0
DA:57,0
DA:62,0
DA:63,0
DA:66,0
DA:69,0
DA:71,0
DA:72,0
DA:75,0
DA:78,0
DA:83,0
DA:84,0
DA:85,0
DA:87,0
DA:89,0
DA:90,0
DA:93,0
DA:95,0
DA:96,0
DA:102,0
DA:103,0
DA:105,0
DA:106,0
DA:111,0
DA:116,0
DA:117,0
DA:122,0
DA:127,0
DA:134,7
LF:57
LH:4
BRDA:16,0,0,0
BRDA:16,0,1,0
BRDA:20,1,0,0
BRDA:20,1,1,0
BRDA:24,2,0,0
BRDA:24,2,1,0
BRDA:28,3,0,0
BRDA:28,3,1,0
BRDA:47,4,0,0
BRDA:47,4,1,0
BRDA:48,5,0,0
BRDA:48,5,1,0
BRDA:54,6,0,0
BRDA:54,6,1,0
BRDA:71,7,0,0
BRDA:71,7,1,0
BRDA:84,8,0,0
BRDA:84,8,1,0
BRDA:89,9,0,0
BRDA:89,9,1,0
BRDA:96,10,0,0
BRDA:96,10,1,0
BRDA:97,11,0,0
BRDA:97,11,1,0
BRDA:105,12,0,0
BRDA:105,12,1,0
BRDA:116,13,0,0
BRDA:116,13,1,0
BRF:28
BRH:0
end_of_record
TN:
SF:modules\user\user.model.js
FNF:0
FNH:0
DA:1,7
DA:3,7
DA:56,7
DA:58,7
LF:4
LH:4
BRF:0
BRH:0
end_of_record
TN:
SF:modules\user\user.routes.js
FNF:0
FNH:0
DA:1,7
DA:2,7
DA:3,7
DA:7,7
DA:9,7
DA:16,7
DA:17,7
DA:18,7
DA:19,7
DA:21,7
LF:10
LH:10
BRF:0
BRH:0
end_of_record
TN:
SF:modules\user\user.service.js
FN:7,(anonymous_0)
FN:22,(anonymous_1)
FN:71,(anonymous_2)
FN:79,(anonymous_3)
FN:88,(anonymous_4)
FN:102,(anonymous_5)
FN:111,(anonymous_6)
FN:121,(anonymous_7)
FN:140,(anonymous_8)
FN:179,(anonymous_9)
FNF:10
FNH:4
FNDA:6,(anonymous_0)
FNDA:6,(anonymous_1)
FNDA:12,(anonymous_2)
FNDA:0,(anonymous_3)
FNDA:0,(anonymous_4)
FNDA:0,(anonymous_5)
FNDA:0,(anonymous_6)
FNDA:0,(anonymous_7)
FNDA:2,(anonymous_8)
FNDA:0,(anonymous_9)
DA:1,7
DA:2,7
DA:3,7
DA:4,7
DA:6,7
DA:8,6
DA:9,6
DA:10,6
DA:11,6
DA:12,6
DA:13,6
DA:14,6
DA:15,0
DA:17,6
DA:19,0
DA:23,6
DA:24,6
DA:25,0
DA:28,6
DA:29,0
DA:33,6
DA:35,6
DA:37,6
DA:40,6
DA:41,0
DA:43,6
DA:57,6
DA:58,6
DA:60,6
DA:62,0
DA:63,0
DA:65,0
DA:66,0
DA:68,0
DA:72,12
DA:74,12
DA:76,0
DA:80,0
DA:81,0
DA:82,0
DA:84,0
DA:85,0
DA:89,0
DA:91,0
DA:93,0
DA:95,0
DA:96,0
DA:98,0
DA:99,0
DA:103,0
DA:105,0
DA:108,0
DA:111,0
DA:112,0
DA:113,0
DA:119,0
DA:120,0
DA:121,0
DA:122,0
DA:123,0
DA:128,0
DA:134,0
DA:136,0
DA:137,0
DA:141,2
DA:143,2
DA:146,2
DA:147,1
DA:148,1
DA:149,1
DA:154,1
DA:156,1
DA:171,1
DA:173,1
DA:175,1
DA:176,1
DA:180,0
DA:181,0
DA:187,0
DA:189,0
DA:190,0
DA:195,7
LF:82
LH:39
BRDA:11,0,0,0
BRDA:11,0,1,6
BRDA:14,1,0,0
BRDA:14,1,1,6
BRDA:14,2,0,6
BRDA:14,2,1,6
BRDA:14,2,2,6
BRDA:24,3,0,0
BRDA:24,3,1,6
BRDA:24,4,0,6
BRDA:24,4,1,6
BRDA:28,5,0,0
BRDA:28,5,1,6
BRDA:40,6,0,0
BRDA:40,6,1,6
BRDA:52,7,0,6
BRDA:52,7,1,6
BRDA:53,8,0,6
BRDA:53,8,1,6
BRDA:62,9,0,0
BRDA:62,9,1,0
BRDA:65,10,0,0
BRDA:65,10,1,0
BRDA:91,11,0,0
BRDA:91,11,1,0
BRDA:102,12,0,0
BRDA:112,13,0,0
BRDA:112,13,1,0
BRDA:119,14,0,0
BRDA:119,14,1,0
BRDA:122,15,0,0
BRDA:122,15,1,0
BRDA:146,16,0,1
BRDA:146,16,1,1
BRF:34
BRH:16
end_of_record
TN:
SF:modules\usersex\usersex.controller.js
FN:4,(anonymous_0)
FN:27,(anonymous_1)
FNF:2
FNH:2
FNDA:6,(anonymous_0)
FNDA:1,(anonymous_1)
DA:1,7
DA:3,7
DA:5,6
DA:6,6
DA:9,6
DA:10,1
DA:13,5
DA:15,5
DA:20,0
DA:21,0
DA:28,1
DA:29,1
DA:30,1
DA:32,0
DA:33,0
DA:40,7
LF:16
LH:12
BRDA:9,0,0,1
BRDA:9,0,1,5
BRDA:9,1,0,6
BRDA:9,1,1,6
BRDA:9,1,2,5
BRDA:22,2,0,0
BRDA:22,2,1,0
BRF:7
BRH:5
end_of_record
TN:
SF:modules\usersex\usersex.model.js
FNF:0
FNH:0
DA:1,7
DA:3,7
DA:10,7
DA:12,7
LF:4
LH:4
BRF:0
BRH:0
end_of_record
TN:
SF:modules\usersex\usersex.routes.js
FNF:0
FNH:0
DA:1,7
DA:2,7
DA:3,7
DA:4,7
DA:6,7
DA:7,7
DA:9,7
LF:7
LH:7
BRF:0
BRH:0
end_of_record
TN:
SF:modules\usersex\usersex.service.js
FN:4,(anonymous_0)
FN:25,(anonymous_1)
FNF:2
FNH:2
FNDA:5,(anonymous_0)
FNDA:2,(anonymous_1)
DA:1,7
DA:3,7
DA:5,5
DA:7,5
DA:8,5
DA:10,5
DA:17,5
DA:18,5
DA:20,0
DA:21,0
DA:26,2
DA:27,2
DA:29,1
DA:30,1
DA:35,7
LF:15
LH:13
BRDA:8,0,0,2
BRDA:8,0,1,3
BRDA:8,1,0,5
BRDA:8,1,1,2
BRF:4
BRH:4
end_of_record
