TN:
SF:app.js
FN:26,(anonymous_0)
FN:27,(anonymous_1)
FN:34,(anonymous_2)
FN:65,(anonymous_3)
FN:81,(anonymous_4)
FN:87,(anonymous_5)
FN:92,(anonymous_6)
FN:96,(anonymous_7)
FN:100,(anonymous_8)
FN:104,(anonymous_9)
FN:108,(anonymous_10)
FN:114,(anonymous_11)
FN:119,(anonymous_12)
FNF:13
FNH:7
FNDA:0,(anonymous_0)
FNDA:0,(anonymous_1)
FNDA:0,(anonymous_2)
FNDA:71,(anonymous_3)
FNDA:1,(anonymous_4)
FNDA:2,(anonymous_5)
FNDA:2,(anonymous_6)
FNDA:1,(anonymous_7)
FNDA:1,(anonymous_8)
FNDA:0,(anonymous_9)
FNDA:0,(anonymous_10)
FNDA:0,(anonymous_11)
FNDA:6,(anonymous_12)
DA:1,7
DA:2,7
DA:3,7
DA:4,7
DA:5,7
DA:6,7
DA:9,7
DA:10,7
DA:11,7
DA:12,7
DA:13,7
DA:14,7
DA:16,7
DA:17,7
DA:19,7
DA:24,7
DA:25,0
DA:26,0
DA:27,0
DA:34,7
DA:35,0
DA:37,0
DA:39,0
DA:40,0
DA:43,0
DA:44,0
DA:45,0
DA:48,0
DA:49,0
DA:51,0
DA:54,0
DA:55,0
DA:60,7
DA:61,7
DA:65,7
DA:66,71
DA:67,71
DA:70,7
DA:73,7
DA:74,7
DA:75,7
DA:76,7
DA:77,7
DA:81,7
DA:83,1
DA:87,7
DA:89,2
DA:90,2
DA:91,2
DA:93,2
DA:96,7
DA:97,1
DA:100,7
DA:101,1
DA:104,7
DA:105,0
DA:108,7
DA:109,0
DA:114,7
DA:116,7
DA:119,7
DA:120,6
DA:123,7
LF:63
LH:46
BRDA:17,0,0,7
BRDA:17,0,1,0
BRDA:19,1,0,7
BRDA:19,1,1,0
BRDA:20,2,0,7
BRDA:20,2,1,0
BRDA:21,3,0,0
BRDA:21,3,1,0
BRDA:24,4,0,0
BRDA:24,4,1,7
BRDA:35,5,0,0
BRDA:35,5,1,0
BRDA:37,6,0,0
BRDA:37,6,1,0
BRDA:39,7,0,0
BRDA:39,7,1,0
BRDA:44,8,0,0
BRDA:44,8,1,0
BRDA:48,9,0,0
BRDA:48,9,1,0
BRDA:89,10,0,2
BRDA:89,10,1,1
BRDA:90,11,0,0
BRDA:90,11,1,2
BRF:24
BRH:7
end_of_record
TN:
SF:middlewares\authMiddleware.js
FN:37,(anonymous_0)
FN:65,(anonymous_1)
FNF:2
FNH:2
FNDA:56,(anonymous_0)
FNDA:18,(anonymous_1)
DA:32,7
DA:33,7
DA:35,7
DA:38,56
DA:39,56
DA:40,56
DA:41,3
DA:44,53
DA:46,53
DA:49,52
DA:51,52
DA:52,52
DA:53,0
DA:54,0
DA:57,52
DA:58,52
DA:60,1
DA:61,1
DA:66,18
DA:68,18
DA:69,0
DA:70,0
DA:73,18
DA:74,18
DA:77,18
DA:79,18
DA:80,18
DA:82,18
DA:83,17
DA:84,17
DA:86,1
DA:89,0
DA:91,0
DA:96,7
LF:34
LH:28
BRDA:40,0,0,3
BRDA:40,0,1,53
BRDA:40,1,0,56
BRDA:40,1,1,53
BRDA:46,2,0,53
BRDA:46,2,1,0
BRDA:49,3,0,52
BRDA:49,3,1,19
BRDA:52,4,0,0
BRDA:52,4,1,52
BRDA:66,5,0,18
BRDA:66,5,1,18
BRDA:68,6,0,0
BRDA:68,6,1,18
BRDA:73,7,0,18
BRDA:73,7,1,0
BRDA:79,8,0,18
BRDA:79,8,1,0
BRDA:82,9,0,17
BRDA:82,9,1,1
BRF:20
BRH:15
end_of_record
TN:
SF:modules\admin\admin.controller.js
FN:5,(anonymous_0)
FN:14,(anonymous_1)
FN:31,(anonymous_2)
FN:40,(anonymous_3)
FN:56,(anonymous_4)
FN:93,(anonymous_5)
FNF:6
FNH:3
FNDA:1,(anonymous_0)
FNDA:3,(anonymous_1)
FNDA:0,(anonymous_2)
FNDA:5,(anonymous_3)
FNDA:0,(anonymous_4)
FNDA:0,(anonymous_5)
DA:1,7
DA:2,7
DA:4,7
DA:6,1
DA:7,1
DA:8,1
DA:10,0
DA:15,3
DA:16,3
DA:17,3
DA:19,3
DA:20,1
DA:23,2
DA:24,1
DA:26,1
DA:27,1
DA:32,0
DA:33,0
DA:34,0
DA:36,0
DA:41,5
DA:42,5
DA:43,5
DA:44,1
DA:47,4
DA:48,3
DA:50,2
DA:52,1
DA:57,0
DA:58,0
DA:59,0
DA:62,0
DA:63,0
DA:67,0
DA:68,0
DA:71,0
DA:72,0
DA:73,0
DA:74,0
DA:75,0
DA:76,0
DA:77,0
DA:80,0
DA:82,0
DA:89,0
DA:94,0
DA:95,0
DA:96,0
DA:97,0
DA:99,0
DA:104,7
LF:51
LH:24
BRDA:19,0,0,1
BRDA:19,0,1,2
BRDA:26,1,0,1
BRDA:26,1,1,1
BRDA:27,2,0,1
BRDA:27,2,1,0
BRDA:43,3,0,1
BRDA:43,3,1,4
BRDA:48,4,0,1
BRDA:48,4,1,2
BRDA:62,5,0,0
BRDA:62,5,1,0
BRDA:67,6,0,0
BRDA:67,6,1,0
BRDA:72,7,0,0
BRDA:72,7,1,0
BRDA:74,8,0,0
BRDA:74,8,1,0
BRDA:75,9,0,0
BRDA:75,9,1,0
BRDA:83,10,0,0
BRDA:83,10,1,0
BRDA:99,11,0,0
BRDA:99,11,1,0
BRF:24
BRH:9
end_of_record
TN:
SF:modules\admin\admin.routes.js
FN:17,(anonymous_0)
FN:37,(anonymous_1)
FNF:2
FNH:2
FNDA:1,(anonymous_0)
FNDA:1,(anonymous_1)
DA:1,7
DA:2,7
DA:3,7
DA:4,7
DA:5,7
DA:6,7
DA:9,7
DA:12,7
DA:13,7
DA:14,7
DA:17,7
DA:18,1
DA:19,1
DA:20,1
DA:22,1
DA:31,1
DA:32,1
DA:34,0
DA:37,7
DA:38,1
DA:39,1
DA:48,1
DA:49,1
DA:51,0
DA:56,7
DA:57,7
DA:59,7
LF:27
LH:25
BRDA:31,0,0,0
BRDA:31,0,1,1
BRDA:48,1,0,0
BRDA:48,1,1,1
BRF:4
BRH:2
end_of_record
TN:
SF:modules\admin\admin.service.js
FN:8,(anonymous_0)
FN:18,(anonymous_1)
FN:37,(anonymous_2)
FN:49,(anonymous_3)
FN:57,(anonymous_4)
FN:78,(anonymous_5)
FNF:6
FNH:4
FNDA:2,(anonymous_0)
FNDA:1,(anonymous_1)
FNDA:3,(anonymous_2)
FNDA:2,(anonymous_3)
FNDA:0,(anonymous_4)
FNDA:0,(anonymous_5)
DA:1,7
DA:2,7
DA:3,7
DA:4,7
DA:5,7
DA:7,7
DA:9,2
DA:10,2
DA:11,1
DA:13,1
DA:14,1
DA:19,1
DA:20,1
DA:25,1
DA:26,0
DA:27,0
DA:28,0
DA:30,1
DA:32,0
DA:33,0
DA:38,3
DA:39,3
DA:40,3
DA:42,2
DA:43,2
DA:45,0
DA:50,2
DA:51,1
DA:52,1
DA:54,1
DA:58,0
DA:59,0
DA:60,0
DA:63,0
DA:64,0
DA:67,0
DA:68,0
DA:69,0
DA:71,0
DA:73,0
DA:74,0
DA:79,0
DA:80,0
DA:86,0
DA:87,0
DA:89,0
DA:94,7
LF:47
LH:25
BRDA:25,0,0,0
BRDA:25,0,1,1
BRDA:40,1,0,1
BRDA:40,1,1,2
BRDA:60,2,0,0
BRDA:60,2,1,0
BRDA:63,3,0,0
BRDA:63,3,1,0
BRDA:86,4,0,0
BRDA:86,4,1,0
BRF:10
BRH:3
end_of_record
TN:
SF:modules\auth\auth.controller.js
FN:15,(anonymous_0)
FN:36,(anonymous_1)
FN:57,(anonymous_2)
FN:108,(anonymous_3)
FN:130,(anonymous_4)
FN:138,(anonymous_5)
FN:142,(anonymous_6)
FN:167,(anonymous_7)
FNF:8
FNH:5
FNDA:1,(anonymous_0)
FNDA:6,(anonymous_1)
FNDA:10,(anonymous_2)
FNDA:0,(anonymous_3)
FNDA:0,(anonymous_4)
FNDA:0,(anonymous_5)
FNDA:2,(anonymous_6)
FNDA:4,(anonymous_7)
DA:1,7
DA:2,7
DA:5,7
DA:15,7
DA:16,1
DA:17,1
DA:19,1
DA:32,1
DA:35,7
DA:37,6
DA:38,6
DA:39,6
DA:41,6
DA:48,6
DA:53,0
DA:58,10
DA:59,10
DA:62,10
DA:63,1
DA:66,1
DA:67,0
DA:70,0
DA:72,0
DA:73,0
DA:74,0
DA:78,0
DA:79,0
DA:83,0
DA:90,1
DA:94,9
DA:95,1
DA:96,1
DA:97,1
DA:101,0
DA:104,8
DA:109,0
DA:110,0
DA:111,0
DA:113,0
DA:114,0
DA:116,0
DA:124,0
DA:126,0
DA:131,0
DA:132,0
DA:133,0
DA:135,0
DA:139,0
DA:143,2
DA:144,2
DA:145,2
DA:147,1
DA:149,1
DA:160,1
DA:162,1
DA:168,4
DA:169,4
DA:170,4
DA:171,1
DA:173,3
DA:178,7
LF:61
LH:38
BRDA:53,0,0,0
BRDA:53,0,1,0
BRDA:66,1,0,0
BRDA:66,1,1,1
BRDA:70,2,0,0
BRDA:70,2,1,0
BRDA:70,3,0,0
BRDA:70,3,1,0
BRDA:79,4,0,0
BRDA:79,4,1,0
BRDA:94,5,0,1
BRDA:94,5,1,8
BRDA:111,6,0,0
BRDA:111,6,1,0
BRDA:114,7,0,0
BRDA:114,7,1,0
BRF:16
BRH:3
end_of_record
TN:
SF:modules\auth\auth.routes.js
FNF:0
FNH:0
DA:1,7
DA:2,7
DA:3,7
DA:4,7
DA:6,7
DA:7,7
DA:8,7
DA:9,7
DA:10,7
DA:11,7
DA:13,7
LF:11
LH:11
BRF:0
BRH:0
end_of_record
TN:
SF:modules\auth\auth.service.js
FN:8,(anonymous_0)
FN:11,(anonymous_1)
FN:87,(anonymous_2)
FN:102,(anonymous_3)
FN:120,(anonymous_4)
FN:135,(anonymous_5)
FNF:6
FNH:5
FNDA:6,(anonymous_0)
FNDA:10,(anonymous_1)
FNDA:0,(anonymous_2)
FNDA:1,(anonymous_3)
FNDA:2,(anonymous_4)
FNDA:4,(anonymous_5)
DA:1,7
DA:2,7
DA:3,7
DA:4,7
DA:5,7
DA:7,7
DA:9,6
DA:12,10
DA:14,10
DA:16,10
DA:17,1
DA:21,9
DA:22,1
DA:26,8
DA:27,1
DA:30,7
DA:31,0
DA:34,7
DA:35,0
DA:37,0
DA:38,0
DA:39,0
DA:40,0
DA:42,0
DA:45,0
DA:50,7
DA:52,7
DA:54,6
DA:56,6
DA:57,1
DA:58,1
DA:59,1
DA:62,5
DA:63,5
DA:67,1
DA:68,1
DA:69,1
DA:70,1
DA:72,1
DA:78,1
DA:84,9
DA:89,0
DA:92,0
DA:95,0
DA:96,0
DA:97,0
DA:99,0
DA:100,0
DA:103,1
DA:105,1
DA:106,1
DA:109,1
DA:112,1
DA:114,1
DA:115,1
DA:117,1
DA:121,2
DA:122,2
DA:125,1
DA:128,1
DA:129,1
DA:131,1
DA:132,1
DA:137,4
DA:142,4
DA:145,1
DA:146,1
DA:147,1
DA:149,1
DA:150,1
DA:154,7
LF:71
LH:56
BRDA:16,0,0,1
BRDA:16,0,1,9
BRDA:21,1,0,1
BRDA:21,1,1,8
BRDA:21,2,0,9
BRDA:21,2,1,1
BRDA:26,3,0,1
BRDA:26,3,1,7
BRDA:30,4,0,0
BRDA:30,4,1,7
BRDA:34,5,0,0
BRDA:34,5,1,7
BRDA:35,6,0,0
BRDA:35,6,1,0
BRDA:35,7,0,0
BRDA:35,7,1,0
BRDA:42,8,0,0
BRDA:42,8,1,0
BRDA:52,9,0,6
BRDA:52,9,1,1
BRDA:56,10,0,1
BRDA:56,10,1,5
BRDA:92,11,0,0
BRDA:92,11,1,0
BRDA:105,12,0,0
BRDA:105,12,1,1
BRDA:106,13,0,0
BRDA:106,13,1,1
BRDA:122,14,0,1
BRDA:122,14,1,1
BRDA:142,15,0,3
BRDA:142,15,1,1
BRF:32
BRH:20
end_of_record
TN:
SF:modules\deleteduser\deleteduser.controller.js
FN:6,(anonymous_0)
FN:16,(anonymous_1)
FN:27,(anonymous_2)
FN:38,(anonymous_3)
FN:50,(anonymous_4)
FNF:5
FNH:0
FNDA:0,(anonymous_0)
FNDA:0,(anonymous_1)
FNDA:0,(anonymous_2)
FNDA:0,(anonymous_3)
FNDA:0,(anonymous_4)
DA:1,7
DA:3,7
DA:7,0
DA:8,0
DA:9,0
DA:11,0
DA:17,0
DA:18,0
DA:19,0
DA:20,0
DA:22,0
DA:28,0
DA:29,0
DA:30,0
DA:31,0
DA:33,0
DA:39,0
DA:40,0
DA:41,0
DA:42,0
DA:44,0
DA:45,0
DA:47,0
DA:51,0
DA:52,0
DA:54,0
DA:55,0
DA:60,0
DA:62,0
DA:67,7
LF:30
LH:3
BRDA:19,0,0,0
BRDA:19,0,1,0
BRDA:30,1,0,0
BRDA:30,1,1,0
BRDA:41,2,0,0
BRDA:41,2,1,0
BRDA:44,3,0,0
BRDA:44,3,1,0
BRDA:54,4,0,0
BRDA:54,4,1,0
BRF:10
BRH:0
end_of_record
TN:
SF:modules\deleteduser\deleteduser.model.js
FNF:0
FNH:0
DA:1,7
DA:3,7
DA:21,7
DA:22,7
LF:4
LH:4
BRF:0
BRH:0
end_of_record
TN:
SF:modules\deleteduser\deleteduser.routes.js
FNF:0
FNH:0
DA:1,7
DA:2,7
DA:3,7
DA:4,7
DA:7,7
DA:11,7
DA:14,7
DA:17,7
DA:18,7
DA:19,7
DA:21,7
LF:11
LH:11
BRF:0
BRH:0
end_of_record
TN:
SF:modules\deleteduser\deleteduser.service.js
FN:5,(anonymous_0)
FN:26,(anonymous_1)
FN:35,(anonymous_2)
FN:44,(anonymous_3)
FN:52,(anonymous_4)
FNF:5
FNH:0
FNDA:0,(anonymous_0)
FNDA:0,(anonymous_1)
FNDA:0,(anonymous_2)
FNDA:0,(anonymous_3)
FNDA:0,(anonymous_4)
DA:1,7
DA:2,7
DA:4,7
DA:6,0
DA:8,0
DA:9,0
DA:10,0
DA:14,0
DA:15,0
DA:18,0
DA:20,0
DA:22,0
DA:23,0
DA:27,0
DA:28,0
DA:29,0
DA:31,0
DA:32,0
DA:36,0
DA:37,0
DA:38,0
DA:40,0
DA:41,0
DA:45,0
DA:46,0
DA:48,0
DA:49,0
DA:53,0
DA:54,0
DA:59,0
DA:61,0
DA:62,0
DA:68,7
LF:33
LH:4
BRDA:9,0,0,0
BRDA:9,0,1,0
BRF:2
BRH:0
end_of_record
TN:
SF:modules\user\user.controller.js
FN:5,(anonymous_0)
FN:35,(anonymous_1)
FN:44,(anonymous_2)
FN:61,(anonymous_3)
FN:100,(anonymous_4)
FN:120,(anonymous_5)
FNF:6
FNH:4
FNDA:5,(anonymous_0)
FNDA:0,(anonymous_1)
FNDA:3,(anonymous_2)
FNDA:4,(anonymous_3)
FNDA:4,(anonymous_4)
FNDA:0,(anonymous_5)
DA:1,7
DA:2,7
DA:4,7
DA:6,5
DA:7,5
DA:9,5
DA:10,1
DA:16,4
DA:17,0
DA:20,4
DA:21,0
DA:24,4
DA:25,0
DA:28,4
DA:29,0
DA:32,4
DA:36,0
DA:37,0
DA:38,0
DA:40,0
DA:41,0
DA:45,3
DA:46,3
DA:47,0
DA:48,0
DA:49,0
DA:51,0
DA:54,3
DA:55,3
DA:57,0
DA:62,4
DA:63,4
DA:64,4
DA:65,4
DA:68,4
DA:69,0
DA:73,4
DA:76,4
DA:78,3
DA:79,1
DA:82,2
DA:85,1
DA:86,1
DA:89,0
DA:90,0
DA:93,0
DA:94,0
DA:97,0
DA:102,4
DA:103,4
DA:104,2
DA:106,2
DA:108,1
DA:109,0
DA:112,1
DA:114,1
DA:115,1
DA:121,0
DA:122,0
DA:124,0
DA:125,0
DA:130,0
DA:135,0
DA:136,0
DA:141,0
DA:146,0
DA:153,7
LF:67
LH:37
BRDA:16,0,0,0
BRDA:16,0,1,4
BRDA:20,1,0,0
BRDA:20,1,1,4
BRDA:24,2,0,0
BRDA:24,2,1,4
BRDA:28,3,0,0
BRDA:28,3,1,4
BRDA:47,4,0,0
BRDA:47,4,1,0
BRDA:48,5,0,0
BRDA:48,5,1,0
BRDA:54,6,0,3
BRDA:54,6,1,0
BRDA:68,7,0,0
BRDA:68,7,1,4
BRDA:68,8,0,4
BRDA:68,8,1,4
BRDA:78,9,0,1
BRDA:78,9,1,2
BRDA:85,10,0,1
BRDA:85,10,1,0
BRDA:89,11,0,0
BRDA:89,11,1,0
BRDA:93,12,0,0
BRDA:93,12,1,0
BRDA:103,13,0,2
BRDA:103,13,1,2
BRDA:108,14,0,0
BRDA:108,14,1,1
BRDA:115,15,0,1
BRDA:115,15,1,0
BRDA:116,16,0,1
BRDA:116,16,1,0
BRDA:124,17,0,0
BRDA:124,17,1,0
BRDA:135,18,0,0
BRDA:135,18,1,0
BRF:38
BRH:16
end_of_record
TN:
SF:modules\user\user.model.js
FNF:0
FNH:0
DA:1,7
DA:3,7
DA:56,7
DA:58,7
LF:4
LH:4
BRF:0
BRH:0
end_of_record
TN:
SF:modules\user\user.routes.js
FNF:0
FNH:0
DA:1,7
DA:2,7
DA:3,7
DA:4,7
DA:7,7
DA:10,7
DA:13,7
DA:16,7
DA:17,7
DA:18,7
DA:19,7
DA:21,7
LF:12
LH:12
BRF:0
BRH:0
end_of_record
TN:
SF:modules\user\user.service.js
FN:6,(anonymous_0)
FN:21,(anonymous_1)
FN:70,(anonymous_2)
FN:78,(anonymous_3)
FN:87,(anonymous_4)
FN:96,(anonymous_5)
FN:105,(anonymous_6)
FN:115,(anonymous_7)
FN:134,(anonymous_8)
FN:173,(anonymous_9)
FNF:10
FNH:8
FNDA:9,(anonymous_0)
FNDA:11,(anonymous_1)
FNDA:12,(anonymous_2)
FNDA:0,(anonymous_3)
FNDA:3,(anonymous_4)
FNDA:4,(anonymous_5)
FNDA:24,(anonymous_6)
FNDA:16,(anonymous_7)
FNDA:4,(anonymous_8)
FNDA:0,(anonymous_9)
DA:1,7
DA:2,7
DA:3,7
DA:5,7
DA:7,9
DA:8,9
DA:9,9
DA:10,9
DA:11,9
DA:12,9
DA:13,9
DA:14,1
DA:16,9
DA:18,0
DA:22,11
DA:23,11
DA:24,1
DA:27,10
DA:28,1
DA:32,9
DA:34,9
DA:36,9
DA:39,9
DA:40,1
DA:42,8
DA:56,7
DA:57,7
DA:59,7
DA:61,4
DA:62,0
DA:64,4
DA:65,1
DA:67,3
DA:71,12
DA:73,12
DA:75,0
DA:79,0
DA:80,0
DA:81,0
DA:83,0
DA:84,0
DA:88,3
DA:89,3
DA:90,0
DA:92,3
DA:93,3
DA:97,4
DA:99,4
DA:102,4
DA:105,4
DA:106,24
DA:107,4
DA:113,4
DA:114,4
DA:115,4
DA:116,16
DA:117,0
DA:122,4
DA:128,3
DA:130,1
DA:131,1
DA:135,4
DA:137,4
DA:140,4
DA:141,2
DA:142,2
DA:143,2
DA:148,2
DA:150,2
DA:165,2
DA:167,2
DA:169,2
DA:170,2
DA:174,0
DA:175,0
DA:181,0
DA:183,0
DA:184,0
DA:189,7
LF:79
LH:64
BRDA:10,0,0,0
BRDA:10,0,1,9
BRDA:13,1,0,1
BRDA:13,1,1,8
BRDA:13,2,0,9
BRDA:13,2,1,8
BRDA:13,2,2,8
BRDA:23,3,0,1
BRDA:23,3,1,10
BRDA:23,4,0,11
BRDA:23,4,1,10
BRDA:27,5,0,1
BRDA:27,5,1,9
BRDA:39,6,0,1
BRDA:39,6,1,8
BRDA:51,7,0,8
BRDA:51,7,1,8
BRDA:52,8,0,8
BRDA:52,8,1,8
BRDA:61,9,0,0
BRDA:61,9,1,4
BRDA:64,10,0,1
BRDA:64,10,1,3
BRDA:96,11,0,0
BRDA:106,12,0,4
BRDA:106,12,1,20
BRDA:113,13,0,4
BRDA:113,13,1,0
BRDA:116,14,0,0
BRDA:116,14,1,16
BRDA:140,15,0,2
BRDA:140,15,1,2
BRF:32
BRH:27
end_of_record
TN:
SF:modules\usersex\usersex.controller.js
FN:4,(anonymous_0)
FN:27,(anonymous_1)
FNF:2
FNH:1
FNDA:6,(anonymous_0)
FNDA:0,(anonymous_1)
DA:1,7
DA:3,7
DA:5,6
DA:6,6
DA:9,6
DA:10,1
DA:13,5
DA:15,5
DA:20,0
DA:21,0
DA:28,0
DA:29,0
DA:30,0
DA:32,0
DA:33,0
DA:40,7
LF:16
LH:9
BRDA:9,0,0,1
BRDA:9,0,1,5
BRDA:9,1,0,6
BRDA:9,1,1,6
BRDA:9,1,2,5
BRDA:22,2,0,0
BRDA:22,2,1,0
BRF:7
BRH:5
end_of_record
TN:
SF:modules\usersex\usersex.model.js
FNF:0
FNH:0
DA:1,7
DA:3,7
DA:10,7
DA:12,7
LF:4
LH:4
BRF:0
BRH:0
end_of_record
TN:
SF:modules\usersex\usersex.routes.js
FNF:0
FNH:0
DA:1,7
DA:2,7
DA:3,7
DA:4,7
DA:6,7
DA:7,7
DA:9,7
LF:7
LH:7
BRF:0
BRH:0
end_of_record
TN:
SF:modules\usersex\usersex.service.js
FN:4,(anonymous_0)
FN:25,(anonymous_1)
FNF:2
FNH:2
FNDA:5,(anonymous_0)
FNDA:1,(anonymous_1)
DA:1,7
DA:3,7
DA:5,5
DA:7,5
DA:8,5
DA:10,5
DA:17,5
DA:18,5
DA:20,0
DA:21,0
DA:26,1
DA:27,1
DA:29,1
DA:30,1
DA:35,7
LF:15
LH:13
BRDA:8,0,0,2
BRDA:8,0,1,3
BRDA:8,1,0,5
BRDA:8,1,1,2
BRF:4
BRH:4
end_of_record
